Log file open, 10/08/22 13:31:52
LogInit: Display: Running engine for game: FactoryGame
LogInit: Display: Project file not found: E:/SteamLibrary/steamapps/common/Satisfactory/FactoryGame/FactoryGame.uproject
LogInit: Display: 	Attempting to find via project info helper.
LogUProjectInfo: Found projects:
LogPakFile: Display: Found Pak file ../../../FactoryGame/Content/Paks/FactoryGame-WindowsNoEditor.pak attempting to mount.
LogPakFile: Display: Mounting pak file ../../../FactoryGame/Content/Paks/FactoryGame-WindowsNoEditor.pak.
LogPakFile: PakFile PrimaryIndexSize=865794
LogPakFile: PakFile PathHashIndexSize=803921
LogPakFile: PakFile FullDirectoryIndexSize=2263383
LogPakFile: OnPakFileMounted2Time == 0.000006
LogPlatformFile: Not using cached read wrapper
LogTaskGraph: Started task graph with 4 named threads and 13 total threads with 3 sets of task threads.
LogD3D11RHI: Loaded GFSDK_Aftermath_Lib.x64.dll
LogICUInternationalization: ICU TimeZone Detection - Raw Offset: -3:00, Platform Override: ''
LogPluginManager: Mounting plugin ReplicationGraph
LogPluginManager: Mounting plugin DTLSHandlerComponent
LogPluginManager: Mounting plugin Wwise
LogPluginManager: Mounting plugin GeometryMode
LogPluginManager: Mounting plugin ApexDestruction
LogPluginManager: Mounting plugin BlueprintStats
LogPluginManager: Mounting plugin OnlineFramework
LogPluginManager: Mounting plugin OnlineSubsystem
LogPluginManager: Mounting plugin OnlineSubsystemUtils
LogPluginManager: Mounting plugin LensDistortion
LogPluginManager: Mounting plugin WindowsDeviceProfileSelector
LogPluginManager: Mounting plugin SteamController
LogPluginManager: Mounting plugin SteamShared
LogPluginManager: Mounting plugin RawInput
LogPluginManager: Mounting plugin MfMedia
LogPluginManager: Mounting plugin OnlineSubsystemSteam
LogPluginManager: Mounting plugin OnlineSubsystemEOS
LogPluginManager: Mounting plugin SignificanceManager
LogPluginManager: Mounting plugin PythonScriptPlugin
LogPluginManager: Mounting plugin EditorScriptingUtilities
LogPluginManager: Mounting plugin EditorTests
LogPluginManager: Mounting plugin FbxAutomationTestBuilder
LogPluginManager: Mounting plugin FunctionalTestingEditor
LogPluginManager: Mounting plugin RuntimeTests
LogPluginManager: Mounting plugin ScreenshotTools
LogPluginManager: Mounting plugin Landmass
LogPluginManager: Mounting plugin ControlRig
LogPluginManager: Mounting plugin LevelSequenceEditor
LogPluginManager: Mounting plugin FullBodyIK
LogPluginManager: Mounting plugin DSTelemetry
LogPluginManager: Mounting plugin CSSEditorToolsExtension
LogPluginManager: Mounting plugin Paper2D
LogPluginManager: Mounting plugin AISupport
LogPluginManager: Mounting plugin EnvironmentQueryEditor
LogPluginManager: Mounting plugin LightPropagationVolume
LogPluginManager: Mounting plugin AnimationSharing
LogPluginManager: Mounting plugin PluginUtils
LogPluginManager: Mounting plugin PropertyAccessEditor
LogPluginManager: Mounting plugin UObjectPlugin
LogPluginManager: Mounting plugin AssetManagerEditor
LogPluginManager: Mounting plugin FacialAnimation
LogPluginManager: Mounting plugin SpeedTreeImporter
LogPluginManager: Mounting plugin DatasmithContent
LogPluginManager: Mounting plugin VariantManagerContent
LogPluginManager: Mounting plugin AlembicImporter
LogPluginManager: Mounting plugin GeometryCache
LogPluginManager: Mounting plugin AutomationUtils
LogPluginManager: Mounting plugin BackChannel
LogPluginManager: Mounting plugin ChaosClothEditor
LogPluginManager: Mounting plugin ChaosCloth
LogPluginManager: Mounting plugin ChaosEditor
LogPluginManager: Mounting plugin PlanarCut
LogPluginManager: Mounting plugin GeometryProcessing
LogPluginManager: Mounting plugin EditableMesh
LogPluginManager: Mounting plugin GeometryCollectionPlugin
LogPluginManager: Mounting plugin ProceduralMeshComponent
LogPluginManager: Mounting plugin ChaosSolverPlugin
LogPluginManager: Mounting plugin ChaosNiagara
LogPluginManager: Mounting plugin Niagara
LogPluginManager: Mounting plugin CharacterAI
LogPluginManager: Mounting plugin MotoSynth
LogPluginManager: Mounting plugin PlatformCrypto
LogPluginManager: Mounting plugin MagicLeapPassableWorld
LogPluginManager: Mounting plugin MLSDK
LogPluginManager: Mounting plugin ImgMedia
LogPluginManager: Mounting plugin MediaCompositing
LogPluginManager: Mounting plugin WmfMedia
LogPluginManager: Mounting plugin MeshPainting
LogPluginManager: Mounting plugin TcpMessaging
LogPluginManager: Mounting plugin UdpMessaging
LogPluginManager: Mounting plugin ActorSequence
LogPluginManager: Mounting plugin MatineeToLevelSequence
LogPluginManager: Mounting plugin TemplateSequence
LogPluginManager: Mounting plugin OnlineSubsystemNull
LogPluginManager: Mounting plugin LauncherChunkInstaller
LogPluginManager: Mounting plugin ActorLayerUtilities
LogPluginManager: Mounting plugin AppleImageUtils
LogPluginManager: Mounting plugin AssetTags
LogPluginManager: Mounting plugin AudioCapture
LogPluginManager: Mounting plugin CableComponent
LogPluginManager: Mounting plugin ChunkDownloader
LogPluginManager: Mounting plugin CustomMeshComponent
LogPluginManager: Mounting plugin ExampleDeviceProfileSelector
LogPluginManager: Mounting plugin GooglePAD
LogPluginManager: Mounting plugin PhysXVehicles
LogPluginManager: Mounting plugin RuntimePhysXCooking
LogPluginManager: Mounting plugin SoundFields
LogPluginManager: Mounting plugin Synthesis
LogPluginManager: Mounting plugin AudioSynesthesia
LogPluginManager: Mounting plugin WebMMoviePlayer
LogPluginManager: Mounting plugin WebMMedia
LogPluginManager: Mounting plugin WindowsMoviePlayer
LogPluginManager: Mounting plugin ComplementMoreMilestone
LogPluginManager: Mounting plugin MiniMap
LogPluginManager: Mounting plugin ModularUI
LogPluginManager: Mounting plugin MoreMilestones
LogPluginManager: Mounting plugin OtherComp3
LogPluginManager: Mounting plugin RefinedPower
LogPluginManager: Mounting plugin RefinedRDLib
LogPluginManager: Mounting plugin SML
LogPakFile: PakFile PrimaryIndexSize=46475
LogPakFile: PakFile PathHashIndexSize=46328
LogPakFile: PakFile FullDirectoryIndexSize=134104
LogPakFile: OnPakFileMounted2Time == 0.000007
LogPakFile: PakFile PrimaryIndexSize=835
LogPakFile: PakFile PathHashIndexSize=757
LogPakFile: PakFile FullDirectoryIndexSize=1775
LogPakFile: OnPakFileMounted2Time == 0.000007
LogPakFile: PakFile PrimaryIndexSize=10929
LogPakFile: PakFile PathHashIndexSize=10796
LogPakFile: PakFile FullDirectoryIndexSize=27800
LogPakFile: OnPakFileMounted2Time == 0.000008
LogPakFile: PakFile PrimaryIndexSize=96038
LogPakFile: PakFile PathHashIndexSize=95900
LogPakFile: PakFile FullDirectoryIndexSize=261289
LogPakFile: OnPakFileMounted2Time == 0.000009
LogPakFile: PakFile PrimaryIndexSize=24850
LogPakFile: PakFile PathHashIndexSize=24716
LogPakFile: PakFile FullDirectoryIndexSize=57883
LogPakFile: OnPakFileMounted2Time == 0.000010
LogPakFile: PakFile PrimaryIndexSize=24648
LogPakFile: PakFile PathHashIndexSize=24569
LogPakFile: PakFile FullDirectoryIndexSize=85375
LogPakFile: OnPakFileMounted2Time == 0.000011
LogPakFile: PakFile PrimaryIndexSize=1956
LogPakFile: PakFile PathHashIndexSize=1877
LogPakFile: PakFile FullDirectoryIndexSize=5237
LogPakFile: OnPakFileMounted2Time == 0.000012
LogPakFile: PakFile PrimaryIndexSize=1215
LogPakFile: PakFile PathHashIndexSize=1172
LogPakFile: PakFile FullDirectoryIndexSize=3526
LogPakFile: OnPakFileMounted2Time == 0.000013
LogInit: Using libcurl 7.55.1-DEV
LogInit:  - built for x86_64-pc-win32
LogInit:  - supports SSL with OpenSSL/1.1.1
LogInit:  - supports HTTP deflate (compression) using libz 1.2.8
LogInit:  - other features:
LogInit:      CURL_VERSION_SSL
LogInit:      CURL_VERSION_LIBZ
LogInit:      CURL_VERSION_IPV6
LogInit:      CURL_VERSION_ASYNCHDNS
LogInit:      CURL_VERSION_LARGEFILE
LogInit:      CURL_VERSION_IDN
LogInit:  CurlRequestOptions (configurable via config and command line):
LogInit:  - bVerifyPeer = true  - Libcurl will verify peer certificate
LogInit:  - bUseHttpProxy = false  - Libcurl will NOT use HTTP proxy
LogInit:  - bDontReuseConnections = false  - Libcurl will reuse connections
LogInit:  - MaxHostConnections = 16  - Libcurl will limit the number of connections to a host
LogInit:  - LocalHostAddr = Default
LogInit:  - BufferSize = 65536
LogInit: WinSock: version 1.1 (2.2), MaxSocks=32767, MaxUdp=65467
LogOnline: OSS: Creating online subsystem instance for: EOS
LogOnline: OSS: FOnlineSubsystemEOS: Init success.
LogSteamShared: Display: Loading Steam SDK 1.47
LogSteamShared: Steam SDK Loaded!
LogOnline: OSS: Creating online subsystem instance for: STEAM
LogGenericPlatformMisc: Error: SetEnvironmentVar not implemented for this platform: SteamAppId = 526870
LogOnline: STEAM: Game restarting within Steam client, exiting
LogWindows: FPlatformMisc::RequestExit(0)
LogCore: Engine exit requested (reason: Win RequestExit)
LogOnline: Display: STEAM: OnlineSubsystemSteam::Shutdown()
LogOnline: Warning: STEAM: Steam API failed to initialize!
LogOnline: Display: STEAM: OnlineSubsystemSteam::Shutdown()
LogOnline: OSS: Unable to create OnlineSubsystem module STEAM
LogOnline: OSS: TryLoadSubsystemAndSetDefault: Loaded subsystem for module [EOS]
LogOnline: OSS: Creating online subsystem instance for: STEAM
LogGenericPlatformMisc: Error: SetEnvironmentVar not implemented for this platform: SteamAppId = 526870
LogOnline: STEAM: Game restarting within Steam client, exiting
LogWindows: FPlatformMisc::RequestExit(0)
LogCore: Engine exit requested (reason: Win RequestExit; note: exit was already requested)
LogOnline: Display: STEAM: OnlineSubsystemSteam::Shutdown()
LogOnline: Warning: STEAM: Steam API failed to initialize!
LogOnline: Display: STEAM: OnlineSubsystemSteam::Shutdown()
LogLuminAPIImpl: Warning: MLSDK not found.  This likely means the MLSDK environment variable is not set.
LogWmfMedia: Failed to load mf.dll
LogWmfMedia: Failed to load required Windows Media Foundation libraries
LogInit: Build: ++FactoryGame+rel-main-0.6.0-CL-202470
LogInit: Engine Version: 4.26.2-202470+++FactoryGame+rel-main-0.6.0
LogInit: Compatible Engine Version: 4.26.2-202470+++FactoryGame+rel-main-0.6.0
LogInit: Net CL: 202470
LogInit: OS: Windows 10 (Release 2009) (), CPU:         Intel(R) Core(TM) i5-2400 CPU @ 3.10GHz, GPU: NVIDIA GeForce GTX 1050 Ti
LogInit: Compiled (64-bit): Sep 27 2022 18:39:00
LogInit: Compiled with Visual C++: 19.24.28325.00
LogInit: Build Configuration: Shipping
LogInit: Branch Name: ++FactoryGame+rel-main-0.6.0
LogInit: Command Line: 
LogInit: Base Directory: E:/SteamLibrary/steamapps/common/Satisfactory/Engine/Binaries/Win64/
LogInit: Allocator: binned2
LogInit: Installed Engine Build: 1
LogInit: Launcher File: E:/SteamLibrary/steamapps/common/Satisfactory/launcher_id
LogInit: Launcher ID: steam
LogInit: Launcher Artifact: 
LogInit: Presizing for max 2097152 objects, including 1 objects not considered by GC, pre-allocating 0 bytes for permanent pool.
LogStreaming: Display: Async Loading initialized: Event Driven Loader: true, Async Loading Thread: true, Async Post Load: true
LogInit: Object subsystem initialized
[2022.10.08-16.31.53:708][  0]LogInit: Selected Device Profile: [WindowsNoEditor]
[2022.10.08-16.31.53:708][  0]LogInit: Applying CVar settings loaded from the selected device profile: [WindowsNoEditor]
[2022.10.08-16.31.53:708][  0]LogHAL: Display: Platform has ~ 12 GB [12841185280 / 17179869184 / 12], which maps to Larger [LargestMinGB=32, LargerMinGB=12, DefaultMinGB=8, SmallerMinGB=6, SmallestMinGB=0)
[2022.10.08-16.31.53:708][  0]LogInit: Going up to parent DeviceProfile [Windows]
[2022.10.08-16.31.53:709][  0]LogInit: Going up to parent DeviceProfile []
[2022.10.08-16.31.53:709][  0]LogInit: Computer: DESKTOP-C496C71
[2022.10.08-16.31.53:709][  0]LogInit: User: red
[2022.10.08-16.31.53:709][  0]LogInit: CPU Page size=4096, Cores=4
[2022.10.08-16.31.53:709][  0]LogInit: High frequency timer resolution =10.000000 MHz
[2022.10.08-16.31.53:709][  0]LogMemory: Memory total: Physical=12.0GB (12GB approx)
[2022.10.08-16.31.53:709][  0]LogMemory: Platform Memory Stats for WindowsNoEditor
[2022.10.08-16.31.53:709][  0]LogMemory: Process Physical Memory: 105.30 MB used, 105.30 MB peak
[2022.10.08-16.31.53:709][  0]LogMemory: Process Virtual Memory: 95.70 MB used, 95.70 MB peak
[2022.10.08-16.31.53:709][  0]LogMemory: Physical Memory: 5552.12 MB used,  6694.19 MB free, 12246.31 MB total
[2022.10.08-16.31.53:709][  0]LogMemory: Virtual Memory: 134201264.00 MB used,  16467.83 MB free, 134217728.00 MB total
[2022.10.08-16.31.53:715][  0]LogWindows: WindowsPlatformFeatures enabled
[2022.10.08-16.31.53:787][  0]LogInit: Physics initialised using underlying interface: PhysX
[2022.10.08-16.31.53:788][  0]LogInit: Overriding language with engine language configuration option (en-US-Posix).
[2022.10.08-16.31.53:788][  0]LogInit: Overriding language with engine locale configuration option (en-US-Posix).
[2022.10.08-16.31.53:797][  0]LogTextLocalizationResource: LocRes '../../../Engine/Content/Localization/Engine/en-US-POSIX/Engine.locres' could not be opened for reading!
[2022.10.08-16.31.53:797][  0]LogTextLocalizationResource: LocRes '../../../Engine/Plugins/Online/OnlineFramework/Content/Localization/OnlineFramework/en-US-POSIX/OnlineFramework.locres' could not be opened for reading!
[2022.10.08-16.31.53:797][  0]LogTextLocalizationResource: LocRes '../../../Engine/Plugins/Online/OnlineSubsystem/Content/Localization/OnlineSubsystem/en-US-POSIX/OnlineSubsystem.locres' could not be opened for reading!
[2022.10.08-16.31.53:797][  0]LogTextLocalizationResource: LocRes '../../../Engine/Plugins/Online/OnlineSubsystemUtils/Content/Localization/OnlineSubsystemUtils/en-US-POSIX/OnlineSubsystemUtils.locres' could not be opened for reading!
[2022.10.08-16.31.53:798][  0]LogTextLocalizationResource: LocRes '../../../Engine/Plugins/Online/OnlineSubsystemSteam/Content/Localization/OnlineSubsystemSteam/en-US-POSIX/OnlineSubsystemSteam.locres' could not be opened for reading!
[2022.10.08-16.31.53:844][  0]LogWindowsTextInputMethodSystem: Display: IME system deactivated.
[2022.10.08-16.31.53:869][  0]LogSlate: New Slate User Created.  User Index 0, Is Virtual User: 0
[2022.10.08-16.31.53:869][  0]LogSlate: Slate User Registered.  User Index 0, Is Virtual User: 0
[2022.10.08-16.31.53:897][  0]LogD3D12RHI: Aftermath initialized
[2022.10.08-16.31.54:556][  0]LogD3D12RHI: Found D3D12 adapter 0: NVIDIA GeForce GTX 1050 Ti (Max supported Feature Level 12_1)
[2022.10.08-16.31.54:556][  0]LogD3D12RHI: Adapter has 4018MB of dedicated video memory, 0MB of dedicated system memory, and 6123MB of shared system memory, 1 output[s]
[2022.10.08-16.31.54:882][  0]LogD3D12RHI: Found D3D12 adapter 1: Microsoft Basic Render Driver (Max supported Feature Level 12_1)
[2022.10.08-16.31.54:882][  0]LogD3D12RHI: Adapter has 0MB of dedicated video memory, 0MB of dedicated system memory, and 6123MB of shared system memory, 0 output[s]
[2022.10.08-16.31.54:882][  0]LogD3D12RHI: Chosen D3D12 Adapter Id = 0
[2022.10.08-16.31.54:893][  0]LogD3D12RHI: InitD3DDevice: -D3DDebug = off -D3D12GPUValidation = off
[2022.10.08-16.31.55:146][  0]LogD3D12RHI: The system supports ID3D12Device1.
[2022.10.08-16.31.55:146][  0]LogD3D12RHI: The system supports ID3D12Device2.
[2022.10.08-16.31.55:256][  0]LogD3D12RHI: Display: Not using pipeline state disk cache per r.D3D12.PSO.DiskCache=0
[2022.10.08-16.31.55:256][  0]LogD3D12RHI: Display: Not using driver-optimized pipeline state disk cache per r.D3D12.PSO.DriverOptimizedDiskCache=0
[2022.10.08-16.31.55:265][  0]LogD3D12RHI:     GPU DeviceId: 0x1c82 (for the marketing name, search the web for "GPU Device Id")
[2022.10.08-16.31.55:265][  0]LogWindows: EnumDisplayDevices:
[2022.10.08-16.31.55:265][  0]LogWindows:    0. 'NVIDIA GeForce GTX 1050 Ti' (P:1 D:1)
[2022.10.08-16.31.55:266][  0]LogWindows:    1. 'NVIDIA GeForce GTX 1050 Ti' (P:0 D:0)
[2022.10.08-16.31.55:266][  0]LogWindows:    2. 'NVIDIA GeForce GTX 1050 Ti' (P:0 D:0)
[2022.10.08-16.31.55:266][  0]LogWindows:    3. 'NVIDIA GeForce GTX 1050 Ti' (P:0 D:0)
[2022.10.08-16.31.55:266][  0]LogWindows: DebugString: FoundDriverCount:4 
[2022.10.08-16.31.55:266][  0]LogD3D12RHI:     Adapter Name: NVIDIA GeForce GTX 1050 Ti
[2022.10.08-16.31.55:266][  0]LogD3D12RHI:   Driver Version: 512.15 (internal:30.0.15.1215, unified:512.15)
[2022.10.08-16.31.55:266][  0]LogD3D12RHI:      Driver Date: 3-17-2022
[2022.10.08-16.31.55:266][  0]LogRHI: Texture pool is 2151 MB (70% of 3073 MB)
[2022.10.08-16.31.55:266][  0]LogD3D12RHI: Async texture creation enabled
[2022.10.08-16.31.55:266][  0]LogD3D12RHI: RHI has support for 64 bit atomics
[2022.10.08-16.31.55:291][  0]LogRHI: GeForceNow SDK initialized: 1
[2022.10.08-16.31.55:291][  0]LogRendererCore: Ray tracing is disabled. Reason: r.RayTracing=0.
[2022.10.08-16.31.55:304][  0]LogCore: Engine exit requested (reason: EngineExit() was called; note: exit was already requested)
[2022.10.08-16.31.55:304][  0]LogInit: Selected Device Profile: [WindowsNoEditor]
[2022.10.08-16.31.55:304][  0]LogInit: Active device profile: [000001E614988800][000001E61BEC89E0 49] WindowsNoEditor
[2022.10.08-16.31.55:304][  0]LogInit: Profiles: [000001E614988680][000001E61BEC9D90 49] Windows, [000001E614988800][000001E61BEC89E0 49] WindowsNoEditor, 
[2022.10.08-16.31.55:313][  0]LogSlate: Slate User Destroyed.  User Index 0, Is Virtual User: 0
[2022.10.08-16.31.55:313][  0]LogExit: Preparing to exit.
[2022.10.08-16.31.55:313][  0]LogUObjectArray: CloseDisregardForGC: 1485/1485 objects in disregard for GC pool
[2022.10.08-16.31.55:313][  0]LogDeviceProfile: Device profile begin destroy: [000001E614988680] Windows
[2022.10.08-16.31.55:313][  0]LogDeviceProfile: Device profile begin destroy: [000001E614988980] Default__DeviceProfile
[2022.10.08-16.31.55:313][  0]LogDeviceProfile: Device profile begin destroy: [000001E614988800] WindowsNoEditor
[2022.10.08-16.31.55:314][  0]LogExit: Object subsystem successfully closed.
[2022.10.08-16.31.55:317][  0]LogModuleManager: Shutting down and abandoning module D3D12RHI (92)
[2022.10.08-16.31.55:317][  0]LogModuleManager: Shutting down and abandoning module InputCore (90)
[2022.10.08-16.31.55:317][  0]LogModuleManager: Shutting down and abandoning module PhysXCooking (88)
[2022.10.08-16.31.55:317][  0]LogModuleManager: Shutting down and abandoning module Chaos (86)
[2022.10.08-16.31.55:317][  0]LogModuleManager: Shutting down and abandoning module WindowsPlatformFeatures (84)
[2022.10.08-16.31.55:317][  0]LogModuleManager: Shutting down and abandoning module GameplayMediaEncoder (83)
[2022.10.08-16.31.55:317][  0]LogModuleManager: Shutting down and abandoning module AVEncoder (82)
[2022.10.08-16.31.55:317][  0]LogModuleManager: Shutting down and abandoning module ExampleDeviceProfileSelector (78)
[2022.10.08-16.31.55:317][  0]LogModuleManager: Shutting down and abandoning module ChunkDownloader (76)
[2022.10.08-16.31.55:317][  0]LogModuleManager: Shutting down and abandoning module LauncherChunkInstaller (74)
[2022.10.08-16.31.55:317][  0]LogModuleManager: Shutting down and abandoning module WmfMedia (72)
[2022.10.08-16.31.55:317][  0]LogModuleManager: Shutting down and abandoning module ExrReaderGpu (70)
[2022.10.08-16.31.55:317][  0]LogModuleManager: Shutting down and abandoning module MLSDK (68)
[2022.10.08-16.31.55:317][  0]LogModuleManager: Shutting down and abandoning module NiagaraVertexFactories (66)
[2022.10.08-16.31.55:317][  0]LogModuleManager: Shutting down and abandoning module NiagaraShader (64)
[2022.10.08-16.31.55:317][  0]LogModuleManager: Shutting down and abandoning module ChaosCloth (62)
[2022.10.08-16.31.55:317][  0]LogModuleManager: Shutting down and abandoning module VariantManagerContent (60)
[2022.10.08-16.31.55:317][  0]LogModuleManager: Shutting down and abandoning module DatasmithContent (58)
[2022.10.08-16.31.55:317][  0]LogModuleManager: Shutting down and abandoning module AISupportModule (56)
[2022.10.08-16.31.55:317][  0]LogModuleManager: Shutting down and abandoning module WindowsDeviceProfileSelector (54)
[2022.10.08-16.31.55:317][  0]LogModuleManager: Shutting down and abandoning module LensDistortion (52)
[2022.10.08-16.31.55:317][  0]LogModuleManager: Shutting down and abandoning module OnlineSubsystem (48)
[2022.10.08-16.31.55:318][  0]LogOnline: Warning: OSS: EOSSDK-LogEOSP2P: NAT Detection failed, unable to resolve host
[2022.10.08-16.31.55:318][  0]LogOnline: Error: OSS: EOSSDK-LogEOSAnalytics: FinalizeInit did not occurr due to Tick happening during shutdown.
[2022.10.08-16.31.57:318][  0]LogOnline: OSS: Destroying FUserManagerEOS at 000001E60A2B0100
[2022.10.08-16.31.57:855][  0]LogModuleManager: Shutting down and abandoning module SteamShared (46)
[2022.10.08-16.31.57:855][  0]LogSteamShared: Freeing the Steam Loaded Modules...
[2022.10.08-16.31.57:855][  0]LogModuleManager: Shutting down and abandoning module HTTP (39)
[2022.10.08-16.31.57:855][  0]LogHttp: Display: cleaning up 0 outstanding Http requests.
[2022.10.08-16.31.57:856][  0]LogModuleManager: Shutting down and abandoning module SSL (38)
[2022.10.08-16.31.57:856][  0]LogModuleManager: Shutting down and abandoning module PlatformCryptoOpenSSL (34)
[2022.10.08-16.31.57:856][  0]LogModuleManager: Shutting down and abandoning module PlatformCryptoTypes (32)
[2022.10.08-16.31.57:856][  0]LogModuleManager: Shutting down and abandoning module PlatformCrypto (30)
[2022.10.08-16.31.57:856][  0]LogModuleManager: Shutting down and abandoning module PythonScriptPluginPreload (28)
[2022.10.08-16.31.57:856][  0]LogModuleManager: Shutting down and abandoning module RenderCore (26)
[2022.10.08-16.31.57:856][  0]LogModuleManager: Shutting down and abandoning module InstancedSplines (24)
[2022.10.08-16.31.57:856][  0]LogModuleManager: Shutting down and abandoning module Landscape (22)
[2022.10.08-16.31.57:856][  0]LogModuleManager: Shutting down and abandoning module SlateRHIRenderer (20)
[2022.10.08-16.31.57:856][  0]LogModuleManager: Shutting down and abandoning module OpenGLDrv (18)
[2022.10.08-16.31.57:856][  0]LogModuleManager: Shutting down and abandoning module D3D11RHI (16)
[2022.10.08-16.31.57:856][  0]LogModuleManager: Shutting down and abandoning module AnimGraphRuntime (14)
[2022.10.08-16.31.57:856][  0]LogModuleManager: Shutting down and abandoning module Renderer (12)
[2022.10.08-16.31.57:857][  0]LogModuleManager: Shutting down and abandoning module Engine (10)
[2022.10.08-16.31.57:857][  0]LogModuleManager: Shutting down and abandoning module CoreUObject (8)
[2022.10.08-16.31.57:857][  0]LogModuleManager: Shutting down and abandoning module SandboxFile (6)
[2022.10.08-16.31.57:857][  0]LogModuleManager: Shutting down and abandoning module PakFile (4)
[2022.10.08-16.31.57:862][  0]LogModuleManager: Shutting down and abandoning module RSA (3)
[2022.10.08-16.31.57:869][  0]LogD3D12RHI: Display: D3D12 ReleaseResources: 6 items to release
[2022.10.08-16.31.57:869][  0]LogD3D12RHI: Display: D3D12 ReleaseResources: "None", 36 x 1 x 1, Mips: 1, Format: 0x2, Flags: 0x4
[2022.10.08-16.31.57:869][  0]LogD3D12RHI: Display: D3D12 ReleaseResources: "None", 36 x 1 x 1, Mips: 1, Format: 0x2, Flags: 0x4
[2022.10.08-16.31.57:869][  0]LogD3D12RHI: Display: D3D12 ReleaseResources: "None", 294912 x 1 x 1, Mips: 1, Format: 0x0, Flags: 0x0
[2022.10.08-16.31.57:869][  0]LogD3D12RHI: Display: D3D12 ReleaseResources: "None", 196608 x 1 x 1, Mips: 1, Format: 0x0, Flags: 0x0
[2022.10.08-16.31.57:869][  0]LogD3D12RHI: Display: D3D12 ReleaseResources: "None", 512 x 512 x 1, Mips: 1, Format: 0x5A, Flags: 0x1
[2022.10.08-16.31.57:870][  0]LogD3D12RHI: Display: D3D12 ReleaseResources: "None", 1 x 1 x 1, Mips: 1, Format: 0x1B, Flags: 0x4
[2022.10.08-16.31.58:400][  0]LogD3D12RHI: ~FD3D12DynamicRHI
[2022.10.08-16.31.58:402][  0]LogExit: Exiting.
[2022.10.08-16.31.58:535][  0]Log file closed, 10/08/22 13:31:58
