Log file open, 10/04/22 16:18:08
LogInit: Display: Running engine for game: FactoryGame
LogInit: Display: Project file not found: E:/SteamLibrary/steamapps/common/Satisfactory/FactoryGame/FactoryGame.uproject
LogInit: Display: 	Attempting to find via project info helper.
LogUProjectInfo: Found projects:
LogPakFile: Display: Found Pak file ../../../FactoryGame/Content/Paks/FactoryGame-WindowsNoEditor.pak attempting to mount.
LogPakFile: Display: Mounting pak file ../../../FactoryGame/Content/Paks/FactoryGame-WindowsNoEditor.pak.
LogPakFile: PakFile PrimaryIndexSize=865794
LogPakFile: PakFile PathHashIndexSize=803921
LogPakFile: PakFile FullDirectoryIndexSize=2263383
LogPakFile: OnPakFileMounted2Time == 0.000007
LogPlatformFile: Not using cached read wrapper
LogTaskGraph: Started task graph with 4 named threads and 13 total threads with 3 sets of task threads.
LogD3D11RHI: Loaded GFSDK_Aftermath_Lib.x64.dll
LogICUInternationalization: ICU TimeZone Detection - Raw Offset: -3:00, Platform Override: ''
LogPluginManager: Mounting plugin ReplicationGraph
LogPluginManager: Mounting plugin DTLSHandlerComponent
LogPluginManager: Mounting plugin Wwise
LogPluginManager: Mounting plugin GeometryMode
LogPluginManager: Mounting plugin ApexDestruction
LogPluginManager: Mounting plugin BlueprintStats
LogPluginManager: Mounting plugin OnlineFramework
LogPluginManager: Mounting plugin OnlineSubsystem
LogPluginManager: Mounting plugin OnlineSubsystemUtils
LogPluginManager: Mounting plugin LensDistortion
LogPluginManager: Mounting plugin WindowsDeviceProfileSelector
LogPluginManager: Mounting plugin SteamController
LogPluginManager: Mounting plugin SteamShared
LogPluginManager: Mounting plugin RawInput
LogPluginManager: Mounting plugin MfMedia
LogPluginManager: Mounting plugin OnlineSubsystemSteam
LogPluginManager: Mounting plugin OnlineSubsystemEOS
LogPluginManager: Mounting plugin SignificanceManager
LogPluginManager: Mounting plugin PythonScriptPlugin
LogPluginManager: Mounting plugin EditorScriptingUtilities
LogPluginManager: Mounting plugin EditorTests
LogPluginManager: Mounting plugin FbxAutomationTestBuilder
LogPluginManager: Mounting plugin FunctionalTestingEditor
LogPluginManager: Mounting plugin RuntimeTests
LogPluginManager: Mounting plugin ScreenshotTools
LogPluginManager: Mounting plugin Landmass
LogPluginManager: Mounting plugin ControlRig
LogPluginManager: Mounting plugin LevelSequenceEditor
LogPluginManager: Mounting plugin FullBodyIK
LogPluginManager: Mounting plugin DSTelemetry
LogPluginManager: Mounting plugin CSSEditorToolsExtension
LogPluginManager: Mounting plugin Paper2D
LogPluginManager: Mounting plugin AISupport
LogPluginManager: Mounting plugin EnvironmentQueryEditor
LogPluginManager: Mounting plugin LightPropagationVolume
LogPluginManager: Mounting plugin AnimationSharing
LogPluginManager: Mounting plugin PluginUtils
LogPluginManager: Mounting plugin PropertyAccessEditor
LogPluginManager: Mounting plugin UObjectPlugin
LogPluginManager: Mounting plugin AssetManagerEditor
LogPluginManager: Mounting plugin FacialAnimation
LogPluginManager: Mounting plugin SpeedTreeImporter
LogPluginManager: Mounting plugin DatasmithContent
LogPluginManager: Mounting plugin VariantManagerContent
LogPluginManager: Mounting plugin AlembicImporter
LogPluginManager: Mounting plugin GeometryCache
LogPluginManager: Mounting plugin AutomationUtils
LogPluginManager: Mounting plugin BackChannel
LogPluginManager: Mounting plugin ChaosClothEditor
LogPluginManager: Mounting plugin ChaosCloth
LogPluginManager: Mounting plugin ChaosEditor
LogPluginManager: Mounting plugin PlanarCut
LogPluginManager: Mounting plugin GeometryProcessing
LogPluginManager: Mounting plugin EditableMesh
LogPluginManager: Mounting plugin GeometryCollectionPlugin
LogPluginManager: Mounting plugin ProceduralMeshComponent
LogPluginManager: Mounting plugin ChaosSolverPlugin
LogPluginManager: Mounting plugin ChaosNiagara
LogPluginManager: Mounting plugin Niagara
LogPluginManager: Mounting plugin CharacterAI
LogPluginManager: Mounting plugin MotoSynth
LogPluginManager: Mounting plugin PlatformCrypto
LogPluginManager: Mounting plugin MagicLeapPassableWorld
LogPluginManager: Mounting plugin MLSDK
LogPluginManager: Mounting plugin ImgMedia
LogPluginManager: Mounting plugin MediaCompositing
LogPluginManager: Mounting plugin WmfMedia
LogPluginManager: Mounting plugin MeshPainting
LogPluginManager: Mounting plugin TcpMessaging
LogPluginManager: Mounting plugin UdpMessaging
LogPluginManager: Mounting plugin ActorSequence
LogPluginManager: Mounting plugin MatineeToLevelSequence
LogPluginManager: Mounting plugin TemplateSequence
LogPluginManager: Mounting plugin OnlineSubsystemNull
LogPluginManager: Mounting plugin LauncherChunkInstaller
LogPluginManager: Mounting plugin ActorLayerUtilities
LogPluginManager: Mounting plugin AppleImageUtils
LogPluginManager: Mounting plugin AssetTags
LogPluginManager: Mounting plugin AudioCapture
LogPluginManager: Mounting plugin CableComponent
LogPluginManager: Mounting plugin ChunkDownloader
LogPluginManager: Mounting plugin CustomMeshComponent
LogPluginManager: Mounting plugin ExampleDeviceProfileSelector
LogPluginManager: Mounting plugin GooglePAD
LogPluginManager: Mounting plugin PhysXVehicles
LogPluginManager: Mounting plugin RuntimePhysXCooking
LogPluginManager: Mounting plugin SoundFields
LogPluginManager: Mounting plugin Synthesis
LogPluginManager: Mounting plugin AudioSynesthesia
LogPluginManager: Mounting plugin WebMMoviePlayer
LogPluginManager: Mounting plugin WebMMedia
LogPluginManager: Mounting plugin WindowsMoviePlayer
LogPluginManager: Mounting plugin MiniMap
LogPluginManager: Mounting plugin MK22k20
LogPluginManager: Mounting plugin SmartFoundations
LogPluginManager: Mounting plugin SML
LogPluginManager: Mounting plugin UtilityMod
LogPakFile: PakFile PrimaryIndexSize=835
LogPakFile: PakFile PathHashIndexSize=757
LogPakFile: PakFile FullDirectoryIndexSize=1775
LogPakFile: OnPakFileMounted2Time == 0.000009
LogPakFile: PakFile PrimaryIndexSize=9319
LogPakFile: PakFile PathHashIndexSize=9188
LogPakFile: PakFile FullDirectoryIndexSize=26376
LogPakFile: OnPakFileMounted2Time == 0.000009
LogPakFile: PakFile PrimaryIndexSize=580
LogPakFile: PakFile PathHashIndexSize=524
LogPakFile: PakFile FullDirectoryIndexSize=1156
LogPakFile: OnPakFileMounted2Time == 0.000010
LogPakFile: PakFile PrimaryIndexSize=1215
LogPakFile: PakFile PathHashIndexSize=1172
LogPakFile: PakFile FullDirectoryIndexSize=3526
LogPakFile: OnPakFileMounted2Time == 0.000011
LogPakFile: PakFile PrimaryIndexSize=454
LogPakFile: PakFile PathHashIndexSize=404
LogPakFile: PakFile FullDirectoryIndexSize=926
LogPakFile: OnPakFileMounted2Time == 0.000011
LogInit: Using libcurl 7.55.1-DEV
LogInit:  - built for x86_64-pc-win32
LogInit:  - supports SSL with OpenSSL/1.1.1
LogInit:  - supports HTTP deflate (compression) using libz 1.2.8
LogInit:  - other features:
LogInit:      CURL_VERSION_SSL
LogInit:      CURL_VERSION_LIBZ
LogInit:      CURL_VERSION_IPV6
LogInit:      CURL_VERSION_ASYNCHDNS
LogInit:      CURL_VERSION_LARGEFILE
LogInit:      CURL_VERSION_IDN
LogInit:  CurlRequestOptions (configurable via config and command line):
LogInit:  - bVerifyPeer = true  - Libcurl will verify peer certificate
LogInit:  - bUseHttpProxy = false  - Libcurl will NOT use HTTP proxy
LogInit:  - bDontReuseConnections = false  - Libcurl will reuse connections
LogInit:  - MaxHostConnections = 16  - Libcurl will limit the number of connections to a host
LogInit:  - LocalHostAddr = Default
LogInit:  - BufferSize = 65536
LogInit: WinSock: version 1.1 (2.2), MaxSocks=32767, MaxUdp=65467
LogOnline: OSS: Creating online subsystem instance for: EOS
LogOnline: OSS: FOnlineSubsystemEOS: Init success.
LogSteamShared: Display: Loading Steam SDK 1.47
LogSteamShared: Steam SDK Loaded!
LogOnline: OSS: Creating online subsystem instance for: STEAM
LogGenericPlatformMisc: Error: SetEnvironmentVar not implemented for this platform: SteamAppId = 526870
LogOnline: STEAM: Steam User is subscribed 1
LogOnline: STEAM: [AppId: 526870] Client API initialized 1
LogOnline: STEAM: Initializing SteamNetworking Layer
LogOnline: STEAM: Missing P2PCleanupTimeout key in OnlineSubsystemSteam of DefaultEngine.ini, using default
LogOnline: OSS: TryLoadSubsystemAndSetDefault: Loaded subsystem for module [EOS]
LogOnline: Warning: STEAM: Failed to obtain steam user stats, user: (STEAM)Redgabriel_13 [0x2D5685028F0] has no stats entries
LogLuminAPIImpl: Warning: MLSDK not found.  This likely means the MLSDK environment variable is not set.
LogWmfMedia: Failed to load mf.dll
LogWmfMedia: Failed to load required Windows Media Foundation libraries
LogInit: Build: ++FactoryGame+rel-main-0.6.0-CL-202470
LogInit: Engine Version: 4.26.2-202470+++FactoryGame+rel-main-0.6.0
LogInit: Compatible Engine Version: 4.26.2-202470+++FactoryGame+rel-main-0.6.0
LogInit: Net CL: 202470
LogInit: OS: Windows 10 (Release 2009) (), CPU:         Intel(R) Core(TM) i5-2400 CPU @ 3.10GHz, GPU: NVIDIA GeForce GTX 1050 Ti
LogInit: Compiled (64-bit): Sep 27 2022 18:39:00
LogInit: Compiled with Visual C++: 19.24.28325.00
LogInit: Build Configuration: Shipping
LogInit: Branch Name: ++FactoryGame+rel-main-0.6.0
LogInit: Command Line:  -NO_EOS_OVERLAY
LogInit: Base Directory: E:/SteamLibrary/steamapps/common/Satisfactory/Engine/Binaries/Win64/
LogInit: Allocator: binned2
LogInit: Installed Engine Build: 1
LogInit: Launcher File: E:/SteamLibrary/steamapps/common/Satisfactory/launcher_id
LogInit: Launcher ID: steam
LogInit: Launcher Artifact: 
LogInit: Presizing for max 2097152 objects, including 1 objects not considered by GC, pre-allocating 0 bytes for permanent pool.
LogStreaming: Display: Async Loading initialized: Event Driven Loader: true, Async Loading Thread: true, Async Post Load: true
LogInit: Object subsystem initialized
[2022.10.04-19.18.10:921][  0]LogInit: Selected Device Profile: [WindowsNoEditor]
[2022.10.04-19.18.10:921][  0]LogInit: Applying CVar settings loaded from the selected device profile: [WindowsNoEditor]
[2022.10.04-19.18.10:921][  0]LogHAL: Display: Platform has ~ 12 GB [12841185280 / 17179869184 / 12], which maps to Larger [LargestMinGB=32, LargerMinGB=12, DefaultMinGB=8, SmallerMinGB=6, SmallestMinGB=0)
[2022.10.04-19.18.10:921][  0]LogInit: Going up to parent DeviceProfile [Windows]
[2022.10.04-19.18.10:921][  0]LogInit: Going up to parent DeviceProfile []
[2022.10.04-19.18.10:921][  0]LogInit: Computer: DESKTOP-C496C71
[2022.10.04-19.18.10:921][  0]LogInit: User: red
[2022.10.04-19.18.10:921][  0]LogInit: CPU Page size=4096, Cores=4
[2022.10.04-19.18.10:921][  0]LogInit: High frequency timer resolution =10.000000 MHz
[2022.10.04-19.18.10:921][  0]LogMemory: Memory total: Physical=12.0GB (12GB approx)
[2022.10.04-19.18.10:921][  0]LogMemory: Platform Memory Stats for WindowsNoEditor
[2022.10.04-19.18.10:921][  0]LogMemory: Process Physical Memory: 111.84 MB used, 111.84 MB peak
[2022.10.04-19.18.10:921][  0]LogMemory: Process Virtual Memory: 93.02 MB used, 93.02 MB peak
[2022.10.04-19.18.10:921][  0]LogMemory: Physical Memory: 6126.45 MB used,  6119.86 MB free, 12246.31 MB total
[2022.10.04-19.18.10:921][  0]LogMemory: Virtual Memory: 134206264.00 MB used,  11465.89 MB free, 134217728.00 MB total
[2022.10.04-19.18.10:925][  0]LogWindows: WindowsPlatformFeatures enabled
[2022.10.04-19.18.11:064][  0]LogInit: Physics initialised using underlying interface: PhysX
[2022.10.04-19.18.11:065][  0]LogInit: Overriding language with engine language configuration option (en-US-Posix).
[2022.10.04-19.18.11:065][  0]LogInit: Overriding language with engine locale configuration option (en-US-Posix).
[2022.10.04-19.18.11:078][  0]LogTextLocalizationResource: LocRes '../../../Engine/Content/Localization/Engine/en-US-POSIX/Engine.locres' could not be opened for reading!
[2022.10.04-19.18.11:078][  0]LogTextLocalizationResource: LocRes '../../../Engine/Plugins/Online/OnlineFramework/Content/Localization/OnlineFramework/en-US-POSIX/OnlineFramework.locres' could not be opened for reading!
[2022.10.04-19.18.11:078][  0]LogTextLocalizationResource: LocRes '../../../Engine/Plugins/Online/OnlineSubsystem/Content/Localization/OnlineSubsystem/en-US-POSIX/OnlineSubsystem.locres' could not be opened for reading!
[2022.10.04-19.18.11:078][  0]LogTextLocalizationResource: LocRes '../../../Engine/Plugins/Online/OnlineSubsystemUtils/Content/Localization/OnlineSubsystemUtils/en-US-POSIX/OnlineSubsystemUtils.locres' could not be opened for reading!
[2022.10.04-19.18.11:078][  0]LogTextLocalizationResource: LocRes '../../../Engine/Plugins/Online/OnlineSubsystemSteam/Content/Localization/OnlineSubsystemSteam/en-US-POSIX/OnlineSubsystemSteam.locres' could not be opened for reading!
[2022.10.04-19.18.11:107][  0]LogWindowsTextInputMethodSystem: Display: IME system deactivated.
[2022.10.04-19.18.11:131][  0]LogSlate: New Slate User Created.  User Index 0, Is Virtual User: 0
[2022.10.04-19.18.11:131][  0]LogSlate: Slate User Registered.  User Index 0, Is Virtual User: 0
[2022.10.04-19.18.11:185][  0]LogD3D12RHI: Aftermath initialized
[2022.10.04-19.18.11:447][  0]LogD3D12RHI: Found D3D12 adapter 0: NVIDIA GeForce GTX 1050 Ti (Max supported Feature Level 12_1)
[2022.10.04-19.18.11:447][  0]LogD3D12RHI: Adapter has 4018MB of dedicated video memory, 0MB of dedicated system memory, and 6123MB of shared system memory, 1 output[s]
[2022.10.04-19.18.11:581][  0]LogD3D12RHI: Found D3D12 adapter 1: Microsoft Basic Render Driver (Max supported Feature Level 12_1)
[2022.10.04-19.18.11:581][  0]LogD3D12RHI: Adapter has 0MB of dedicated video memory, 0MB of dedicated system memory, and 6123MB of shared system memory, 0 output[s]
[2022.10.04-19.18.11:581][  0]LogD3D12RHI: Chosen D3D12 Adapter Id = 0
[2022.10.04-19.18.11:590][  0]LogD3D12RHI: InitD3DDevice: -D3DDebug = off -D3D12GPUValidation = off
[2022.10.04-19.18.11:710][  0]LogD3D12RHI: The system supports ID3D12Device1.
[2022.10.04-19.18.11:710][  0]LogD3D12RHI: The system supports ID3D12Device2.
[2022.10.04-19.18.11:817][  0]LogD3D12RHI: Display: Not using pipeline state disk cache per r.D3D12.PSO.DiskCache=0
[2022.10.04-19.18.11:817][  0]LogD3D12RHI: Display: Not using driver-optimized pipeline state disk cache per r.D3D12.PSO.DriverOptimizedDiskCache=0
[2022.10.04-19.18.11:828][  0]LogD3D12RHI:     GPU DeviceId: 0x1c82 (for the marketing name, search the web for "GPU Device Id")
[2022.10.04-19.18.11:828][  0]LogWindows: EnumDisplayDevices:
[2022.10.04-19.18.11:828][  0]LogWindows:    0. 'NVIDIA GeForce GTX 1050 Ti' (P:1 D:1)
[2022.10.04-19.18.11:829][  0]LogWindows:    1. 'NVIDIA GeForce GTX 1050 Ti' (P:0 D:0)
[2022.10.04-19.18.11:830][  0]LogWindows:    2. 'NVIDIA GeForce GTX 1050 Ti' (P:0 D:0)
[2022.10.04-19.18.11:831][  0]LogWindows:    3. 'NVIDIA GeForce GTX 1050 Ti' (P:0 D:0)
[2022.10.04-19.18.11:832][  0]LogWindows: DebugString: FoundDriverCount:4 
[2022.10.04-19.18.11:832][  0]LogD3D12RHI:     Adapter Name: NVIDIA GeForce GTX 1050 Ti
[2022.10.04-19.18.11:832][  0]LogD3D12RHI:   Driver Version: 512.15 (internal:30.0.15.1215, unified:512.15)
[2022.10.04-19.18.11:832][  0]LogD3D12RHI:      Driver Date: 3-17-2022
[2022.10.04-19.18.11:832][  0]LogRHI: Texture pool is 2151 MB (70% of 3073 MB)
[2022.10.04-19.18.11:832][  0]LogD3D12RHI: Async texture creation enabled
[2022.10.04-19.18.11:832][  0]LogD3D12RHI: RHI has support for 64 bit atomics
[2022.10.04-19.18.11:854][  0]LogRHI: GeForceNow SDK initialized: 1
[2022.10.04-19.18.11:854][  0]LogRendererCore: Ray tracing is disabled. Reason: r.RayTracing=0.
[2022.10.04-19.18.11:965][  0]LogSlate: Using FreeType 2.10.0
[2022.10.04-19.18.12:218][  0]LogSlate: SlateFontServices - WITH_FREETYPE: 1, WITH_HARFBUZZ: 1
[2022.10.04-19.18.12:619][  0]LogInit: Overriding language with engine language configuration option (en-US-Posix).
[2022.10.04-19.18.12:619][  0]LogInit: Overriding language with engine locale configuration option (en-US-Posix).
[2022.10.04-19.18.12:664][  0]LogTextLocalizationResource: LocRes '../../../FactoryGame/Content/Localization/Game/en/Game.locres' could not be opened for reading!
[2022.10.04-19.18.12:664][  0]LogTextLocalizationResource: LocRes '../../../FactoryGame/Content/Localization/InputKeys/en/InputKeys.locres' could not be opened for reading!
[2022.10.04-19.18.12:671][  0]LogTextLocalizationManager: Compacting localization data took   1.51ms
[2022.10.04-19.18.13:938][  0]LogAssetRegistry: FAssetRegistry took 1.0980 seconds to start up
[2022.10.04-19.18.13:959][  0]LogEnum: Warning: EnumRedirect for enum ECachedNatType maps 'ECachedNATType::CNT_MAX' to invalid value 'ECachedNatType::CNT_MAX'!
[2022.10.04-19.18.14:038][  0]LogStreaming: Display: FlushAsyncLoading: 1 QueuedPackages, 0 AsyncPackages
[2022.10.04-19.18.14:039][  0]LogPackageLocalizationCache: Processed 32 localized package path(s) for 2 prioritized culture(s) in 0.000181 seconds
[2022.10.04-19.18.14:039][  0]LogPakFile: New pak file ../../../FactoryGame/Content/Paks/FactoryGame-WindowsNoEditor.pak added to pak precacher.
[2022.10.04-19.18.14:083][  0]LogSerialization: Display: AllowBulkDataInIoStore: 'true'
[2022.10.04-19.18.14:084][  0]LogInit: Selected Device Profile: [WindowsNoEditor]
[2022.10.04-19.18.14:084][  0]LogInit: Active device profile: [000002D5049B7F00][000002D579D089E0 49] WindowsNoEditor
[2022.10.04-19.18.14:084][  0]LogInit: Profiles: [000002D5049B7E40][000002D579D09D90 49] Windows, [000002D5049B7F00][000002D579D089E0 49] WindowsNoEditor, 
[2022.10.04-19.18.14:238][  0]LogNetVersion: FactoryGame 1.0.0, NetCL: 202470, EngineNetVer: 16, GameNetVer: 0 (Checksum: 972732958)
[2022.10.04-19.18.16:674][  0]LogWindowsMoviePlayer: Could not load mf.dll. Library not found.
[2022.10.04-19.18.16:675][  0]LogWindowsMoviePlayer: Could not load mfplat.dll. Library not found.
[2022.10.04-19.18.16:676][  0]LogWindowsMoviePlayer: Could not load mfplay.dll. Library not found.
[2022.10.04-19.18.16:676][  0]LogMoviePlayer: Initializing movie player
[2022.10.04-19.18.17:011][  0]LogAkAudio: Wwise(R) SDK Version 2021.1.0 Build 7575. Copyright (c) 2006-2021 Audiokinetic Inc.
[2022.10.04-19.18.17:011][  0]LogAkAudio: Wwise plug-in DLL path: E:/SteamLibrary/steamapps/common/Satisfactory/Engine/Plugins/Wwise/ThirdParty/x64_vc160/Release/bin/
[2022.10.04-19.18.17:011][  0]LogAkAudio: Wwise successfully initialized.
[2022.10.04-19.18.17:012][  0]LogAkAudio: Initialization complete.
[2022.10.04-19.18.17:012][  0]LogInit: Audiokinetic Audio Device initialized.
[2022.10.04-19.18.17:012][  0]LogStreaming: Error: Couldn't find file for package /Wwise/WwiseTree/Icons/Titlebar_WwiseAppIcon requested by async loading code. NameToLoad: /Wwise/WwiseTree/Icons/Titlebar_WwiseAppIcon
[2022.10.04-19.18.17:012][  0]LogStreaming: Error: Found 0 dependent packages...
[2022.10.04-19.18.17:116][  0]LogStreaming: Error: Couldn't find file for package /Wwise/WwiseTypes/AK_Acoustic_Portal requested by async loading code. NameToLoad: /Wwise/WwiseTypes/AK_Acoustic_Portal
[2022.10.04-19.18.17:116][  0]LogStreaming: Error: Found 0 dependent packages...
[2022.10.04-19.18.17:116][  0]LogStreaming: Error: Couldn't find file for package /Wwise/WwiseTypes/AK_Acoustic_Portal_Explorer requested by async loading code. NameToLoad: /Wwise/WwiseTypes/AK_Acoustic_Portal_Explorer
[2022.10.04-19.18.17:116][  0]LogStreaming: Error: Found 0 dependent packages...
[2022.10.04-19.18.17:117][  0]LogStreaming: Error: Couldn't find file for package /Wwise/WwiseTypes/AK_Spatial_Audio_Volume requested by async loading code. NameToLoad: /Wwise/WwiseTypes/AK_Spatial_Audio_Volume
[2022.10.04-19.18.17:117][  0]LogStreaming: Error: Found 0 dependent packages...
[2022.10.04-19.18.17:117][  0]LogStreaming: Error: Couldn't find file for package /Wwise/WwiseTypes/AK_Spatial_Audio_Volume_Explorer requested by async loading code. NameToLoad: /Wwise/WwiseTypes/AK_Spatial_Audio_Volume_Explorer
[2022.10.04-19.18.17:117][  0]LogStreaming: Error: Found 0 dependent packages...
[2022.10.04-19.18.17:117][  0]LogStreaming: Error: Couldn't find file for package /Wwise/WwiseTypes/AK_Reverb_Volume requested by async loading code. NameToLoad: /Wwise/WwiseTypes/AK_Reverb_Volume
[2022.10.04-19.18.17:117][  0]LogStreaming: Error: Found 0 dependent packages...
[2022.10.04-19.18.17:118][  0]LogStreaming: Error: Couldn't find file for package /Wwise/WwiseTypes/AK_Reverb_Volume_Explorer requested by async loading code. NameToLoad: /Wwise/WwiseTypes/AK_Reverb_Volume_Explorer
[2022.10.04-19.18.17:118][  0]LogStreaming: Error: Found 0 dependent packages...
[2022.10.04-19.18.20:075][  0]LogActor: Warning: SetReplicates called on non-initialized actor Default__FGDockingStationInfo. Directly setting bReplicates is the correct procedure for pre-init actors.
[2022.10.04-19.18.20:135][  0]LogSlate: InvalidateAllWidgets triggered.  All widgets were invalidated
[2022.10.04-19.18.38:381][  0]LogStaticMesh: [SM_SpitterMine_01] Mesh is marked for CPU read.
[2022.10.04-19.18.42:463][  0]LogStreaming: Error: Couldn't find file for package /Game/FactoryGame/Schematics/Story/Schematic_ObjectScanner_WAT1 requested by async loading code. NameToLoad: /Game/FactoryGame/Schematics/Story/Schematic_ObjectScanner_WAT1
[2022.10.04-19.18.42:463][  0]LogStreaming: Error: Found 1 dependent packages...
[2022.10.04-19.18.42:463][  0]LogStreaming: Error:   /Game/FactoryGame/Prototype/WAT/Desc_WAT1
[2022.10.04-19.18.42:573][  0]LogStreaming: Error: Couldn't find file for package /Game/FactoryGame/Schematics/Story/Schematic_ObjectScanner_WAT2 requested by async loading code. NameToLoad: /Game/FactoryGame/Schematics/Story/Schematic_ObjectScanner_WAT2
[2022.10.04-19.18.42:573][  0]LogStreaming: Error: Found 1 dependent packages...
[2022.10.04-19.18.42:573][  0]LogStreaming: Error:   /Game/FactoryGame/Prototype/WAT/Desc_WAT2
[2022.10.04-19.18.42:623][  0]LogActor: Warning: SetReplicates called on non-initialized actor Default__FGSimulatedWheeledVehicle. Directly setting bReplicates is the correct procedure for pre-init actors.
[2022.10.04-19.18.49:844][  0]LogSlate: InvalidateAllWidgets triggered.  All widgets were invalidated
[2022.10.04-19.19.17:855][  0]LogPakFile: Precache HighWater 16MB

[2022.10.04-19.19.17:855][  0]LogPakFile: Precache HighWater 32MB

[2022.10.04-19.19.17:855][  0]LogPakFile: Precache HighWater 48MB

[2022.10.04-19.19.17:855][  0]LogPakFile: Precache HighWater 64MB

[2022.10.04-19.19.17:855][  0]LogSlate: InvalidateAllWidgets triggered.  All widgets were invalidated
[2022.10.04-19.19.36:777][  0]LogPakFile: Precache HighWater 80MB

[2022.10.04-19.19.36:777][  0]LogSlate: InvalidateAllWidgets triggered.  All widgets were invalidated
[2022.10.04-19.19.53:303][  0]LogSlate: InvalidateAllWidgets triggered.  All widgets were invalidated
[2022.10.04-19.20.05:308][  0]LogActor: Warning: SetReplicates called on non-initialized actor Default__FGWheeledVehicleInfo. Directly setting bReplicates is the correct procedure for pre-init actors.
[2022.10.04-19.20.08:054][  0]LogAudioCaptureCore: Display: No Audio Capture implementations found. Audio input will be silent.
[2022.10.04-19.20.08:054][  0]LogAudioCaptureCore: Display: No Audio Capture implementations found. Audio input will be silent.
[2022.10.04-19.20.08:614][  0]LogConsoleManager: Warning: Console object named 'CSS.Debug.MarkAllItemsAsRadioActive' already exists but is being registered again, but we weren't expected it to be! (FConsoleManager::AddConsoleObject)
[2022.10.04-19.20.08:622][  0]LogTemp: Warning: Smart!:DEBUG:GamePath: E:/SteamLibrary/steamapps/common/Satisfactory/
[2022.10.04-19.20.08:622][  0]LogTemp: Warning: Smart!:ASFSubsystem::ASFSubsystem
[2022.10.04-19.20.09:536][  0]LogStreaming: Error: Couldn't find file for package /Game/FactoryGame/Buildable/Building/Foundation/PolishedConcreteSet/Build_Foundation_ConcretePolished_8x2 requested by async loading code. NameToLoad: /Game/FactoryGame/Buildable/Building/Foundation/PolishedConcreteSet/Build_Foundation_ConcretePolished_8x2
[2022.10.04-19.20.09:536][  0]LogStreaming: Error: Found 0 dependent packages...
[2022.10.04-19.20.20:114][  0]LogStreaming: Warning: LoadPackageAsync failed to begin to load a package because the supplied package name was neither a valid long package name nor a filename of a map within a content folder: '' (/AutoSplittersContinued/Buildables/Build_AutoSplitter)
[2022.10.04-19.20.20:114][  0]LogStreaming: Warning: LoadPackageAsync failed to begin to load a package because the supplied package name was neither a valid long package name nor a filename of a map within a content folder: '' (/AutoSplittersContinued/Buildables/Build_AutoSplitter)
[2022.10.04-19.20.20:114][  0]LogUObjectGlobals: Warning: Failed to find object 'Class /AutoSplittersContinued/Buildables/Build_AutoSplitter.Build_AutoSplitter_C'
[2022.10.04-19.20.20:144][  0]LogSatisfactoryModLoader: Display: Satisfactory Mod Loader v.3.4.0+79 pre-initializing...
[2022.10.04-19.20.20:144][  0]LogSatisfactoryModLoader: Display: Build Date: Oct  2 2022 05:07:21
[2022.10.04-19.20.20:144][  0]LogSatisfactoryModLoader: Display: Successfully loaded SML configuration from disk
[2022.10.04-19.20.20:144][  0]LogSatisfactoryModLoader: Display: Version check passed successfully! Game Changelist: 202470
[2022.10.04-19.20.20:144][  0]LogSatisfactoryModLoader: Display: Pre-initialization finished!
[2022.10.04-19.20.20:162][  0]LogUObjectArray: 92450 objects as part of root set at end of initial load.
[2022.10.04-19.20.20:162][  0]LogUObjectArray: 28 objects are not in the root set, but can never be destroyed because they are in the DisregardForGC set.
[2022.10.04-19.20.20:162][  0]LogUObjectAllocator: 28969040 out of 0 bytes used by permanent object pool.
[2022.10.04-19.20.20:162][  0]LogUObjectArray: CloseDisregardForGC: 92450/92450 objects in disregard for GC pool
[2022.10.04-19.20.20:193][  0]LogEngine: Initializing Engine...
[2022.10.04-19.20.20:193][  0]LogLinker: AddRedirectList(UModContentRemapper::Initialize) has substring redirect /Game/MiniMap/, these are very slow and should be resolved as soon as possible!
[2022.10.04-19.20.20:193][  0]LogLinker: AddRedirectList(UModContentRemapper::Initialize) has substring redirect /Game/MK22k20/, these are very slow and should be resolved as soon as possible!
[2022.10.04-19.20.20:193][  0]LogLinker: AddRedirectList(UModContentRemapper::Initialize) has substring redirect /Game/SmartFoundations/, these are very slow and should be resolved as soon as possible!
[2022.10.04-19.20.20:193][  0]LogLinker: AddRedirectList(UModContentRemapper::Initialize) has substring redirect /Game/SML/, these are very slow and should be resolved as soon as possible!
[2022.10.04-19.20.20:193][  0]LogLinker: AddRedirectList(UModContentRemapper::Initialize) has substring redirect /Game/UtilityMod/, these are very slow and should be resolved as soon as possible!
[2022.10.04-19.20.20:193][  0]LogSatisfactoryModLoader: Registered 5 plugin content remaps
[2022.10.04-19.20.20:196][  0]LogStats: UGameplayTagsManager::InitializeManager -  0.002 s
[2022.10.04-19.20.20:995][  0]LogAssetManager: Warning: Ignoring PrimaryAssetType Profiling - Conflicts with Map
[2022.10.04-19.20.20:996][  0]LogInit: Initializing FReadOnlyCVARCache
[2022.10.04-19.20.20:996][  0]LogAudio: Display: Initializing Audio Device Manager...
[2022.10.04-19.20.21:088][  0]LogAudio: Display: Audio Device Manager Initialized
[2022.10.04-19.20.21:088][  0]LogAudio: Display: Creating Audio Device:                 Id: 1, Scope: Shared, Realtime: True
[2022.10.04-19.20.21:088][  0]LogAudioMixer: Display: Audio Mixer Platform Settings:
[2022.10.04-19.20.21:088][  0]LogAudioMixer: Display: 	Sample Rate:						  48000
[2022.10.04-19.20.21:088][  0]LogAudioMixer: Display: 	Callback Buffer Frame Size Requested: 1024
[2022.10.04-19.20.21:088][  0]LogAudioMixer: Display: 	Callback Buffer Frame Size To Use:	  1024
[2022.10.04-19.20.21:088][  0]LogAudioMixer: Display: 	Number of buffers to queue:			  2
[2022.10.04-19.20.21:088][  0]LogAudioMixer: Display: 	Max Channels (voices):				  32
[2022.10.04-19.20.21:088][  0]LogAudioMixer: Display: 	Number of Async Source Workers:		  0
[2022.10.04-19.20.21:088][  0]LogAudio: Display: AudioDevice MaxSources: 32
[2022.10.04-19.20.21:088][  0]LogAudio: Display: Using built-in audio occlusion.
[2022.10.04-19.20.21:089][  0]LogAudioMixer: Display: Initializing audio mixer.
[2022.10.04-19.20.21:421][  0]LogAudioDebug: Display: Lib vorbis DLL was dynamically loaded.
[2022.10.04-19.20.21:429][  0]LogAudioMixer: Display: 0: FrontLeft
[2022.10.04-19.20.21:429][  0]LogAudioMixer: Display: 1: FrontRight
[2022.10.04-19.20.21:468][  0]LogAudioMixer: Display: Using Audio Device Speakers (High Definition Audio Device)
[2022.10.04-19.20.21:469][  0]LogAudioMixer: Display: Initializing Sound Submixes...
[2022.10.04-19.20.21:471][  0]LogAudioMixer: Display: Creating Master Submix 'MasterSubmixDefault'
[2022.10.04-19.20.21:471][  0]LogAudioMixer: Display: Creating Master Submix 'MasterReverbSubmixDefault'
[2022.10.04-19.20.21:473][  0]LogAudioMixer: Display: Creating Master Submix 'MasterEQSubmixDefault'
[2022.10.04-19.20.21:473][  0]LogAudioMixer: FMixerPlatformXAudio2::StartAudioStream() called
[2022.10.04-19.20.21:473][  0]LogAudioMixer: Display: Output buffers initialized: Frames=1024, Channels=2, Samples=2048
[2022.10.04-19.20.21:474][  0]LogAudioMixer: Display: Starting AudioMixerPlatformInterface::RunInternal()
[2022.10.04-19.20.21:474][  0]LogAudioMixer: Display: FMixerPlatformXAudio2::SubmitBuffer() called for the first time
[2022.10.04-19.20.21:474][  0]LogInit: FAudioDevice initialized.
[2022.10.04-19.20.21:477][  0]LogNetVersion: Set ProjectVersion to 0.0.1.0. Version Checksum will be recalculated on next use.
[2022.10.04-19.20.21:477][  0]LogInit: Texture streaming: Enabled
[2022.10.04-19.20.28:882][  0]LogPakFile: New pak file ../../../FactoryGame/Mods/MiniMap/Content/Paks/WindowsNoEditor/MiniMapFactoryGame-WindowsNoEditor.pak added to pak precacher.
[2022.10.04-19.20.28:882][  0]LogPakFile: New pak file ../../../FactoryGame/Mods/SML/Content/Paks/WindowsNoEditor/SMLFactoryGame-WindowsNoEditor.pak added to pak precacher.
[2022.10.04-19.20.28:882][  0]LogPakFile: New pak file ../../../FactoryGame/Mods/MK22k20/Content/Paks/WindowsNoEditor/MK22k20FactoryGame-WindowsNoEditor.pak added to pak precacher.
[2022.10.04-19.20.28:882][  0]LogStreaming: Error: Couldn't find file for package /Game/Utils/Textures/Debug_SF requested by async loading code. NameToLoad: /Game/Utils/Textures/Debug_SF
[2022.10.04-19.20.28:882][  0]LogStreaming: Error: This will hitch streaming because it ends up searching the disk instead of finding the file in the pak file.
[2022.10.04-19.20.28:882][  0]LogStreaming: Error: Found 1 dependent packages...
[2022.10.04-19.20.28:882][  0]LogStreaming: Error:   /MK22k20/Buildable/QuantumServer/source/back_Inst
[2022.10.04-19.20.28:882][  0]LogStreaming: Error: Couldn't find file for package /Game/Utils/Textures/Debug_N requested by async loading code. NameToLoad: /Game/Utils/Textures/Debug_N
[2022.10.04-19.20.28:882][  0]LogStreaming: Error: This will hitch streaming because it ends up searching the disk instead of finding the file in the pak file.
[2022.10.04-19.20.28:882][  0]LogStreaming: Error: Found 1 dependent packages...
[2022.10.04-19.20.28:882][  0]LogStreaming: Error:   /MK22k20/Buildable/QuantumServer/source/back_Inst
[2022.10.04-19.20.28:882][  0]LogStreaming: Error: Couldn't find file for package /Game/Utils/Textures/Debug_AB requested by async loading code. NameToLoad: /Game/Utils/Textures/Debug_AB
[2022.10.04-19.20.28:882][  0]LogStreaming: Error: This will hitch streaming because it ends up searching the disk instead of finding the file in the pak file.
[2022.10.04-19.20.28:882][  0]LogStreaming: Error: Found 1 dependent packages...
[2022.10.04-19.20.28:882][  0]LogStreaming: Error:   /MK22k20/Buildable/QuantumServer/source/back_Inst
[2022.10.04-19.20.28:882][  0]LogPakFile: New pak file ../../../FactoryGame/Mods/UtilityMod/Content/Paks/WindowsNoEditor/UtilityModFactoryGame-WindowsNoEditor.pak added to pak precacher.
[2022.10.04-19.20.28:882][  0]LogSatisfactoryModLoader: Discovered 4 game instance modules
[2022.10.04-19.20.28:882][  0]LogSatisfactoryModLoader: Dispatching lifecycle event CONSTRUCTION to game instance modules
[2022.10.04-19.20.28:894][  0]LogTemp: Warning: Smart!:USFInitGameInstance::CONSTRUCTION
[2022.10.04-19.20.29:016][  0]LogSatisfactoryModLoader: Dispatching lifecycle event INITIALIZATION to game instance modules
[2022.10.04-19.20.29:016][  0]LogSatisfactoryModLoader: Registering configuration /MiniMap/Config/MiniMapConfiguration.MiniMapConfiguration_C
[2022.10.04-19.20.29:050][  0]LogConfigManager: Display: Successfully loaded configuration from ../../../FactoryGame/Configs/MiniMap.cfg
[2022.10.04-19.20.29:050][  0]LogConfigManager: Display: Refreshing configuration file ../../../FactoryGame/Configs/MiniMap.cfg
[2022.10.04-19.20.29:051][  0]LogConfigManager: Display: Saved configuration to ../../../FactoryGame/Configs/MiniMap.cfg
[2022.10.04-19.20.29:072][  0]LogSatisfactoryModLoader: Registering configuration /UtilityMod/UtilityModConfig.UtilityModConfig_C
[2022.10.04-19.20.29:078][  0]LogConfigManager: Display: Successfully loaded configuration from ../../../FactoryGame/Configs/UtilityMod.cfg
[2022.10.04-19.20.29:078][  0]LogConfigManager: Display: Refreshing configuration file ../../../FactoryGame/Configs/UtilityMod.cfg
[2022.10.04-19.20.29:079][  0]LogConfigManager: Display: Saved configuration to ../../../FactoryGame/Configs/UtilityMod.cfg
[2022.10.04-19.20.29:079][  0]LogSatisfactoryModLoader: Dispatching lifecycle event POST_INITIALIZATION to game instance modules
[2022.10.04-19.20.30:012][  0]LogGame: MaxNumBackupsaves: 25
[2022.10.04-19.20.30:571][  0]LogAudio: Display: Audio Device (ID: 1) registered with world 'Untitled'.
[2022.10.04-19.20.31:146][  0]LogSlate: Updating window title bar state: overlay mode, drag disabled, window buttons hidden, title bar hidden
[2022.10.04-19.20.31:441][  0]LogStreaming: Warning: Failed to read file 'C:/Users/red/AppData/Local/FactoryGame/Saved/SaveGames/ServerManager.sav' error.
[2022.10.04-19.20.31:697][  0]LogGame: Login status changed from LoggedIn to LoggedIn
[2022.10.04-19.20.31:797][  0]LogInit: Display: Game Engine Initialized.
[2022.10.04-19.20.31:797][  0]LogNetVersion: Set ProjectVersion to ++FactoryGame+rel-main-0.6.0-CL-202470. Version Checksum will be recalculated on next use.
[2022.10.04-19.20.31:797][  0]LogConsoleResponse: Display: RHIThread is now running on a dedicated thread.
[2022.10.04-19.20.31:811][  0]LogSatisfactoryModLoader: Display: Performing mod loader initialization
[2022.10.04-19.20.31:811][  0]LogSatisfactoryModLoader: Display: Registering subsystem patches...
[2022.10.04-19.20.31:982][  0]LogNativeHookManager: Display: Hooking function AFGSchematicManager::PopulateSchematicsLists: Provided address: 00007FFC95E1B000, resolved address: 00007FFC95E1B000
[2022.10.04-19.20.32:020][  0]LogNativeHookManager: Display: Successfully hooked function AFGSchematicManager::PopulateSchematicsLists at 00007FFC95E1B000
[2022.10.04-19.20.32:047][  0]LogNativeHookManager: Display: Hooking function AFGSchematicManager::PopulateAvailableSchematicsList: Provided address: 00007FFC95E1AED0, resolved address: 00007FFC95E1AED0
[2022.10.04-19.20.32:048][  0]LogNativeHookManager: Display: Successfully hooked function AFGSchematicManager::PopulateAvailableSchematicsList at 00007FFC95E1AED0
[2022.10.04-19.20.32:049][  0]LogNativeHookManager: Display: Hooking function AFGResearchManager::PopulateResearchTreeList: Provided address: 00007FFC95DC4B50, resolved address: 00007FFC95DC4B50
[2022.10.04-19.20.32:049][  0]LogNativeHookManager: Display: Successfully hooked function AFGResearchManager::PopulateResearchTreeList at 00007FFC95DC4B50
[2022.10.04-19.20.32:050][  0]LogNativeHookManager: Display: Hooking function AFGPlayerController::EnterChatMessage: Provided address: 00007FFC95D5D580, resolved address: 00007FFC95D5D580
[2022.10.04-19.20.32:050][  0]LogNativeHookManager: Display: Successfully hooked function AFGPlayerController::EnterChatMessage at 00007FFC95D5D580
[2022.10.04-19.20.32:067][  0]LogNativeHookManager: Display: Attempting to resolve virtual function UNetConnection::CleanUp. This adjustment: 0, virtual function table offset: 752
[2022.10.04-19.20.32:067][  0]LogNativeHookManager: Display: Successfully resolved virtual function thunk UNetConnection::CleanUp at 00007FFC95372C20 to function implementation at 00007FFCAF3A9850
[2022.10.04-19.20.32:067][  0]LogNativeHookManager: Display: Hooking function UNetConnection::CleanUp: Provided address: 00007FFC95372C20, resolved address: 00007FFCAF3A9850
[2022.10.04-19.20.32:067][  0]LogNativeHookManager: Display: Successfully hooked function UNetConnection::CleanUp at 00007FFCAF3A9850
[2022.10.04-19.20.32:067][  0]LogNativeHookManager: Display: Hooking function UWorld::WelcomePlayer: Provided address: 00007FFCAF829F50, resolved address: 00007FFCAF829F50
[2022.10.04-19.20.32:067][  0]LogNativeHookManager: Display: Successfully hooked function UWorld::WelcomePlayer at 00007FFCAF829F50
[2022.10.04-19.20.32:090][  0]LogNativeHookManager: Display: Hooking function UPendingNetGame::SendInitialJoin: Provided address: 00007FFCAF4D1D10, resolved address: 00007FFCAF4D1D10
[2022.10.04-19.20.32:090][  0]LogNativeHookManager: Display: Successfully hooked function UPendingNetGame::SendInitialJoin at 00007FFCAF4D1D10
[2022.10.04-19.20.32:090][  0]LogNativeHookManager: Display: Attempting to resolve virtual function UWorld::NotifyControlMessage. This adjustment: 0, virtual function table offset: 24
[2022.10.04-19.20.32:142][  0]LogNativeHookManager: Display: Successfully resolved virtual function thunk UWorld::NotifyControlMessage at 00007FFC95372C2C to function implementation at 00007FFCAF8170B0
[2022.10.04-19.20.32:142][  0]LogNativeHookManager: Display: Hooking function UWorld::NotifyControlMessage: Provided address: 00007FFC95372C2C, resolved address: 00007FFCAF8170B0
[2022.10.04-19.20.32:142][  0]LogNativeHookManager: Display: Successfully hooked function UWorld::NotifyControlMessage at 00007FFCAF8170B0
[2022.10.04-19.20.32:142][  0]LogNativeHookManager: Display: Attempting to resolve virtual function UPendingNetGame::NotifyControlMessage. This adjustment: 0, virtual function table offset: 24
[2022.10.04-19.20.32:142][  0]LogNativeHookManager: Display: Successfully resolved virtual function thunk UPendingNetGame::NotifyControlMessage at 00007FFC95372C2C to function implementation at 00007FFCAF4CAC50
[2022.10.04-19.20.32:142][  0]LogNativeHookManager: Display: Hooking function UPendingNetGame::NotifyControlMessage: Provided address: 00007FFC95372C2C, resolved address: 00007FFCAF4CAC50
[2022.10.04-19.20.32:142][  0]LogNativeHookManager: Display: Successfully hooked function UPendingNetGame::NotifyControlMessage at 00007FFCAF4CAC50
[2022.10.04-19.20.32:143][  0]LogNativeHookManager: Display: Attempting to resolve virtual function ULocalPlayer::GetNickname. This adjustment: 0, virtual function table offset: 688
[2022.10.04-19.20.32:143][  0]LogNativeHookManager: Display: Successfully resolved virtual function thunk ULocalPlayer::GetNickname at 00007FFC95372C14 to function implementation at 00007FFCAF33C040
[2022.10.04-19.20.32:143][  0]LogNativeHookManager: Display: Hooking function ULocalPlayer::GetNickname: Provided address: 00007FFC95372C14, resolved address: 00007FFCAF33C040
[2022.10.04-19.20.32:143][  0]LogNativeHookManager: Display: Successfully hooked function ULocalPlayer::GetNickname at 00007FFCAF33C040
[2022.10.04-19.20.32:143][  0]LogNativeHookManager: Display: Hooking function ULocalPlayer::GetUniqueNetIdFromCachedControllerId: Provided address: 00007FFCAF33E830, resolved address: 00007FFCAF33E830
[2022.10.04-19.20.32:143][  0]LogNativeHookManager: Display: Successfully hooked function ULocalPlayer::GetUniqueNetIdFromCachedControllerId at 00007FFCAF33E830
[2022.10.04-19.20.32:594][  0]LogNativeHookManager: Display: Attempting to resolve virtual function UFGSaveSystem::LoadSaveFile. This adjustment: 0, virtual function table offset: 48
[2022.10.04-19.20.32:594][  0]LogNativeHookManager: Display: Successfully resolved virtual function thunk UFGSaveSystem::LoadSaveFile at 00007FFC95372C0C to function implementation at 00007FFC95E14410
[2022.10.04-19.20.32:594][  0]LogNativeHookManager: Display: Hooking function UFGSaveSystem::LoadSaveFile: Provided address: 00007FFC95372C0C, resolved address: 00007FFC95E14410
[2022.10.04-19.20.32:594][  0]LogNativeHookManager: Display: Successfully hooked function UFGSaveSystem::LoadSaveFile at 00007FFC95E14410
[2022.10.04-19.20.32:648][  0]LogNativeHookManager: Display: Hooking function AFGAdminInterface::LoadGame: Provided address: 00007FFC95BAABC0, resolved address: 00007FFC95BAABC0
[2022.10.04-19.20.32:648][  0]LogNativeHookManager: Display: Successfully hooked function AFGAdminInterface::LoadGame at 00007FFC95BAABC0
[2022.10.04-19.20.32:648][  0]LogNativeHookManager: Display: Attempting to resolve virtual function UFGCheatManager::PlayerFly. This adjustment: 0, virtual function table offset: 1760
[2022.10.04-19.20.32:649][  0]LogNativeHookManager: Display: Successfully resolved virtual function thunk UFGCheatManager::PlayerFly at 00007FFC95372BF4 to function implementation at 00007FFC95C3C610
[2022.10.04-19.20.32:649][  0]LogNativeHookManager: Display: Hooking function UFGCheatManager::PlayerFly: Provided address: 00007FFC95372BF4, resolved address: 00007FFC95C3C610
[2022.10.04-19.20.32:649][  0]LogNativeHookManager: Display: Successfully hooked function UFGCheatManager::PlayerFly at 00007FFC95C3C610
[2022.10.04-19.20.32:649][  0]LogNativeHookManager: Display: Attempting to resolve virtual function UFGCheatManager::PlayerNoClipModeOnFly. This adjustment: 0, virtual function table offset: 1800
[2022.10.04-19.20.32:649][  0]LogNativeHookManager: Display: Successfully resolved virtual function thunk UFGCheatManager::PlayerNoClipModeOnFly at 00007FFC95372C00 to function implementation at 00007FFC95C3C700
[2022.10.04-19.20.32:649][  0]LogNativeHookManager: Display: Hooking function UFGCheatManager::PlayerNoClipModeOnFly: Provided address: 00007FFC95372C00, resolved address: 00007FFC95C3C700
[2022.10.04-19.20.32:649][  0]LogNativeHookManager: Display: Successfully hooked function UFGCheatManager::PlayerNoClipModeOnFly at 00007FFC95C3C700
[2022.10.04-19.20.32:649][  0]LogNativeHookManager: Display: Attempting to resolve virtual function UCheatManager::Fly. This adjustment: 0, virtual function table offset: 656
[2022.10.04-19.20.32:699][  0]LogNativeHookManager: Display: Successfully resolved virtual function thunk UCheatManager::Fly at 00007FFC95372BD0 to function implementation at 00007FFCAEFC2620
[2022.10.04-19.20.32:699][  0]LogNativeHookManager: Display: Hooking function UCheatManager::Fly: Provided address: 00007FFC95372BD0, resolved address: 00007FFCAEFC2620
[2022.10.04-19.20.32:700][  0]LogNativeHookManager: Display: Successfully hooked function UCheatManager::Fly at 00007FFCAEFC2620
[2022.10.04-19.20.32:700][  0]LogNativeHookManager: Display: Attempting to resolve virtual function UCheatManager::Walk. This adjustment: 0, virtual function table offset: 664
[2022.10.04-19.20.32:700][  0]LogNativeHookManager: Display: Successfully resolved virtual function thunk UCheatManager::Walk at 00007FFC95372BDC to function implementation at 00007FFCAEFDEAF0
[2022.10.04-19.20.32:700][  0]LogNativeHookManager: Display: Hooking function UCheatManager::Walk: Provided address: 00007FFC95372BDC, resolved address: 00007FFCAEFDEAF0
[2022.10.04-19.20.32:700][  0]LogNativeHookManager: Display: Successfully hooked function UCheatManager::Walk at 00007FFCAEFDEAF0
[2022.10.04-19.20.32:700][  0]LogNativeHookManager: Display: Attempting to resolve virtual function UCheatManager::Ghost. This adjustment: 0, virtual function table offset: 672
[2022.10.04-19.20.32:700][  0]LogNativeHookManager: Display: Successfully resolved virtual function thunk UCheatManager::Ghost at 00007FFC95372BE8 to function implementation at 00007FFCAEFC8A20
[2022.10.04-19.20.32:700][  0]LogNativeHookManager: Display: Hooking function UCheatManager::Ghost: Provided address: 00007FFC95372BE8, resolved address: 00007FFCAEFC8A20
[2022.10.04-19.20.32:700][  0]LogNativeHookManager: Display: Successfully hooked function UCheatManager::Ghost at 00007FFCAEFC8A20
[2022.10.04-19.20.32:700][  0]LogSatisfactoryModLoader: Display: Registering global subsystems...
[2022.10.04-19.20.32:700][  0]LogModNetworkHandler: Display: Registering message type SML:1
[2022.10.04-19.20.32:700][  0]LogSatisfactoryModLoader: Display: Initialization finished!
[2022.10.04-19.20.32:700][  0]LogAkAudio: Loading intitial data.
[2022.10.04-19.20.36:697][  0]LogAkAudio: Loading intitial data complete, took: 3.996809
[2022.10.04-19.20.36:715][  0]LogInit: OnPostEngineInit has been broadcasted successfully.
[2022.10.04-19.20.39:228][  0]LogInit: Display: Starting Game.
[2022.10.04-19.20.39:436][  0]LogNet: Browse: /Game/FactoryGame/Map/MenuScenes/Map_MenuScene_Update_06?Name=Player
[2022.10.04-19.20.39:987][  0]LogLoad: LoadMap: /Game/FactoryGame/Map/MenuScenes/Map_MenuScene_Update_06?Name=Player
[2022.10.04-19.20.39:987][  0]LogWorld: BeginTearingDown for /Temp/Untitled_26
[2022.10.04-19.20.40:977][  0]LogWorld: UWorld::CleanupWorld for Untitled, bSessionEnded=true, bCleanupResources=true
[2022.10.04-19.20.41:721][  0]LogAudio: Display: Waited 35.113403 ms for audio thread.
[2022.10.04-19.20.41:756][  0]LogAudio: Display: Waited 70.137497 ms for audio thread.
[2022.10.04-19.20.41:791][  0]LogAudio: Display: Waited 105.136497 ms for audio thread.
[2022.10.04-19.20.41:826][  0]LogAudio: Display: Waited 140.163788 ms for audio thread.
[2022.10.04-19.20.41:861][  0]LogAudio: Display: Waited 175.180298 ms for audio thread.
[2022.10.04-19.20.41:897][  0]LogAudio: Display: Waited 211.162811 ms for audio thread.
[2022.10.04-19.20.41:928][  0]LogAudio: Display: Waited 242.800705 ms for audio thread.
[2022.10.04-19.20.42:753][  0]LogAudio: Display: Audio Device unregistered from world 'None'.
[2022.10.04-19.20.44:254][  0]LogUObjectHash: Compacting FUObjectHashTables data took   8.64ms
[2022.10.04-19.20.45:416][  0]LogMaterial: Error: Tried to access an uncooked shader map ID in a cooked application
[2022.10.04-19.20.45:416][  0]LogMaterial: Warning: Invalid shader map ID caching shaders for 'mm1', will use default material.
[2022.10.04-19.20.45:416][  0]LogMaterial: Can't compile mm1 with cooked content, will use default material instead
[2022.10.04-19.20.45:416][  0]LogMaterial: Warning: [AssetLog] /Game/FactoryGame/Prototype/Buildable/FoundationRework/MidLow/mm1.mm1: Failed to compile Material for platform PCD3D_SM5, Default Material will be used in game.
[2022.10.04-19.20.47:933][  0]LogAudio: Display: Audio Device (ID: 1) registered with world 'Map_MenuScene_Update_06'.
[2022.10.04-19.20.48:760][  0]LogAIModule: Creating AISystem for world Map_MenuScene_Update_06
[2022.10.04-19.20.48:872][  0]LogLoad: Game class is 'BP_GameModeMenu_C'
[2022.10.04-19.20.48:904][  0]LogStreaming: Display: ULevelStreaming::RequestLevel(/Game/FactoryGame/Map/MenuScenes/Menu_Tile_X5_Y2) is flushing async loading
[2022.10.04-19.20.52:547][  0]LogStaticMesh: [CliffPillar_01] Mesh is marked for CPU read.
[2022.10.04-19.20.52:548][  0]LogStaticMesh: [CliffPillar_01] Mesh is marked for CPU read.
[2022.10.04-19.20.52:548][  0]LogStaticMesh: [CliffPillar_01] Mesh is marked for CPU read.
[2022.10.04-19.20.52:548][  0]LogStaticMesh: [CliffPillar_01] Mesh is marked for CPU read.
[2022.10.04-19.20.52:548][  0]LogStaticMesh: [CliffPillar_05] Mesh is marked for CPU read.
[2022.10.04-19.20.52:548][  0]LogStaticMesh: [CliffPillar_05] Mesh is marked for CPU read.
[2022.10.04-19.20.52:548][  0]LogStaticMesh: [CliffPillar_05] Mesh is marked for CPU read.
[2022.10.04-19.20.52:548][  0]LogStaticMesh: [CliffPillar_05] Mesh is marked for CPU read.
[2022.10.04-19.20.52:548][  0]LogWindows: Windows GetLastError: The operation completed successfully. (0)
[2022.10.04-19.21.52:547][  0]LogThreadingWindows: Error: Runnable thread FAsyncLoadingThread crashed.
[2022.10.04-19.21.52:547][  0]LogWindows: Error: === Critical error: ===
[2022.10.04-19.21.52:547][  0]LogWindows: Error: 
[2022.10.04-19.21.52:547][  0]LogWindows: Error: Assertion failed: SerializeNum >= 0 [File:D:\ws\SB-220602145101-842\UE4\Engine\Source\Runtime\Core\Public\Containers/Array.h] [Line: 1152] 
[2022.10.04-19.21.52:547][  0]LogWindows: Error: 
[2022.10.04-19.21.52:547][  0]LogWindows: Error: 
[2022.10.04-19.21.52:547][  0]LogWindows: Error: 
[2022.10.04-19.21.52:547][  0]LogWindows: Error: 
[2022.10.04-19.21.52:547][  0]LogWindows: Error: Crash in runnable thread FAsyncLoadingThread
[2022.10.04-19.21.52:734][  0]LogExit: Executing StaticShutdownAfterError
[2022.10.04-19.21.52:734][  0]LogWindows: FPlatformMisc::RequestExit(1)
[2022.10.04-19.21.52:734][  0]LogCore: Engine exit requested (reason: Win RequestExit)
[2022.10.04-19.21.52:766][  0]Log file closed, 10/04/22 16:21:52
