Log file open, 10/04/22 17:50:28
LogInit: Display: Running engine for game: FactoryGame
LogInit: Display: Project file not found: E:/SteamLibrary/steamapps/common/Satisfactory/FactoryGame/FactoryGame.uproject
LogInit: Display: 	Attempting to find via project info helper.
LogUProjectInfo: Found projects:
LogPakFile: Display: Found Pak file ../../../FactoryGame/Content/Paks/FactoryGame-WindowsNoEditor.pak attempting to mount.
LogPakFile: Display: Mounting pak file ../../../FactoryGame/Content/Paks/FactoryGame-WindowsNoEditor.pak.
LogPakFile: PakFile PrimaryIndexSize=865794
LogPakFile: PakFile PathHashIndexSize=803921
LogPakFile: PakFile FullDirectoryIndexSize=2263383
LogPakFile: OnPakFileMounted2Time == 0.000006
LogPlatformFile: Not using cached read wrapper
LogTaskGraph: Started task graph with 4 named threads and 13 total threads with 3 sets of task threads.
LogD3D11RHI: Loaded GFSDK_Aftermath_Lib.x64.dll
LogICUInternationalization: ICU TimeZone Detection - Raw Offset: -3:00, Platform Override: ''
LogPluginManager: Mounting plugin ReplicationGraph
LogPluginManager: Mounting plugin DTLSHandlerComponent
LogPluginManager: Mounting plugin Wwise
LogPluginManager: Mounting plugin GeometryMode
LogPluginManager: Mounting plugin ApexDestruction
LogPluginManager: Mounting plugin BlueprintStats
LogPluginManager: Mounting plugin OnlineFramework
LogPluginManager: Mounting plugin OnlineSubsystem
LogPluginManager: Mounting plugin OnlineSubsystemUtils
LogPluginManager: Mounting plugin LensDistortion
LogPluginManager: Mounting plugin WindowsDeviceProfileSelector
LogPluginManager: Mounting plugin SteamController
LogPluginManager: Mounting plugin SteamShared
LogPluginManager: Mounting plugin RawInput
LogPluginManager: Mounting plugin MfMedia
LogPluginManager: Mounting plugin OnlineSubsystemSteam
LogPluginManager: Mounting plugin OnlineSubsystemEOS
LogPluginManager: Mounting plugin SignificanceManager
LogPluginManager: Mounting plugin PythonScriptPlugin
LogPluginManager: Mounting plugin EditorScriptingUtilities
LogPluginManager: Mounting plugin EditorTests
LogPluginManager: Mounting plugin FbxAutomationTestBuilder
LogPluginManager: Mounting plugin FunctionalTestingEditor
LogPluginManager: Mounting plugin RuntimeTests
LogPluginManager: Mounting plugin ScreenshotTools
LogPluginManager: Mounting plugin Landmass
LogPluginManager: Mounting plugin ControlRig
LogPluginManager: Mounting plugin LevelSequenceEditor
LogPluginManager: Mounting plugin FullBodyIK
LogPluginManager: Mounting plugin DSTelemetry
LogPluginManager: Mounting plugin CSSEditorToolsExtension
LogPluginManager: Mounting plugin Paper2D
LogPluginManager: Mounting plugin AISupport
LogPluginManager: Mounting plugin EnvironmentQueryEditor
LogPluginManager: Mounting plugin LightPropagationVolume
LogPluginManager: Mounting plugin AnimationSharing
LogPluginManager: Mounting plugin PluginUtils
LogPluginManager: Mounting plugin PropertyAccessEditor
LogPluginManager: Mounting plugin UObjectPlugin
LogPluginManager: Mounting plugin AssetManagerEditor
LogPluginManager: Mounting plugin FacialAnimation
LogPluginManager: Mounting plugin SpeedTreeImporter
LogPluginManager: Mounting plugin DatasmithContent
LogPluginManager: Mounting plugin VariantManagerContent
LogPluginManager: Mounting plugin AlembicImporter
LogPluginManager: Mounting plugin GeometryCache
LogPluginManager: Mounting plugin AutomationUtils
LogPluginManager: Mounting plugin BackChannel
LogPluginManager: Mounting plugin ChaosClothEditor
LogPluginManager: Mounting plugin ChaosCloth
LogPluginManager: Mounting plugin ChaosEditor
LogPluginManager: Mounting plugin PlanarCut
LogPluginManager: Mounting plugin GeometryProcessing
LogPluginManager: Mounting plugin EditableMesh
LogPluginManager: Mounting plugin GeometryCollectionPlugin
LogPluginManager: Mounting plugin ProceduralMeshComponent
LogPluginManager: Mounting plugin ChaosSolverPlugin
LogPluginManager: Mounting plugin ChaosNiagara
LogPluginManager: Mounting plugin Niagara
LogPluginManager: Mounting plugin CharacterAI
LogPluginManager: Mounting plugin MotoSynth
LogPluginManager: Mounting plugin PlatformCrypto
LogPluginManager: Mounting plugin MagicLeapPassableWorld
LogPluginManager: Mounting plugin MLSDK
LogPluginManager: Mounting plugin ImgMedia
LogPluginManager: Mounting plugin MediaCompositing
LogPluginManager: Mounting plugin WmfMedia
LogPluginManager: Mounting plugin MeshPainting
LogPluginManager: Mounting plugin TcpMessaging
LogPluginManager: Mounting plugin UdpMessaging
LogPluginManager: Mounting plugin ActorSequence
LogPluginManager: Mounting plugin MatineeToLevelSequence
LogPluginManager: Mounting plugin TemplateSequence
LogPluginManager: Mounting plugin OnlineSubsystemNull
LogPluginManager: Mounting plugin LauncherChunkInstaller
LogPluginManager: Mounting plugin ActorLayerUtilities
LogPluginManager: Mounting plugin AppleImageUtils
LogPluginManager: Mounting plugin AssetTags
LogPluginManager: Mounting plugin AudioCapture
LogPluginManager: Mounting plugin CableComponent
LogPluginManager: Mounting plugin ChunkDownloader
LogPluginManager: Mounting plugin CustomMeshComponent
LogPluginManager: Mounting plugin ExampleDeviceProfileSelector
LogPluginManager: Mounting plugin GooglePAD
LogPluginManager: Mounting plugin PhysXVehicles
LogPluginManager: Mounting plugin RuntimePhysXCooking
LogPluginManager: Mounting plugin SoundFields
LogPluginManager: Mounting plugin Synthesis
LogPluginManager: Mounting plugin AudioSynesthesia
LogPluginManager: Mounting plugin WebMMoviePlayer
LogPluginManager: Mounting plugin WebMMedia
LogPluginManager: Mounting plugin WindowsMoviePlayer
LogInit: Using libcurl 7.55.1-DEV
LogInit:  - built for x86_64-pc-win32
LogInit:  - supports SSL with OpenSSL/1.1.1
LogInit:  - supports HTTP deflate (compression) using libz 1.2.8
LogInit:  - other features:
LogInit:      CURL_VERSION_SSL
LogInit:      CURL_VERSION_LIBZ
LogInit:      CURL_VERSION_IPV6
LogInit:      CURL_VERSION_ASYNCHDNS
LogInit:      CURL_VERSION_LARGEFILE
LogInit:      CURL_VERSION_IDN
LogInit:  CurlRequestOptions (configurable via config and command line):
LogInit:  - bVerifyPeer = true  - Libcurl will verify peer certificate
LogInit:  - bUseHttpProxy = false  - Libcurl will NOT use HTTP proxy
LogInit:  - bDontReuseConnections = false  - Libcurl will reuse connections
LogInit:  - MaxHostConnections = 16  - Libcurl will limit the number of connections to a host
LogInit:  - LocalHostAddr = Default
LogInit:  - BufferSize = 65536
LogInit: WinSock: version 1.1 (2.2), MaxSocks=32767, MaxUdp=65467
LogOnline: OSS: Creating online subsystem instance for: EOS
LogOnline: OSS: FOnlineSubsystemEOS: Init success.
LogSteamShared: Display: Loading Steam SDK 1.47
LogSteamShared: Steam SDK Loaded!
LogOnline: OSS: Creating online subsystem instance for: STEAM
LogGenericPlatformMisc: Error: SetEnvironmentVar not implemented for this platform: SteamAppId = 526870
LogOnline: STEAM: Steam User is subscribed 1
LogOnline: STEAM: [AppId: 526870] Client API initialized 1
LogOnline: STEAM: Initializing SteamNetworking Layer
LogOnline: STEAM: Missing P2PCleanupTimeout key in OnlineSubsystemSteam of DefaultEngine.ini, using default
LogOnline: OSS: TryLoadSubsystemAndSetDefault: Loaded subsystem for module [EOS]
LogLuminAPIImpl: Warning: MLSDK not found.  This likely means the MLSDK environment variable is not set.
LogWmfMedia: Failed to load mf.dll
LogWmfMedia: Failed to load required Windows Media Foundation libraries
LogInit: Build: ++FactoryGame+rel-main-0.6.0-CL-202470
LogInit: Engine Version: 4.26.2-202470+++FactoryGame+rel-main-0.6.0
LogInit: Compatible Engine Version: 4.26.2-202470+++FactoryGame+rel-main-0.6.0
LogInit: Net CL: 202470
LogInit: OS: Windows 10 (Release 2009) (), CPU:         Intel(R) Core(TM) i5-2400 CPU @ 3.10GHz, GPU: NVIDIA GeForce GTX 1050 Ti
LogInit: Compiled (64-bit): Sep 27 2022 18:39:00
LogInit: Compiled with Visual C++: 19.24.28325.00
LogInit: Build Configuration: Shipping
LogInit: Branch Name: ++FactoryGame+rel-main-0.6.0
LogInit: Command Line:  -NO_EOS_OVERLAY
LogInit: Base Directory: E:/SteamLibrary/steamapps/common/Satisfactory/Engine/Binaries/Win64/
LogInit: Allocator: binned2
LogInit: Installed Engine Build: 1
LogInit: Launcher File: E:/SteamLibrary/steamapps/common/Satisfactory/launcher_id
LogInit: Launcher ID: steam
LogInit: Launcher Artifact: 
LogInit: Presizing for max 2097152 objects, including 1 objects not considered by GC, pre-allocating 0 bytes for permanent pool.
LogStreaming: Display: Async Loading initialized: Event Driven Loader: true, Async Loading Thread: true, Async Post Load: true
LogInit: Object subsystem initialized
[2022.10.04-20.50.28:698][  0]LogInit: Selected Device Profile: [WindowsNoEditor]
[2022.10.04-20.50.28:698][  0]LogInit: Applying CVar settings loaded from the selected device profile: [WindowsNoEditor]
[2022.10.04-20.50.28:698][  0]LogHAL: Display: Platform has ~ 12 GB [12841185280 / 17179869184 / 12], which maps to Larger [LargestMinGB=32, LargerMinGB=12, DefaultMinGB=8, SmallerMinGB=6, SmallestMinGB=0)
[2022.10.04-20.50.28:698][  0]LogInit: Going up to parent DeviceProfile [Windows]
[2022.10.04-20.50.28:698][  0]LogInit: Going up to parent DeviceProfile []
[2022.10.04-20.50.28:698][  0]LogInit: Computer: DESKTOP-C496C71
[2022.10.04-20.50.28:698][  0]LogInit: User: red
[2022.10.04-20.50.28:698][  0]LogInit: CPU Page size=4096, Cores=4
[2022.10.04-20.50.28:698][  0]LogInit: High frequency timer resolution =10.000000 MHz
[2022.10.04-20.50.28:698][  0]LogMemory: Memory total: Physical=12.0GB (12GB approx)
[2022.10.04-20.50.28:698][  0]LogMemory: Platform Memory Stats for WindowsNoEditor
[2022.10.04-20.50.28:698][  0]LogMemory: Process Physical Memory: 110.74 MB used, 110.74 MB peak
[2022.10.04-20.50.28:698][  0]LogMemory: Process Virtual Memory: 91.48 MB used, 91.48 MB peak
[2022.10.04-20.50.28:698][  0]LogMemory: Physical Memory: 6880.12 MB used,  5366.19 MB free, 12246.31 MB total
[2022.10.04-20.50.28:698][  0]LogMemory: Virtual Memory: 134207512.00 MB used,  10214.68 MB free, 134217728.00 MB total
[2022.10.04-20.50.28:702][  0]LogWindows: WindowsPlatformFeatures enabled
[2022.10.04-20.50.28:730][  0]LogInit: Physics initialised using underlying interface: PhysX
[2022.10.04-20.50.28:731][  0]LogInit: Overriding language with engine language configuration option (en-US-Posix).
[2022.10.04-20.50.28:731][  0]LogInit: Overriding language with engine locale configuration option (en-US-Posix).
[2022.10.04-20.50.28:740][  0]LogTextLocalizationResource: LocRes '../../../Engine/Content/Localization/Engine/en-US-POSIX/Engine.locres' could not be opened for reading!
[2022.10.04-20.50.28:740][  0]LogTextLocalizationResource: LocRes '../../../Engine/Plugins/Online/OnlineFramework/Content/Localization/OnlineFramework/en-US-POSIX/OnlineFramework.locres' could not be opened for reading!
[2022.10.04-20.50.28:740][  0]LogTextLocalizationResource: LocRes '../../../Engine/Plugins/Online/OnlineSubsystem/Content/Localization/OnlineSubsystem/en-US-POSIX/OnlineSubsystem.locres' could not be opened for reading!
[2022.10.04-20.50.28:740][  0]LogTextLocalizationResource: LocRes '../../../Engine/Plugins/Online/OnlineSubsystemUtils/Content/Localization/OnlineSubsystemUtils/en-US-POSIX/OnlineSubsystemUtils.locres' could not be opened for reading!
[2022.10.04-20.50.28:740][  0]LogTextLocalizationResource: LocRes '../../../Engine/Plugins/Online/OnlineSubsystemSteam/Content/Localization/OnlineSubsystemSteam/en-US-POSIX/OnlineSubsystemSteam.locres' could not be opened for reading!
[2022.10.04-20.50.28:769][  0]LogWindowsTextInputMethodSystem: Display: IME system deactivated.
[2022.10.04-20.50.28:792][  0]LogSlate: New Slate User Created.  User Index 0, Is Virtual User: 0
[2022.10.04-20.50.28:792][  0]LogSlate: Slate User Registered.  User Index 0, Is Virtual User: 0
[2022.10.04-20.50.28:921][  0]LogD3D12RHI: Aftermath initialized
[2022.10.04-20.50.29:406][  0]LogOnline: Warning: STEAM: Failed to obtain steam user stats, user: (STEAM)Redgabriel_13 [0x28184506FA0] has no stats entries
[2022.10.04-20.50.29:406][  0]LogD3D12RHI: Found D3D12 adapter 0: NVIDIA GeForce GTX 1050 Ti (Max supported Feature Level 12_1)
[2022.10.04-20.50.29:406][  0]LogD3D12RHI: Adapter has 4018MB of dedicated video memory, 0MB of dedicated system memory, and 6123MB of shared system memory, 1 output[s]
[2022.10.04-20.50.29:575][  0]LogD3D12RHI: Found D3D12 adapter 1: Microsoft Basic Render Driver (Max supported Feature Level 12_1)
[2022.10.04-20.50.29:575][  0]LogD3D12RHI: Adapter has 0MB of dedicated video memory, 0MB of dedicated system memory, and 6123MB of shared system memory, 0 output[s]
[2022.10.04-20.50.29:575][  0]LogD3D12RHI: Chosen D3D12 Adapter Id = 0
[2022.10.04-20.50.29:586][  0]LogD3D12RHI: InitD3DDevice: -D3DDebug = off -D3D12GPUValidation = off
[2022.10.04-20.50.29:717][  0]LogD3D12RHI: The system supports ID3D12Device1.
[2022.10.04-20.50.29:717][  0]LogD3D12RHI: The system supports ID3D12Device2.
[2022.10.04-20.50.29:817][  0]LogD3D12RHI: Display: Not using pipeline state disk cache per r.D3D12.PSO.DiskCache=0
[2022.10.04-20.50.29:817][  0]LogD3D12RHI: Display: Not using driver-optimized pipeline state disk cache per r.D3D12.PSO.DriverOptimizedDiskCache=0
[2022.10.04-20.50.29:900][  0]LogD3D12RHI:     GPU DeviceId: 0x1c82 (for the marketing name, search the web for "GPU Device Id")
[2022.10.04-20.50.29:900][  0]LogWindows: EnumDisplayDevices:
[2022.10.04-20.50.29:900][  0]LogWindows:    0. 'NVIDIA GeForce GTX 1050 Ti' (P:1 D:1)
[2022.10.04-20.50.29:900][  0]LogWindows:    1. 'NVIDIA GeForce GTX 1050 Ti' (P:0 D:0)
[2022.10.04-20.50.29:900][  0]LogWindows:    2. 'NVIDIA GeForce GTX 1050 Ti' (P:0 D:0)
[2022.10.04-20.50.29:901][  0]LogWindows:    3. 'NVIDIA GeForce GTX 1050 Ti' (P:0 D:0)
[2022.10.04-20.50.29:901][  0]LogWindows: DebugString: FoundDriverCount:4 
[2022.10.04-20.50.29:901][  0]LogD3D12RHI:     Adapter Name: NVIDIA GeForce GTX 1050 Ti
[2022.10.04-20.50.29:901][  0]LogD3D12RHI:   Driver Version: 512.15 (internal:30.0.15.1215, unified:512.15)
[2022.10.04-20.50.29:901][  0]LogD3D12RHI:      Driver Date: 3-17-2022
[2022.10.04-20.50.29:901][  0]LogRHI: Texture pool is 2151 MB (70% of 3073 MB)
[2022.10.04-20.50.29:901][  0]LogD3D12RHI: Async texture creation enabled
[2022.10.04-20.50.29:901][  0]LogD3D12RHI: RHI has support for 64 bit atomics
[2022.10.04-20.50.29:919][  0]LogRHI: GeForceNow SDK initialized: 1
[2022.10.04-20.50.29:920][  0]LogRendererCore: Ray tracing is disabled. Reason: r.RayTracing=0.
[2022.10.04-20.50.30:313][  0]LogSlate: Using FreeType 2.10.0
[2022.10.04-20.50.30:577][  0]LogSlate: SlateFontServices - WITH_FREETYPE: 1, WITH_HARFBUZZ: 1
[2022.10.04-20.50.31:101][  0]LogInit: Overriding language with engine language configuration option (en-US-Posix).
[2022.10.04-20.50.31:101][  0]LogInit: Overriding language with engine locale configuration option (en-US-Posix).
[2022.10.04-20.50.31:269][  0]LogTextLocalizationResource: LocRes '../../../FactoryGame/Content/Localization/Game/en/Game.locres' could not be opened for reading!
[2022.10.04-20.50.31:269][  0]LogTextLocalizationResource: LocRes '../../../FactoryGame/Content/Localization/InputKeys/en/InputKeys.locres' could not be opened for reading!
[2022.10.04-20.50.31:275][  0]LogTextLocalizationManager: Compacting localization data took   1.20ms
[2022.10.04-20.50.33:834][  0]LogAssetRegistry: FAssetRegistry took 2.3242 seconds to start up
[2022.10.04-20.50.33:860][  0]LogEnum: Warning: EnumRedirect for enum ECachedNatType maps 'ECachedNATType::CNT_MAX' to invalid value 'ECachedNatType::CNT_MAX'!
[2022.10.04-20.50.33:960][  0]LogStreaming: Display: FlushAsyncLoading: 1 QueuedPackages, 0 AsyncPackages
[2022.10.04-20.50.33:960][  0]LogPackageLocalizationCache: Processed 27 localized package path(s) for 2 prioritized culture(s) in 0.000346 seconds
[2022.10.04-20.50.33:960][  0]LogPakFile: New pak file ../../../FactoryGame/Content/Paks/FactoryGame-WindowsNoEditor.pak added to pak precacher.
[2022.10.04-20.50.34:021][  0]LogSerialization: Display: AllowBulkDataInIoStore: 'true'
[2022.10.04-20.50.34:021][  0]LogInit: Selected Device Profile: [WindowsNoEditor]
[2022.10.04-20.50.34:022][  0]LogInit: Active device profile: [000002818FBEE380][0000028190309D90 49] WindowsNoEditor
[2022.10.04-20.50.34:022][  0]LogInit: Profiles: [000002818FBEE2C0][000002819030B140 49] Windows, [000002818FBEE380][0000028190309D90 49] WindowsNoEditor, 
[2022.10.04-20.50.34:397][  0]LogNetVersion: FactoryGame 1.0.0, NetCL: 202470, EngineNetVer: 16, GameNetVer: 0 (Checksum: 972732958)
[2022.10.04-20.50.36:899][  0]LogWindowsMoviePlayer: Could not load mf.dll. Library not found.
[2022.10.04-20.50.36:900][  0]LogWindowsMoviePlayer: Could not load mfplat.dll. Library not found.
[2022.10.04-20.50.36:901][  0]LogWindowsMoviePlayer: Could not load mfplay.dll. Library not found.
[2022.10.04-20.50.36:901][  0]LogMoviePlayer: Initializing movie player
[2022.10.04-20.50.37:245][  0]LogAkAudio: Wwise(R) SDK Version 2021.1.0 Build 7575. Copyright (c) 2006-2021 Audiokinetic Inc.
[2022.10.04-20.50.37:246][  0]LogAkAudio: Wwise plug-in DLL path: E:/SteamLibrary/steamapps/common/Satisfactory/Engine/Plugins/Wwise/ThirdParty/x64_vc160/Release/bin/
[2022.10.04-20.50.37:246][  0]LogAkAudio: Wwise successfully initialized.
[2022.10.04-20.50.37:246][  0]LogAkAudio: Initialization complete.
[2022.10.04-20.50.37:247][  0]LogInit: Audiokinetic Audio Device initialized.
[2022.10.04-20.50.37:247][  0]LogStreaming: Error: Couldn't find file for package /Wwise/WwiseTree/Icons/Titlebar_WwiseAppIcon requested by async loading code. NameToLoad: /Wwise/WwiseTree/Icons/Titlebar_WwiseAppIcon
[2022.10.04-20.50.37:247][  0]LogStreaming: Error: Found 0 dependent packages...
[2022.10.04-20.50.37:314][  0]LogStreaming: Error: Couldn't find file for package /Wwise/WwiseTypes/AK_Acoustic_Portal requested by async loading code. NameToLoad: /Wwise/WwiseTypes/AK_Acoustic_Portal
[2022.10.04-20.50.37:314][  0]LogStreaming: Error: Found 0 dependent packages...
[2022.10.04-20.50.37:314][  0]LogStreaming: Error: Couldn't find file for package /Wwise/WwiseTypes/AK_Acoustic_Portal_Explorer requested by async loading code. NameToLoad: /Wwise/WwiseTypes/AK_Acoustic_Portal_Explorer
[2022.10.04-20.50.37:314][  0]LogStreaming: Error: Found 0 dependent packages...
[2022.10.04-20.50.37:315][  0]LogStreaming: Error: Couldn't find file for package /Wwise/WwiseTypes/AK_Spatial_Audio_Volume requested by async loading code. NameToLoad: /Wwise/WwiseTypes/AK_Spatial_Audio_Volume
[2022.10.04-20.50.37:315][  0]LogStreaming: Error: Found 0 dependent packages...
[2022.10.04-20.50.37:315][  0]LogStreaming: Error: Couldn't find file for package /Wwise/WwiseTypes/AK_Spatial_Audio_Volume_Explorer requested by async loading code. NameToLoad: /Wwise/WwiseTypes/AK_Spatial_Audio_Volume_Explorer
[2022.10.04-20.50.37:315][  0]LogStreaming: Error: Found 0 dependent packages...
[2022.10.04-20.50.37:315][  0]LogStreaming: Error: Couldn't find file for package /Wwise/WwiseTypes/AK_Reverb_Volume requested by async loading code. NameToLoad: /Wwise/WwiseTypes/AK_Reverb_Volume
[2022.10.04-20.50.37:315][  0]LogStreaming: Error: Found 0 dependent packages...
[2022.10.04-20.50.37:315][  0]LogStreaming: Error: Couldn't find file for package /Wwise/WwiseTypes/AK_Reverb_Volume_Explorer requested by async loading code. NameToLoad: /Wwise/WwiseTypes/AK_Reverb_Volume_Explorer
[2022.10.04-20.50.37:315][  0]LogStreaming: Error: Found 0 dependent packages...
[2022.10.04-20.50.40:286][  0]LogActor: Warning: SetReplicates called on non-initialized actor Default__FGDockingStationInfo. Directly setting bReplicates is the correct procedure for pre-init actors.
[2022.10.04-20.50.40:294][  0]LogSlate: InvalidateAllWidgets triggered.  All widgets were invalidated
[2022.10.04-20.51.02:549][  0]LogStaticMesh: [SM_SpitterMine_01] Mesh is marked for CPU read.
[2022.10.04-20.51.07:449][  0]LogStreaming: Error: Couldn't find file for package /Game/FactoryGame/Schematics/Story/Schematic_ObjectScanner_WAT1 requested by async loading code. NameToLoad: /Game/FactoryGame/Schematics/Story/Schematic_ObjectScanner_WAT1
[2022.10.04-20.51.07:449][  0]LogStreaming: Error: Found 1 dependent packages...
[2022.10.04-20.51.07:449][  0]LogStreaming: Error:   /Game/FactoryGame/Prototype/WAT/Desc_WAT1
[2022.10.04-20.51.07:605][  0]LogStreaming: Error: Couldn't find file for package /Game/FactoryGame/Schematics/Story/Schematic_ObjectScanner_WAT2 requested by async loading code. NameToLoad: /Game/FactoryGame/Schematics/Story/Schematic_ObjectScanner_WAT2
[2022.10.04-20.51.07:605][  0]LogStreaming: Error: Found 1 dependent packages...
[2022.10.04-20.51.07:605][  0]LogStreaming: Error:   /Game/FactoryGame/Prototype/WAT/Desc_WAT2
[2022.10.04-20.51.07:646][  0]LogActor: Warning: SetReplicates called on non-initialized actor Default__FGSimulatedWheeledVehicle. Directly setting bReplicates is the correct procedure for pre-init actors.
[2022.10.04-20.51.16:171][  0]LogSlate: InvalidateAllWidgets triggered.  All widgets were invalidated
[2022.10.04-20.51.33:005][  0]LogPakFile: Precache HighWater 16MB

[2022.10.04-20.51.33:005][  0]LogPakFile: Precache HighWater 32MB

[2022.10.04-20.51.33:005][  0]LogPakFile: Precache HighWater 48MB

[2022.10.04-20.51.33:005][  0]LogPakFile: Precache HighWater 64MB

[2022.10.04-20.51.33:005][  0]LogSlate: InvalidateAllWidgets triggered.  All widgets were invalidated
[2022.10.04-20.51.51:879][  0]LogPakFile: Precache HighWater 80MB

[2022.10.04-20.51.51:879][  0]LogPakFile: Precache HighWater 96MB

[2022.10.04-20.51.51:879][  0]LogSlate: InvalidateAllWidgets triggered.  All widgets were invalidated
[2022.10.04-20.52.01:695][  0]LogPakFile: Precache HighWater 112MB

[2022.10.04-20.52.01:695][  0]LogPakFile: Precache HighWater 128MB

[2022.10.04-20.52.01:695][  0]LogPakFile: Precache HighWater 144MB

[2022.10.04-20.52.01:695][  0]LogSlate: InvalidateAllWidgets triggered.  All widgets were invalidated
[2022.10.04-20.52.01:891][  0]LogActor: Warning: SetReplicates called on non-initialized actor Default__FGWheeledVehicleInfo. Directly setting bReplicates is the correct procedure for pre-init actors.
[2022.10.04-20.52.01:991][  0]LogAudioCaptureCore: Display: No Audio Capture implementations found. Audio input will be silent.
[2022.10.04-20.52.01:991][  0]LogAudioCaptureCore: Display: No Audio Capture implementations found. Audio input will be silent.
[2022.10.04-20.52.02:017][  0]LogUObjectArray: 82649 objects as part of root set at end of initial load.
[2022.10.04-20.52.02:017][  0]LogUObjectArray: 25 objects are not in the root set, but can never be destroyed because they are in the DisregardForGC set.
[2022.10.04-20.52.02:017][  0]LogUObjectAllocator: 25069488 out of 0 bytes used by permanent object pool.
[2022.10.04-20.52.02:017][  0]LogUObjectArray: CloseDisregardForGC: 82649/82649 objects in disregard for GC pool
[2022.10.04-20.52.02:019][  0]LogEngine: Initializing Engine...
[2022.10.04-20.52.02:022][  0]LogStats: UGameplayTagsManager::InitializeManager -  0.001 s
[2022.10.04-20.52.02:080][  0]LogAssetManager: Warning: Ignoring PrimaryAssetType Profiling - Conflicts with Map
[2022.10.04-20.52.02:082][  0]LogInit: Initializing FReadOnlyCVARCache
[2022.10.04-20.52.02:082][  0]LogAudio: Display: Initializing Audio Device Manager...
[2022.10.04-20.52.02:087][  0]LogAudio: Display: Audio Device Manager Initialized
[2022.10.04-20.52.02:087][  0]LogAudio: Display: Creating Audio Device:                 Id: 1, Scope: Shared, Realtime: True
[2022.10.04-20.52.02:087][  0]LogAudioMixer: Display: Audio Mixer Platform Settings:
[2022.10.04-20.52.02:087][  0]LogAudioMixer: Display: 	Sample Rate:						  48000
[2022.10.04-20.52.02:087][  0]LogAudioMixer: Display: 	Callback Buffer Frame Size Requested: 1024
[2022.10.04-20.52.02:087][  0]LogAudioMixer: Display: 	Callback Buffer Frame Size To Use:	  1024
[2022.10.04-20.52.02:087][  0]LogAudioMixer: Display: 	Number of buffers to queue:			  2
[2022.10.04-20.52.02:087][  0]LogAudioMixer: Display: 	Max Channels (voices):				  32
[2022.10.04-20.52.02:087][  0]LogAudioMixer: Display: 	Number of Async Source Workers:		  0
[2022.10.04-20.52.02:087][  0]LogAudio: Display: AudioDevice MaxSources: 32
[2022.10.04-20.52.02:087][  0]LogAudio: Display: Using built-in audio occlusion.
[2022.10.04-20.52.02:087][  0]LogAudioMixer: Display: Initializing audio mixer.
[2022.10.04-20.52.02:102][  0]LogAudioDebug: Display: Lib vorbis DLL was dynamically loaded.
[2022.10.04-20.52.02:106][  0]LogAudioMixer: Display: 0: FrontLeft
[2022.10.04-20.52.02:106][  0]LogAudioMixer: Display: 1: FrontRight
[2022.10.04-20.52.02:127][  0]LogAudioMixer: Display: Using Audio Device Speakers (High Definition Audio Device)
[2022.10.04-20.52.02:127][  0]LogAudioMixer: Display: Initializing Sound Submixes...
[2022.10.04-20.52.02:128][  0]LogAudioMixer: Display: Creating Master Submix 'MasterSubmixDefault'
[2022.10.04-20.52.02:128][  0]LogAudioMixer: Display: Creating Master Submix 'MasterReverbSubmixDefault'
[2022.10.04-20.52.02:130][  0]LogAudioMixer: Display: Creating Master Submix 'MasterEQSubmixDefault'
[2022.10.04-20.52.02:130][  0]LogAudioMixer: FMixerPlatformXAudio2::StartAudioStream() called
[2022.10.04-20.52.02:130][  0]LogAudioMixer: Display: Output buffers initialized: Frames=1024, Channels=2, Samples=2048
[2022.10.04-20.52.02:131][  0]LogAudioMixer: Display: Starting AudioMixerPlatformInterface::RunInternal()
[2022.10.04-20.52.02:131][  0]LogAudioMixer: Display: FMixerPlatformXAudio2::SubmitBuffer() called for the first time
[2022.10.04-20.52.02:131][  0]LogInit: FAudioDevice initialized.
[2022.10.04-20.52.02:133][  0]LogNetVersion: Set ProjectVersion to 0.0.1.0. Version Checksum will be recalculated on next use.
[2022.10.04-20.52.02:133][  0]LogInit: Texture streaming: Enabled
[2022.10.04-20.52.02:144][  0]LogGame: MaxNumBackupsaves: 25
[2022.10.04-20.52.02:145][  0]LogAudio: Display: Audio Device (ID: 1) registered with world 'Untitled'.
[2022.10.04-20.52.02:145][  0]LogSlate: Updating window title bar state: overlay mode, drag disabled, window buttons hidden, title bar hidden
[2022.10.04-20.52.02:145][  0]LogStreaming: Warning: Failed to read file 'C:/Users/red/AppData/Local/FactoryGame/Saved/SaveGames/ServerManager.sav' error.
[2022.10.04-20.52.02:147][  0]LogGame: Login status changed from LoggedIn to LoggedIn
[2022.10.04-20.52.02:147][  0]LogInit: Display: Game Engine Initialized.
[2022.10.04-20.52.02:147][  0]LogNetVersion: Set ProjectVersion to ++FactoryGame+rel-main-0.6.0-CL-202470. Version Checksum will be recalculated on next use.
[2022.10.04-20.52.02:147][  0]LogConsoleResponse: Display: RHIThread is now running on a dedicated thread.
[2022.10.04-20.52.02:148][  0]LogAkAudio: Loading intitial data.
[2022.10.04-20.52.02:215][  0]LogAkAudio: Loading intitial data complete, took: 0.066681
[2022.10.04-20.52.02:215][  0]LogInit: OnPostEngineInit has been broadcasted successfully.
[2022.10.04-20.52.02:229][  0]LogInit: Display: Starting Game.
[2022.10.04-20.52.02:230][  0]LogNet: Browse: /Game/FactoryGame/Map/MenuScenes/Map_MenuScene_Update_06?Name=Player
[2022.10.04-20.52.02:231][  0]LogLoad: LoadMap: /Game/FactoryGame/Map/MenuScenes/Map_MenuScene_Update_06?Name=Player
[2022.10.04-20.52.02:231][  0]LogWorld: BeginTearingDown for /Temp/Untitled_23
[2022.10.04-20.52.02:233][  0]LogWorld: UWorld::CleanupWorld for Untitled, bSessionEnded=true, bCleanupResources=true
[2022.10.04-20.52.02:233][  0]LogAudio: Display: Audio Device unregistered from world 'None'.
[2022.10.04-20.52.02:239][  0]LogUObjectHash: Compacting FUObjectHashTables data took   4.91ms
[2022.10.04-20.52.02:429][  0]LogMaterial: Error: Tried to access an uncooked shader map ID in a cooked application
[2022.10.04-20.52.02:429][  0]LogMaterial: Warning: Invalid shader map ID caching shaders for 'mm1', will use default material.
[2022.10.04-20.52.02:429][  0]LogMaterial: Can't compile mm1 with cooked content, will use default material instead
[2022.10.04-20.52.02:429][  0]LogMaterial: Warning: [AssetLog] /Game/FactoryGame/Prototype/Buildable/FoundationRework/MidLow/mm1.mm1: Failed to compile Material for platform PCD3D_SM5, Default Material will be used in game.
[2022.10.04-20.52.02:434][  0]LogAudio: Display: Audio Device (ID: 1) registered with world 'Map_MenuScene_Update_06'.
[2022.10.04-20.52.02:438][  0]LogAIModule: Creating AISystem for world Map_MenuScene_Update_06
[2022.10.04-20.52.02:440][  0]LogLoad: Game class is 'BP_GameModeMenu_C'
[2022.10.04-20.52.02:440][  0]LogStreaming: Display: ULevelStreaming::RequestLevel(/Game/FactoryGame/Map/MenuScenes/Menu_Tile_X5_Y2) is flushing async loading
[2022.10.04-20.52.02:527][  0]LogWindows: Windows GetLastError: The operation completed successfully. (0)
[2022.10.04-20.53.02:528][  0]LogThreadingWindows: Error: Runnable thread FAsyncLoadingThread crashed.
[2022.10.04-20.53.02:528][  0]LogWindows: Error: === Critical error: ===
[2022.10.04-20.53.02:528][  0]LogWindows: Error: 
[2022.10.04-20.53.02:528][  0]LogWindows: Error: Assertion failed: SerializeNum >= 0 [File:D:\ws\SB-220602145101-842\UE4\Engine\Source\Runtime\Core\Public\Containers/Array.h] [Line: 1152] 
[2022.10.04-20.53.02:528][  0]LogWindows: Error: 
[2022.10.04-20.53.02:528][  0]LogWindows: Error: 
[2022.10.04-20.53.02:528][  0]LogWindows: Error: 
[2022.10.04-20.53.02:528][  0]LogWindows: Error: 
[2022.10.04-20.53.02:528][  0]LogWindows: Error: Crash in runnable thread FAsyncLoadingThread
[2022.10.04-20.53.02:730][  0]LogExit: Executing StaticShutdownAfterError
[2022.10.04-20.53.02:730][  0]LogWindows: FPlatformMisc::RequestExit(1)
[2022.10.04-20.53.02:730][  0]LogCore: Engine exit requested (reason: Win RequestExit)
[2022.10.04-20.53.02:767][  0]Log file closed, 10/04/22 17:53:02
