Log file open, 10/04/22 16:11:10
LogInit: Display: Running engine for game: FactoryGame
LogInit: Display: Project file not found: E:/SteamLibrary/steamapps/common/Satisfactory/FactoryGame/FactoryGame.uproject
LogInit: Display: 	Attempting to find via project info helper.
LogUProjectInfo: Found projects:
LogPakFile: Display: Found Pak file ../../../FactoryGame/Content/Paks/FactoryGame-WindowsNoEditor.pak attempting to mount.
LogPakFile: Display: Mounting pak file ../../../FactoryGame/Content/Paks/FactoryGame-WindowsNoEditor.pak.
LogPakFile: PakFile PrimaryIndexSize=865794
LogPakFile: PakFile PathHashIndexSize=803921
LogPakFile: PakFile FullDirectoryIndexSize=2263383
LogPakFile: OnPakFileMounted2Time == 0.000007
LogPlatformFile: Not using cached read wrapper
LogTaskGraph: Started task graph with 4 named threads and 13 total threads with 3 sets of task threads.
LogD3D11RHI: Loaded GFSDK_Aftermath_Lib.x64.dll
LogICUInternationalization: ICU TimeZone Detection - Raw Offset: -3:00, Platform Override: ''
LogPluginManager: Mounting plugin ReplicationGraph
LogPluginManager: Mounting plugin DTLSHandlerComponent
LogPluginManager: Mounting plugin Wwise
LogPluginManager: Mounting plugin GeometryMode
LogPluginManager: Mounting plugin ApexDestruction
LogPluginManager: Mounting plugin BlueprintStats
LogPluginManager: Mounting plugin OnlineFramework
LogPluginManager: Mounting plugin OnlineSubsystem
LogPluginManager: Mounting plugin OnlineSubsystemUtils
LogPluginManager: Mounting plugin LensDistortion
LogPluginManager: Mounting plugin WindowsDeviceProfileSelector
LogPluginManager: Mounting plugin SteamController
LogPluginManager: Mounting plugin SteamShared
LogPluginManager: Mounting plugin RawInput
LogPluginManager: Mounting plugin MfMedia
LogPluginManager: Mounting plugin OnlineSubsystemSteam
LogPluginManager: Mounting plugin OnlineSubsystemEOS
LogPluginManager: Mounting plugin SignificanceManager
LogPluginManager: Mounting plugin PythonScriptPlugin
LogPluginManager: Mounting plugin EditorScriptingUtilities
LogPluginManager: Mounting plugin EditorTests
LogPluginManager: Mounting plugin FbxAutomationTestBuilder
LogPluginManager: Mounting plugin FunctionalTestingEditor
LogPluginManager: Mounting plugin RuntimeTests
LogPluginManager: Mounting plugin ScreenshotTools
LogPluginManager: Mounting plugin Landmass
LogPluginManager: Mounting plugin ControlRig
LogPluginManager: Mounting plugin LevelSequenceEditor
LogPluginManager: Mounting plugin FullBodyIK
LogPluginManager: Mounting plugin DSTelemetry
LogPluginManager: Mounting plugin CSSEditorToolsExtension
LogPluginManager: Mounting plugin Paper2D
LogPluginManager: Mounting plugin AISupport
LogPluginManager: Mounting plugin EnvironmentQueryEditor
LogPluginManager: Mounting plugin LightPropagationVolume
LogPluginManager: Mounting plugin AnimationSharing
LogPluginManager: Mounting plugin PluginUtils
LogPluginManager: Mounting plugin PropertyAccessEditor
LogPluginManager: Mounting plugin UObjectPlugin
LogPluginManager: Mounting plugin AssetManagerEditor
LogPluginManager: Mounting plugin FacialAnimation
LogPluginManager: Mounting plugin SpeedTreeImporter
LogPluginManager: Mounting plugin DatasmithContent
LogPluginManager: Mounting plugin VariantManagerContent
LogPluginManager: Mounting plugin AlembicImporter
LogPluginManager: Mounting plugin GeometryCache
LogPluginManager: Mounting plugin AutomationUtils
LogPluginManager: Mounting plugin BackChannel
LogPluginManager: Mounting plugin ChaosClothEditor
LogPluginManager: Mounting plugin ChaosCloth
LogPluginManager: Mounting plugin ChaosEditor
LogPluginManager: Mounting plugin PlanarCut
LogPluginManager: Mounting plugin GeometryProcessing
LogPluginManager: Mounting plugin EditableMesh
LogPluginManager: Mounting plugin GeometryCollectionPlugin
LogPluginManager: Mounting plugin ProceduralMeshComponent
LogPluginManager: Mounting plugin ChaosSolverPlugin
LogPluginManager: Mounting plugin ChaosNiagara
LogPluginManager: Mounting plugin Niagara
LogPluginManager: Mounting plugin CharacterAI
LogPluginManager: Mounting plugin MotoSynth
LogPluginManager: Mounting plugin PlatformCrypto
LogPluginManager: Mounting plugin MagicLeapPassableWorld
LogPluginManager: Mounting plugin MLSDK
LogPluginManager: Mounting plugin ImgMedia
LogPluginManager: Mounting plugin MediaCompositing
LogPluginManager: Mounting plugin WmfMedia
LogPluginManager: Mounting plugin MeshPainting
LogPluginManager: Mounting plugin TcpMessaging
LogPluginManager: Mounting plugin UdpMessaging
LogPluginManager: Mounting plugin ActorSequence
LogPluginManager: Mounting plugin MatineeToLevelSequence
LogPluginManager: Mounting plugin TemplateSequence
LogPluginManager: Mounting plugin OnlineSubsystemNull
LogPluginManager: Mounting plugin LauncherChunkInstaller
LogPluginManager: Mounting plugin ActorLayerUtilities
LogPluginManager: Mounting plugin AppleImageUtils
LogPluginManager: Mounting plugin AssetTags
LogPluginManager: Mounting plugin AudioCapture
LogPluginManager: Mounting plugin CableComponent
LogPluginManager: Mounting plugin ChunkDownloader
LogPluginManager: Mounting plugin CustomMeshComponent
LogPluginManager: Mounting plugin ExampleDeviceProfileSelector
LogPluginManager: Mounting plugin GooglePAD
LogPluginManager: Mounting plugin PhysXVehicles
LogPluginManager: Mounting plugin RuntimePhysXCooking
LogPluginManager: Mounting plugin SoundFields
LogPluginManager: Mounting plugin Synthesis
LogPluginManager: Mounting plugin AudioSynesthesia
LogPluginManager: Mounting plugin WebMMoviePlayer
LogPluginManager: Mounting plugin WebMMedia
LogPluginManager: Mounting plugin WindowsMoviePlayer
LogPluginManager: Mounting plugin ComplementMoreMilestone
LogPluginManager: Mounting plugin MiniMap
LogPluginManager: Mounting plugin MK22k20
LogPluginManager: Mounting plugin MoreMilestones
LogPluginManager: Mounting plugin ModularUI
LogPluginManager: Mounting plugin OtherComp3
LogPluginManager: Mounting plugin RefinedPower
LogPluginManager: Mounting plugin RefinedRDLib
LogPluginManager: Mounting plugin SmartFoundations
LogPluginManager: Mounting plugin SML
LogPluginManager: Mounting plugin UtilityMod
LogPakFile: PakFile PrimaryIndexSize=46475
LogPakFile: PakFile PathHashIndexSize=46328
LogPakFile: PakFile FullDirectoryIndexSize=134104
LogPakFile: OnPakFileMounted2Time == 0.000008
LogPakFile: PakFile PrimaryIndexSize=835
LogPakFile: PakFile PathHashIndexSize=757
LogPakFile: PakFile FullDirectoryIndexSize=1775
LogPakFile: OnPakFileMounted2Time == 0.000009
LogPakFile: PakFile PrimaryIndexSize=9319
LogPakFile: PakFile PathHashIndexSize=9188
LogPakFile: PakFile FullDirectoryIndexSize=26376
LogPakFile: OnPakFileMounted2Time == 0.000010
LogPakFile: PakFile PrimaryIndexSize=96038
LogPakFile: PakFile PathHashIndexSize=95900
LogPakFile: PakFile FullDirectoryIndexSize=261289
LogPakFile: OnPakFileMounted2Time == 0.000011
LogPakFile: PakFile PrimaryIndexSize=10929
LogPakFile: PakFile PathHashIndexSize=10796
LogPakFile: PakFile FullDirectoryIndexSize=27800
LogPakFile: OnPakFileMounted2Time == 0.000011
LogPakFile: PakFile PrimaryIndexSize=24850
LogPakFile: PakFile PathHashIndexSize=24716
LogPakFile: PakFile FullDirectoryIndexSize=57883
LogPakFile: OnPakFileMounted2Time == 0.000012
LogPakFile: PakFile PrimaryIndexSize=24648
LogPakFile: PakFile PathHashIndexSize=24569
LogPakFile: PakFile FullDirectoryIndexSize=85375
LogPakFile: OnPakFileMounted2Time == 0.000012
LogPakFile: PakFile PrimaryIndexSize=1956
LogPakFile: PakFile PathHashIndexSize=1877
LogPakFile: PakFile FullDirectoryIndexSize=5237
LogPakFile: OnPakFileMounted2Time == 0.000012
LogPakFile: PakFile PrimaryIndexSize=580
LogPakFile: PakFile PathHashIndexSize=524
LogPakFile: PakFile FullDirectoryIndexSize=1156
LogPakFile: OnPakFileMounted2Time == 0.000013
LogPakFile: PakFile PrimaryIndexSize=1215
LogPakFile: PakFile PathHashIndexSize=1172
LogPakFile: PakFile FullDirectoryIndexSize=3526
LogPakFile: OnPakFileMounted2Time == 0.000013
LogPakFile: PakFile PrimaryIndexSize=454
LogPakFile: PakFile PathHashIndexSize=404
LogPakFile: PakFile FullDirectoryIndexSize=926
LogPakFile: OnPakFileMounted2Time == 0.000014
LogInit: Using libcurl 7.55.1-DEV
LogInit:  - built for x86_64-pc-win32
LogInit:  - supports SSL with OpenSSL/1.1.1
LogInit:  - supports HTTP deflate (compression) using libz 1.2.8
LogInit:  - other features:
LogInit:      CURL_VERSION_SSL
LogInit:      CURL_VERSION_LIBZ
LogInit:      CURL_VERSION_IPV6
LogInit:      CURL_VERSION_ASYNCHDNS
LogInit:      CURL_VERSION_LARGEFILE
LogInit:      CURL_VERSION_IDN
LogInit:  CurlRequestOptions (configurable via config and command line):
LogInit:  - bVerifyPeer = true  - Libcurl will verify peer certificate
LogInit:  - bUseHttpProxy = false  - Libcurl will NOT use HTTP proxy
LogInit:  - bDontReuseConnections = false  - Libcurl will reuse connections
LogInit:  - MaxHostConnections = 16  - Libcurl will limit the number of connections to a host
LogInit:  - LocalHostAddr = Default
LogInit:  - BufferSize = 65536
LogInit: WinSock: version 1.1 (2.2), MaxSocks=32767, MaxUdp=65467
LogOnline: OSS: Creating online subsystem instance for: EOS
LogOnline: OSS: FOnlineSubsystemEOS: Init success.
LogSteamShared: Display: Loading Steam SDK 1.47
LogSteamShared: Steam SDK Loaded!
LogOnline: OSS: Creating online subsystem instance for: STEAM
LogGenericPlatformMisc: Error: SetEnvironmentVar not implemented for this platform: SteamAppId = 526870
LogOnline: STEAM: Steam User is subscribed 1
LogOnline: STEAM: [AppId: 526870] Client API initialized 1
LogOnline: STEAM: Initializing SteamNetworking Layer
LogOnline: STEAM: Missing P2PCleanupTimeout key in OnlineSubsystemSteam of DefaultEngine.ini, using default
LogOnline: OSS: TryLoadSubsystemAndSetDefault: Loaded subsystem for module [EOS]
LogLuminAPIImpl: Warning: MLSDK not found.  This likely means the MLSDK environment variable is not set.
LogWmfMedia: Failed to load mf.dll
LogWmfMedia: Failed to load required Windows Media Foundation libraries
LogInit: Build: ++FactoryGame+rel-main-0.6.0-CL-202470
LogInit: Engine Version: 4.26.2-202470+++FactoryGame+rel-main-0.6.0
LogInit: Compatible Engine Version: 4.26.2-202470+++FactoryGame+rel-main-0.6.0
LogInit: Net CL: 202470
LogInit: OS: Windows 10 (Release 2009) (), CPU:         Intel(R) Core(TM) i5-2400 CPU @ 3.10GHz, GPU: NVIDIA GeForce GTX 1050 Ti
LogInit: Compiled (64-bit): Sep 27 2022 18:39:00
LogInit: Compiled with Visual C++: 19.24.28325.00
LogInit: Build Configuration: Shipping
LogInit: Branch Name: ++FactoryGame+rel-main-0.6.0
LogInit: Command Line:  -NO_EOS_OVERLAY
LogInit: Base Directory: E:/SteamLibrary/steamapps/common/Satisfactory/Engine/Binaries/Win64/
LogInit: Allocator: binned2
LogInit: Installed Engine Build: 1
LogInit: Launcher File: E:/SteamLibrary/steamapps/common/Satisfactory/launcher_id
LogInit: Launcher ID: steam
LogInit: Launcher Artifact: 
LogInit: Presizing for max 2097152 objects, including 1 objects not considered by GC, pre-allocating 0 bytes for permanent pool.
LogStreaming: Display: Async Loading initialized: Event Driven Loader: true, Async Loading Thread: true, Async Post Load: true
LogInit: Object subsystem initialized
[2022.10.04-19.11.10:735][  0]LogInit: Selected Device Profile: [WindowsNoEditor]
[2022.10.04-19.11.10:735][  0]LogInit: Applying CVar settings loaded from the selected device profile: [WindowsNoEditor]
[2022.10.04-19.11.10:735][  0]LogHAL: Display: Platform has ~ 12 GB [12841185280 / 17179869184 / 12], which maps to Larger [LargestMinGB=32, LargerMinGB=12, DefaultMinGB=8, SmallerMinGB=6, SmallestMinGB=0)
[2022.10.04-19.11.10:735][  0]LogInit: Going up to parent DeviceProfile [Windows]
[2022.10.04-19.11.10:735][  0]LogInit: Going up to parent DeviceProfile []
[2022.10.04-19.11.10:735][  0]LogInit: Computer: DESKTOP-C496C71
[2022.10.04-19.11.10:735][  0]LogInit: User: red
[2022.10.04-19.11.10:735][  0]LogInit: CPU Page size=4096, Cores=4
[2022.10.04-19.11.10:735][  0]LogInit: High frequency timer resolution =10.000000 MHz
[2022.10.04-19.11.10:736][  0]LogMemory: Memory total: Physical=12.0GB (12GB approx)
[2022.10.04-19.11.10:736][  0]LogMemory: Platform Memory Stats for WindowsNoEditor
[2022.10.04-19.11.10:736][  0]LogMemory: Process Physical Memory: 114.79 MB used, 114.79 MB peak
[2022.10.04-19.11.10:736][  0]LogMemory: Process Virtual Memory: 96.34 MB used, 96.34 MB peak
[2022.10.04-19.11.10:736][  0]LogMemory: Physical Memory: 6256.28 MB used,  5990.03 MB free, 12246.31 MB total
[2022.10.04-19.11.10:736][  0]LogMemory: Virtual Memory: 134206024.00 MB used,  11707.43 MB free, 134217728.00 MB total
[2022.10.04-19.11.10:739][  0]LogWindows: WindowsPlatformFeatures enabled
[2022.10.04-19.11.10:766][  0]LogInit: Physics initialised using underlying interface: PhysX
[2022.10.04-19.11.10:767][  0]LogInit: Overriding language with engine language configuration option (en-US-Posix).
[2022.10.04-19.11.10:767][  0]LogInit: Overriding language with engine locale configuration option (en-US-Posix).
[2022.10.04-19.11.10:776][  0]LogTextLocalizationResource: LocRes '../../../Engine/Content/Localization/Engine/en-US-POSIX/Engine.locres' could not be opened for reading!
[2022.10.04-19.11.10:776][  0]LogTextLocalizationResource: LocRes '../../../Engine/Plugins/Online/OnlineFramework/Content/Localization/OnlineFramework/en-US-POSIX/OnlineFramework.locres' could not be opened for reading!
[2022.10.04-19.11.10:777][  0]LogTextLocalizationResource: LocRes '../../../Engine/Plugins/Online/OnlineSubsystem/Content/Localization/OnlineSubsystem/en-US-POSIX/OnlineSubsystem.locres' could not be opened for reading!
[2022.10.04-19.11.10:777][  0]LogTextLocalizationResource: LocRes '../../../Engine/Plugins/Online/OnlineSubsystemUtils/Content/Localization/OnlineSubsystemUtils/en-US-POSIX/OnlineSubsystemUtils.locres' could not be opened for reading!
[2022.10.04-19.11.10:777][  0]LogTextLocalizationResource: LocRes '../../../Engine/Plugins/Online/OnlineSubsystemSteam/Content/Localization/OnlineSubsystemSteam/en-US-POSIX/OnlineSubsystemSteam.locres' could not be opened for reading!
[2022.10.04-19.11.10:807][  0]LogWindowsTextInputMethodSystem: Display: IME system deactivated.
[2022.10.04-19.11.10:830][  0]LogSlate: New Slate User Created.  User Index 0, Is Virtual User: 0
[2022.10.04-19.11.10:830][  0]LogSlate: Slate User Registered.  User Index 0, Is Virtual User: 0
[2022.10.04-19.11.10:852][  0]LogD3D12RHI: Aftermath initialized
[2022.10.04-19.11.11:138][  0]LogOnline: Warning: STEAM: Failed to obtain steam user stats, user: (STEAM)Redgabriel_13 [0x1AE258FB3B0] has no stats entries
[2022.10.04-19.11.11:138][  0]LogD3D12RHI: Found D3D12 adapter 0: NVIDIA GeForce GTX 1050 Ti (Max supported Feature Level 12_1)
[2022.10.04-19.11.11:138][  0]LogD3D12RHI: Adapter has 4018MB of dedicated video memory, 0MB of dedicated system memory, and 6123MB of shared system memory, 1 output[s]
[2022.10.04-19.11.11:314][  0]LogD3D12RHI: Found D3D12 adapter 1: Microsoft Basic Render Driver (Max supported Feature Level 12_1)
[2022.10.04-19.11.11:314][  0]LogD3D12RHI: Adapter has 0MB of dedicated video memory, 0MB of dedicated system memory, and 6123MB of shared system memory, 0 output[s]
[2022.10.04-19.11.11:314][  0]LogD3D12RHI: Chosen D3D12 Adapter Id = 0
[2022.10.04-19.11.11:324][  0]LogD3D12RHI: InitD3DDevice: -D3DDebug = off -D3D12GPUValidation = off
[2022.10.04-19.11.11:451][  0]LogD3D12RHI: The system supports ID3D12Device1.
[2022.10.04-19.11.11:451][  0]LogD3D12RHI: The system supports ID3D12Device2.
[2022.10.04-19.11.11:547][  0]LogD3D12RHI: Display: Not using pipeline state disk cache per r.D3D12.PSO.DiskCache=0
[2022.10.04-19.11.11:547][  0]LogD3D12RHI: Display: Not using driver-optimized pipeline state disk cache per r.D3D12.PSO.DriverOptimizedDiskCache=0
[2022.10.04-19.11.11:556][  0]LogD3D12RHI:     GPU DeviceId: 0x1c82 (for the marketing name, search the web for "GPU Device Id")
[2022.10.04-19.11.11:557][  0]LogWindows: EnumDisplayDevices:
[2022.10.04-19.11.11:557][  0]LogWindows:    0. 'NVIDIA GeForce GTX 1050 Ti' (P:1 D:1)
[2022.10.04-19.11.11:557][  0]LogWindows:    1. 'NVIDIA GeForce GTX 1050 Ti' (P:0 D:0)
[2022.10.04-19.11.11:557][  0]LogWindows:    2. 'NVIDIA GeForce GTX 1050 Ti' (P:0 D:0)
[2022.10.04-19.11.11:558][  0]LogWindows:    3. 'NVIDIA GeForce GTX 1050 Ti' (P:0 D:0)
[2022.10.04-19.11.11:558][  0]LogWindows: DebugString: FoundDriverCount:4 
[2022.10.04-19.11.11:558][  0]LogD3D12RHI:     Adapter Name: NVIDIA GeForce GTX 1050 Ti
[2022.10.04-19.11.11:558][  0]LogD3D12RHI:   Driver Version: 512.15 (internal:30.0.15.1215, unified:512.15)
[2022.10.04-19.11.11:558][  0]LogD3D12RHI:      Driver Date: 3-17-2022
[2022.10.04-19.11.11:558][  0]LogRHI: Texture pool is 2151 MB (70% of 3073 MB)
[2022.10.04-19.11.11:558][  0]LogD3D12RHI: Async texture creation enabled
[2022.10.04-19.11.11:558][  0]LogD3D12RHI: RHI has support for 64 bit atomics
[2022.10.04-19.11.11:575][  0]LogRHI: GeForceNow SDK initialized: 1
[2022.10.04-19.11.11:576][  0]LogRendererCore: Ray tracing is disabled. Reason: r.RayTracing=0.
[2022.10.04-19.11.11:590][  0]LogSlate: Using FreeType 2.10.0
[2022.10.04-19.11.11:591][  0]LogSlate: SlateFontServices - WITH_FREETYPE: 1, WITH_HARFBUZZ: 1
[2022.10.04-19.11.11:721][  0]LogInit: Overriding language with engine language configuration option (en-US-Posix).
[2022.10.04-19.11.11:721][  0]LogInit: Overriding language with engine locale configuration option (en-US-Posix).
[2022.10.04-19.11.11:730][  0]LogTextLocalizationResource: LocRes '../../../FactoryGame/Content/Localization/Game/en/Game.locres' could not be opened for reading!
[2022.10.04-19.11.11:730][  0]LogTextLocalizationResource: LocRes '../../../FactoryGame/Content/Localization/InputKeys/en/InputKeys.locres' could not be opened for reading!
[2022.10.04-19.11.11:735][  0]LogTextLocalizationManager: Compacting localization data took   0.86ms
[2022.10.04-19.11.12:069][  0]LogAssetRegistry: FAssetRegistry took 0.3321 seconds to start up
[2022.10.04-19.11.12:090][  0]LogEnum: Warning: EnumRedirect for enum ECachedNatType maps 'ECachedNATType::CNT_MAX' to invalid value 'ECachedNatType::CNT_MAX'!
[2022.10.04-19.11.12:136][  0]LogStreaming: Display: FlushAsyncLoading: 1 QueuedPackages, 0 AsyncPackages
[2022.10.04-19.11.12:137][  0]LogPackageLocalizationCache: Processed 38 localized package path(s) for 2 prioritized culture(s) in 0.000189 seconds
[2022.10.04-19.11.12:137][  0]LogPakFile: New pak file ../../../FactoryGame/Content/Paks/FactoryGame-WindowsNoEditor.pak added to pak precacher.
[2022.10.04-19.11.12:145][  0]LogSerialization: Display: AllowBulkDataInIoStore: 'true'
[2022.10.04-19.11.12:145][  0]LogInit: Selected Device Profile: [WindowsNoEditor]
[2022.10.04-19.11.12:146][  0]LogInit: Active device profile: [000001AE3A06CA00][000001AE31E87630 49] WindowsNoEditor
[2022.10.04-19.11.12:146][  0]LogInit: Profiles: [000001AE3A06C940][000001AE31E889E0 49] Windows, [000001AE3A06CA00][000001AE31E87630 49] WindowsNoEditor, 
[2022.10.04-19.11.12:166][  0]LogNetVersion: FactoryGame 1.0.0, NetCL: 202470, EngineNetVer: 16, GameNetVer: 0 (Checksum: 972732958)
[2022.10.04-19.11.12:239][  0]LogWindowsMoviePlayer: Could not load mf.dll. Library not found.
[2022.10.04-19.11.12:240][  0]LogWindowsMoviePlayer: Could not load mfplat.dll. Library not found.
[2022.10.04-19.11.12:242][  0]LogWindowsMoviePlayer: Could not load mfplay.dll. Library not found.
[2022.10.04-19.11.12:242][  0]LogMoviePlayer: Initializing movie player
[2022.10.04-19.11.12:296][  0]LogAkAudio: Wwise(R) SDK Version 2021.1.0 Build 7575. Copyright (c) 2006-2021 Audiokinetic Inc.
[2022.10.04-19.11.12:297][  0]LogAkAudio: Wwise plug-in DLL path: E:/SteamLibrary/steamapps/common/Satisfactory/Engine/Plugins/Wwise/ThirdParty/x64_vc160/Release/bin/
[2022.10.04-19.11.12:297][  0]LogAkAudio: Wwise successfully initialized.
[2022.10.04-19.11.12:297][  0]LogAkAudio: Initialization complete.
[2022.10.04-19.11.12:297][  0]LogInit: Audiokinetic Audio Device initialized.
[2022.10.04-19.11.12:298][  0]LogStreaming: Error: Couldn't find file for package /Wwise/WwiseTree/Icons/Titlebar_WwiseAppIcon requested by async loading code. NameToLoad: /Wwise/WwiseTree/Icons/Titlebar_WwiseAppIcon
[2022.10.04-19.11.12:298][  0]LogStreaming: Error: Found 0 dependent packages...
[2022.10.04-19.11.12:311][  0]LogStreaming: Error: Couldn't find file for package /Wwise/WwiseTypes/AK_Acoustic_Portal requested by async loading code. NameToLoad: /Wwise/WwiseTypes/AK_Acoustic_Portal
[2022.10.04-19.11.12:311][  0]LogStreaming: Error: Found 0 dependent packages...
[2022.10.04-19.11.12:311][  0]LogStreaming: Error: Couldn't find file for package /Wwise/WwiseTypes/AK_Acoustic_Portal_Explorer requested by async loading code. NameToLoad: /Wwise/WwiseTypes/AK_Acoustic_Portal_Explorer
[2022.10.04-19.11.12:311][  0]LogStreaming: Error: Found 0 dependent packages...
[2022.10.04-19.11.12:311][  0]LogStreaming: Error: Couldn't find file for package /Wwise/WwiseTypes/AK_Spatial_Audio_Volume requested by async loading code. NameToLoad: /Wwise/WwiseTypes/AK_Spatial_Audio_Volume
[2022.10.04-19.11.12:311][  0]LogStreaming: Error: Found 0 dependent packages...
[2022.10.04-19.11.12:311][  0]LogStreaming: Error: Couldn't find file for package /Wwise/WwiseTypes/AK_Spatial_Audio_Volume_Explorer requested by async loading code. NameToLoad: /Wwise/WwiseTypes/AK_Spatial_Audio_Volume_Explorer
[2022.10.04-19.11.12:311][  0]LogStreaming: Error: Found 0 dependent packages...
[2022.10.04-19.11.12:312][  0]LogStreaming: Error: Couldn't find file for package /Wwise/WwiseTypes/AK_Reverb_Volume requested by async loading code. NameToLoad: /Wwise/WwiseTypes/AK_Reverb_Volume
[2022.10.04-19.11.12:312][  0]LogStreaming: Error: Found 0 dependent packages...
[2022.10.04-19.11.12:312][  0]LogStreaming: Error: Couldn't find file for package /Wwise/WwiseTypes/AK_Reverb_Volume_Explorer requested by async loading code. NameToLoad: /Wwise/WwiseTypes/AK_Reverb_Volume_Explorer
[2022.10.04-19.11.12:312][  0]LogStreaming: Error: Found 0 dependent packages...
[2022.10.04-19.11.12:470][  0]LogActor: Warning: SetReplicates called on non-initialized actor Default__FGDockingStationInfo. Directly setting bReplicates is the correct procedure for pre-init actors.
[2022.10.04-19.11.12:477][  0]LogSlate: InvalidateAllWidgets triggered.  All widgets were invalidated
[2022.10.04-19.11.13:150][  0]LogPakFile: Precache HighWater 16MB

[2022.10.04-19.11.13:150][  0]LogPakFile: Precache HighWater 32MB

[2022.10.04-19.11.13:150][  0]LogStaticMesh: [SM_SpitterMine_01] Mesh is marked for CPU read.
[2022.10.04-19.11.13:326][  0]LogStreaming: Error: Couldn't find file for package /Game/FactoryGame/Schematics/Story/Schematic_ObjectScanner_WAT1 requested by async loading code. NameToLoad: /Game/FactoryGame/Schematics/Story/Schematic_ObjectScanner_WAT1
[2022.10.04-19.11.13:326][  0]LogStreaming: Error: Found 1 dependent packages...
[2022.10.04-19.11.13:326][  0]LogStreaming: Error:   /Game/FactoryGame/Prototype/WAT/Desc_WAT1
[2022.10.04-19.11.13:329][  0]LogStreaming: Error: Couldn't find file for package /Game/FactoryGame/Schematics/Story/Schematic_ObjectScanner_WAT2 requested by async loading code. NameToLoad: /Game/FactoryGame/Schematics/Story/Schematic_ObjectScanner_WAT2
[2022.10.04-19.11.13:329][  0]LogStreaming: Error: Found 1 dependent packages...
[2022.10.04-19.11.13:329][  0]LogStreaming: Error:   /Game/FactoryGame/Prototype/WAT/Desc_WAT2
[2022.10.04-19.11.13:334][  0]LogActor: Warning: SetReplicates called on non-initialized actor Default__FGSimulatedWheeledVehicle. Directly setting bReplicates is the correct procedure for pre-init actors.
[2022.10.04-19.11.13:615][  0]LogPakFile: Precache HighWater 48MB

[2022.10.04-19.11.13:615][  0]LogPakFile: Precache HighWater 64MB

[2022.10.04-19.11.13:615][  0]LogSlate: InvalidateAllWidgets triggered.  All widgets were invalidated
[2022.10.04-19.11.16:396][  0]LogPakFile: Precache HighWater 80MB

[2022.10.04-19.11.16:397][  0]LogPakFile: Precache HighWater 96MB

[2022.10.04-19.11.16:397][  0]LogPakFile: Precache HighWater 112MB

[2022.10.04-19.11.16:397][  0]LogPakFile: Precache HighWater 128MB

[2022.10.04-19.11.16:397][  0]LogPakFile: Precache HighWater 144MB

[2022.10.04-19.11.16:397][  0]LogPakFile: Precache HighWater 160MB

[2022.10.04-19.11.16:397][  0]LogPakFile: Precache HighWater 176MB

[2022.10.04-19.11.16:397][  0]LogPakFile: Precache HighWater 192MB

[2022.10.04-19.11.16:397][  0]LogPakFile: Precache HighWater 208MB

[2022.10.04-19.11.16:397][  0]LogPakFile: Precache HighWater 224MB

[2022.10.04-19.11.16:397][  0]LogPakFile: Precache HighWater 240MB

[2022.10.04-19.11.16:397][  0]LogPakFile: Precache HighWater 256MB

[2022.10.04-19.11.16:397][  0]LogPakFile: Precache HighWater 272MB

[2022.10.04-19.11.16:397][  0]LogPakFile: Precache HighWater 288MB

[2022.10.04-19.11.16:397][  0]LogPakFile: Precache HighWater 304MB

[2022.10.04-19.11.16:397][  0]LogPakFile: Precache HighWater 320MB

[2022.10.04-19.11.16:397][  0]LogPakFile: Precache HighWater 336MB

[2022.10.04-19.11.16:397][  0]LogPakFile: Precache HighWater 352MB

[2022.10.04-19.11.16:397][  0]LogPakFile: Precache HighWater 368MB

[2022.10.04-19.11.16:397][  0]LogPakFile: Precache HighWater 384MB

[2022.10.04-19.11.16:397][  0]LogPakFile: Precache HighWater 400MB

[2022.10.04-19.11.16:397][  0]LogPakFile: Precache HighWater 416MB

[2022.10.04-19.11.16:397][  0]LogPakFile: Precache HighWater 432MB

[2022.10.04-19.11.16:397][  0]LogPakFile: Precache HighWater 448MB

[2022.10.04-19.11.16:397][  0]LogPakFile: Precache HighWater 464MB

[2022.10.04-19.11.16:397][  0]LogPakFile: Precache HighWater 480MB

[2022.10.04-19.11.16:397][  0]LogPakFile: Precache HighWater 496MB

[2022.10.04-19.11.16:397][  0]LogPakFile: Precache HighWater 512MB

[2022.10.04-19.11.16:397][  0]LogPakFile: Precache HighWater 528MB

[2022.10.04-19.11.16:397][  0]LogPakFile: Precache HighWater 544MB

[2022.10.04-19.11.16:397][  0]LogPakFile: Precache HighWater 560MB

[2022.10.04-19.11.16:397][  0]LogPakFile: Precache HighWater 576MB

[2022.10.04-19.11.16:397][  0]LogPakFile: Precache HighWater 592MB

[2022.10.04-19.11.16:397][  0]LogPakFile: Precache HighWater 608MB

[2022.10.04-19.11.16:397][  0]LogPakFile: Precache HighWater 624MB

[2022.10.04-19.11.16:397][  0]LogPakFile: Precache HighWater 640MB

[2022.10.04-19.11.16:397][  0]LogPakFile: Precache HighWater 656MB

[2022.10.04-19.11.16:397][  0]LogPakFile: Precache HighWater 672MB

[2022.10.04-19.11.16:397][  0]LogPakFile: Precache HighWater 688MB

[2022.10.04-19.11.16:397][  0]LogPakFile: Precache HighWater 704MB

[2022.10.04-19.11.16:397][  0]LogPakFile: Precache HighWater 720MB

[2022.10.04-19.11.16:397][  0]LogPakFile: Precache HighWater 736MB

[2022.10.04-19.11.16:397][  0]LogPakFile: Precache HighWater 752MB

[2022.10.04-19.11.16:397][  0]LogPakFile: Precache HighWater 768MB

[2022.10.04-19.11.16:397][  0]LogPakFile: Precache HighWater 784MB

[2022.10.04-19.11.16:397][  0]LogPakFile: Precache HighWater 800MB

[2022.10.04-19.11.16:397][  0]LogPakFile: Precache HighWater 816MB

[2022.10.04-19.11.16:397][  0]LogSlate: InvalidateAllWidgets triggered.  All widgets were invalidated
[2022.10.04-19.11.16:399][  0]LogSlate: InvalidateAllWidgets triggered.  All widgets were invalidated
[2022.10.04-19.11.16:399][  0]LogSlate: InvalidateAllWidgets triggered.  All widgets were invalidated
[2022.10.04-19.11.16:662][  0]LogActor: Warning: SetReplicates called on non-initialized actor Default__FGWheeledVehicleInfo. Directly setting bReplicates is the correct procedure for pre-init actors.
[2022.10.04-19.11.17:069][  0]LogAudioCaptureCore: Display: No Audio Capture implementations found. Audio input will be silent.
[2022.10.04-19.11.17:069][  0]LogAudioCaptureCore: Display: No Audio Capture implementations found. Audio input will be silent.
[2022.10.04-19.11.17:104][  0]LogPakFile: New pak file ../../../FactoryGame/Mods/RefinedRDLib/Content/Paks/WindowsNoEditor/RefinedRDLibFactoryGame-WindowsNoEditor.pak added to pak precacher.
[2022.10.04-19.11.17:105][  0]LogPakFile: New pak file ../../../FactoryGame/Mods/SML/Content/Paks/WindowsNoEditor/SMLFactoryGame-WindowsNoEditor.pak added to pak precacher.
[2022.10.04-19.11.17:106][  0]LogPakFile: New pak file ../../../FactoryGame/Mods/ModularUI/Content/Paks/WindowsNoEditor/ModularUIFactoryGame-WindowsNoEditor.pak added to pak precacher.
[2022.10.04-19.11.17:118][  0]LogNativeHookManager: Display: Attempting to resolve virtual function AFGGameMode::PostLogin. This adjustment: 0, virtual function table offset: 1888
[2022.10.04-19.11.17:118][  0]LogNativeHookManager: Display: Successfully resolved virtual function thunk AFGGameMode::PostLogin at 00007FFC94FC3614 to function implementation at 00007FFC95CEE5B0
[2022.10.04-19.11.17:118][  0]LogNativeHookManager: Display: Hooking function AFGGameMode::PostLogin: Provided address: 00007FFC94FC3614, resolved address: 00007FFC95CEE5B0
[2022.10.04-19.11.17:118][  0]LogNativeHookManager: Display: Successfully hooked function AFGGameMode::PostLogin at 00007FFC95CEE5B0
[2022.10.04-19.11.17:120][  0]LogConsoleManager: Warning: Console object named 'CSS.Debug.MarkAllItemsAsRadioActive' already exists but is being registered again, but we weren't expected it to be! (FConsoleManager::AddConsoleObject)
[2022.10.04-19.11.17:123][  0]LogTemp: Warning: Smart!:DEBUG:GamePath: E:/SteamLibrary/steamapps/common/Satisfactory/
[2022.10.04-19.11.17:123][  0]LogTemp: Warning: Smart!:ASFSubsystem::ASFSubsystem
[2022.10.04-19.11.17:161][  0]LogStreaming: Error: Couldn't find file for package /Game/FactoryGame/Buildable/Building/Foundation/PolishedConcreteSet/Build_Foundation_ConcretePolished_8x2 requested by async loading code. NameToLoad: /Game/FactoryGame/Buildable/Building/Foundation/PolishedConcreteSet/Build_Foundation_ConcretePolished_8x2
[2022.10.04-19.11.17:161][  0]LogStreaming: Error: Found 0 dependent packages...
[2022.10.04-19.11.17:851][  0]LogStreaming: Warning: LoadPackageAsync failed to begin to load a package because the supplied package name was neither a valid long package name nor a filename of a map within a content folder: '' (/AutoSplittersContinued/Buildables/Build_AutoSplitter)
[2022.10.04-19.11.17:851][  0]LogStreaming: Warning: LoadPackageAsync failed to begin to load a package because the supplied package name was neither a valid long package name nor a filename of a map within a content folder: '' (/AutoSplittersContinued/Buildables/Build_AutoSplitter)
[2022.10.04-19.11.17:851][  0]LogUObjectGlobals: Warning: Failed to find object 'Class /AutoSplittersContinued/Buildables/Build_AutoSplitter.Build_AutoSplitter_C'
[2022.10.04-19.11.17:858][  0]LogNativeHookManager: Display: Attempting to resolve virtual function AFGGameMode::PostLogin. This adjustment: 0, virtual function table offset: 1888
[2022.10.04-19.11.17:859][  0]LogNativeHookManager: Display: Successfully resolved virtual function thunk AFGGameMode::PostLogin at 00007FFC950C0394 to function implementation at 00007FFC94FE54B0
[2022.10.04-19.11.17:859][  0]LogNativeHookManager: Display: Hooking function AFGGameMode::PostLogin: Provided address: 00007FFC950C0394, resolved address: 00007FFC94FE54B0
[2022.10.04-19.11.17:859][  0]LogNativeHookManager: Display: Successfully hooked function AFGGameMode::PostLogin at 00007FFC94FE54B0
[2022.10.04-19.11.17:859][  0]LogSatisfactoryModLoader: Display: Satisfactory Mod Loader v.3.4.0+79 pre-initializing...
[2022.10.04-19.11.17:859][  0]LogSatisfactoryModLoader: Display: Build Date: Oct  2 2022 05:07:21
[2022.10.04-19.11.17:860][  0]LogSatisfactoryModLoader: Display: Successfully loaded SML configuration from disk
[2022.10.04-19.11.17:860][  0]LogSatisfactoryModLoader: Display: Version check passed successfully! Game Changelist: 202470
[2022.10.04-19.11.17:860][  0]LogSatisfactoryModLoader: Display: Pre-initialization finished!
[2022.10.04-19.11.17:876][  0]LogUObjectArray: 93434 objects as part of root set at end of initial load.
[2022.10.04-19.11.17:876][  0]LogUObjectArray: 28 objects are not in the root set, but can never be destroyed because they are in the DisregardForGC set.
[2022.10.04-19.11.17:876][  0]LogUObjectAllocator: 29368544 out of 0 bytes used by permanent object pool.
[2022.10.04-19.11.17:876][  0]LogUObjectArray: CloseDisregardForGC: 93434/93434 objects in disregard for GC pool
[2022.10.04-19.11.17:877][  0]LogEngine: Initializing Engine...
[2022.10.04-19.11.17:877][  0]LogLinker: AddRedirectList(UModContentRemapper::Initialize) has substring redirect /Game/ComplementMoreMilestone/, these are very slow and should be resolved as soon as possible!
[2022.10.04-19.11.17:877][  0]LogLinker: AddRedirectList(UModContentRemapper::Initialize) has substring redirect /Game/MiniMap/, these are very slow and should be resolved as soon as possible!
[2022.10.04-19.11.17:877][  0]LogLinker: AddRedirectList(UModContentRemapper::Initialize) has substring redirect /Game/MK22k20/, these are very slow and should be resolved as soon as possible!
[2022.10.04-19.11.17:877][  0]LogLinker: AddRedirectList(UModContentRemapper::Initialize) has substring redirect /Game/MoreMilestones/, these are very slow and should be resolved as soon as possible!
[2022.10.04-19.11.17:878][  0]LogLinker: AddRedirectList(UModContentRemapper::Initialize) has substring redirect /Game/ModularUI/, these are very slow and should be resolved as soon as possible!
[2022.10.04-19.11.17:878][  0]LogLinker: AddRedirectList(UModContentRemapper::Initialize) has substring redirect /Game/OtherComp3/, these are very slow and should be resolved as soon as possible!
[2022.10.04-19.11.17:878][  0]LogLinker: AddRedirectList(UModContentRemapper::Initialize) has substring redirect /Game/RefinedPower/, these are very slow and should be resolved as soon as possible!
[2022.10.04-19.11.17:878][  0]LogLinker: AddRedirectList(UModContentRemapper::Initialize) has substring redirect /Game/RefinedRDLib/, these are very slow and should be resolved as soon as possible!
[2022.10.04-19.11.17:878][  0]LogLinker: AddRedirectList(UModContentRemapper::Initialize) has substring redirect /Game/SmartFoundations/, these are very slow and should be resolved as soon as possible!
[2022.10.04-19.11.17:878][  0]LogLinker: AddRedirectList(UModContentRemapper::Initialize) has substring redirect /Game/SML/, these are very slow and should be resolved as soon as possible!
[2022.10.04-19.11.17:878][  0]LogLinker: AddRedirectList(UModContentRemapper::Initialize) has substring redirect /Game/UtilityMod/, these are very slow and should be resolved as soon as possible!
[2022.10.04-19.11.17:878][  0]LogSatisfactoryModLoader: Registered 11 plugin content remaps
[2022.10.04-19.11.17:881][  0]LogStats: UGameplayTagsManager::InitializeManager -  0.001 s
[2022.10.04-19.11.17:947][  0]LogAssetManager: Warning: Ignoring PrimaryAssetType Profiling - Conflicts with Map
[2022.10.04-19.11.17:949][  0]LogInit: Initializing FReadOnlyCVARCache
[2022.10.04-19.11.17:949][  0]LogAudio: Display: Initializing Audio Device Manager...
[2022.10.04-19.11.17:953][  0]LogAudio: Display: Audio Device Manager Initialized
[2022.10.04-19.11.17:953][  0]LogAudio: Display: Creating Audio Device:                 Id: 1, Scope: Shared, Realtime: True
[2022.10.04-19.11.17:953][  0]LogAudioMixer: Display: Audio Mixer Platform Settings:
[2022.10.04-19.11.17:953][  0]LogAudioMixer: Display: 	Sample Rate:						  48000
[2022.10.04-19.11.17:953][  0]LogAudioMixer: Display: 	Callback Buffer Frame Size Requested: 1024
[2022.10.04-19.11.17:953][  0]LogAudioMixer: Display: 	Callback Buffer Frame Size To Use:	  1024
[2022.10.04-19.11.17:953][  0]LogAudioMixer: Display: 	Number of buffers to queue:			  2
[2022.10.04-19.11.17:953][  0]LogAudioMixer: Display: 	Max Channels (voices):				  32
[2022.10.04-19.11.17:953][  0]LogAudioMixer: Display: 	Number of Async Source Workers:		  0
[2022.10.04-19.11.17:953][  0]LogAudio: Display: AudioDevice MaxSources: 32
[2022.10.04-19.11.17:953][  0]LogAudio: Display: Using built-in audio occlusion.
[2022.10.04-19.11.17:953][  0]LogAudioMixer: Display: Initializing audio mixer.
[2022.10.04-19.11.17:975][  0]LogAudioDebug: Display: Lib vorbis DLL was dynamically loaded.
[2022.10.04-19.11.17:979][  0]LogAudioMixer: Display: 0: FrontLeft
[2022.10.04-19.11.17:979][  0]LogAudioMixer: Display: 1: FrontRight
[2022.10.04-19.11.17:999][  0]LogAudioMixer: Display: Using Audio Device Speakers (High Definition Audio Device)
[2022.10.04-19.11.18:000][  0]LogAudioMixer: Display: Initializing Sound Submixes...
[2022.10.04-19.11.18:001][  0]LogAudioMixer: Display: Creating Master Submix 'MasterSubmixDefault'
[2022.10.04-19.11.18:001][  0]LogAudioMixer: Display: Creating Master Submix 'MasterReverbSubmixDefault'
[2022.10.04-19.11.18:003][  0]LogAudioMixer: Display: Creating Master Submix 'MasterEQSubmixDefault'
[2022.10.04-19.11.18:003][  0]LogAudioMixer: FMixerPlatformXAudio2::StartAudioStream() called
[2022.10.04-19.11.18:003][  0]LogAudioMixer: Display: Output buffers initialized: Frames=1024, Channels=2, Samples=2048
[2022.10.04-19.11.18:004][  0]LogAudioMixer: Display: Starting AudioMixerPlatformInterface::RunInternal()
[2022.10.04-19.11.18:004][  0]LogAudioMixer: Display: FMixerPlatformXAudio2::SubmitBuffer() called for the first time
[2022.10.04-19.11.18:004][  0]LogInit: FAudioDevice initialized.
[2022.10.04-19.11.18:007][  0]LogNetVersion: Set ProjectVersion to 0.0.1.0. Version Checksum will be recalculated on next use.
[2022.10.04-19.11.18:007][  0]LogInit: Texture streaming: Enabled
[2022.10.04-19.11.24:335][  0]LogPakFile: New pak file ../../../FactoryGame/Mods/MiniMap/Content/Paks/WindowsNoEditor/MiniMapFactoryGame-WindowsNoEditor.pak added to pak precacher.
[2022.10.04-19.11.24:335][  0]LogPakFile: New pak file ../../../FactoryGame/Mods/MK22k20/Content/Paks/WindowsNoEditor/MK22k20FactoryGame-WindowsNoEditor.pak added to pak precacher.
[2022.10.04-19.11.24:335][  0]LogStreaming: Error: Couldn't find file for package /Game/Utils/Textures/Debug_SF requested by async loading code. NameToLoad: /Game/Utils/Textures/Debug_SF
[2022.10.04-19.11.24:335][  0]LogStreaming: Error: This will hitch streaming because it ends up searching the disk instead of finding the file in the pak file.
[2022.10.04-19.11.24:335][  0]LogStreaming: Error: Found 1 dependent packages...
[2022.10.04-19.11.24:335][  0]LogStreaming: Error:   /MK22k20/Buildable/QuantumServer/source/screen_inst
[2022.10.04-19.11.24:335][  0]LogStreaming: Error: Couldn't find file for package /Game/Utils/Textures/Debug_N requested by async loading code. NameToLoad: /Game/Utils/Textures/Debug_N
[2022.10.04-19.11.24:335][  0]LogStreaming: Error: This will hitch streaming because it ends up searching the disk instead of finding the file in the pak file.
[2022.10.04-19.11.24:335][  0]LogStreaming: Error: Found 1 dependent packages...
[2022.10.04-19.11.24:335][  0]LogStreaming: Error:   /MK22k20/Buildable/QuantumServer/source/screen_inst
[2022.10.04-19.11.24:335][  0]LogStreaming: Error: Couldn't find file for package /Game/Utils/Textures/Debug_AB requested by async loading code. NameToLoad: /Game/Utils/Textures/Debug_AB
[2022.10.04-19.11.24:335][  0]LogStreaming: Error: This will hitch streaming because it ends up searching the disk instead of finding the file in the pak file.
[2022.10.04-19.11.24:335][  0]LogStreaming: Error: Found 1 dependent packages...
[2022.10.04-19.11.24:336][  0]LogStreaming: Error:   /MK22k20/Buildable/QuantumServer/source/screen_inst
[2022.10.04-19.11.24:336][  0]LogPakFile: New pak file ../../../FactoryGame/Mods/MoreMilestones/Content/Paks/WindowsNoEditor/MoreMilestonesFactoryGame-WindowsNoEditor.pak added to pak precacher.
[2022.10.04-19.11.24:336][  0]LogPakFile: New pak file ../../../FactoryGame/Mods/OtherComp3/Content/Paks/WindowsNoEditor/OtherComp3FactoryGame-WindowsNoEditor.pak added to pak precacher.
[2022.10.04-19.11.24:336][  0]LogPakFile: New pak file ../../../FactoryGame/Mods/ComplementMoreMilestone/Content/Paks/WindowsNoEditor/ComplementMoreMilestoneFactoryGame-WindowsNoEditor.pak added to pak precacher.
[2022.10.04-19.11.24:336][  0]LogStreaming: Error: Couldn't find file for package /Game/FactoryGame/World/Environment/Foliage/Fungi/MushroomPlant_01/MushroomPlant_01 requested by async loading code. NameToLoad: /Game/FactoryGame/World/Environment/Foliage/Fungi/MushroomPlant_01/MushroomPlant_01
[2022.10.04-19.11.24:336][  0]LogStreaming: Error: This will hitch streaming because it ends up searching the disk instead of finding the file in the pak file.
[2022.10.04-19.11.24:336][  0]LogStreaming: Error: Found 1 dependent packages...
[2022.10.04-19.11.24:336][  0]LogStreaming: Error:   /MoreMilestones/Rewards/ToxicExtractor/Build_ToxicExtractor
[2022.10.04-19.11.24:336][  0]LogStreaming: Error: Couldn't find file for package /Game/FactoryGame/World/Environment/Rock/SmoothRock/Mesh/SmoothRock_04 requested by async loading code. NameToLoad: /Game/FactoryGame/World/Environment/Rock/SmoothRock/Mesh/SmoothRock_04
[2022.10.04-19.11.24:336][  0]LogStreaming: Error: This will hitch streaming because it ends up searching the disk instead of finding the file in the pak file.
[2022.10.04-19.11.24:336][  0]LogStreaming: Error: Found 1 dependent packages...
[2022.10.04-19.11.24:336][  0]LogStreaming: Error:   /MoreMilestones/Rewards/ToxicReactor/Build_ToxicReactor
[2022.10.04-19.11.24:336][  0]LogStreaming: Error: Couldn't find file for package /Game/FactoryGame/World/Environment/Rock/SmoothRock/Mesh/SmoothRock_02 requested by async loading code. NameToLoad: /Game/FactoryGame/World/Environment/Rock/SmoothRock/Mesh/SmoothRock_02
[2022.10.04-19.11.24:336][  0]LogStreaming: Error: This will hitch streaming because it ends up searching the disk instead of finding the file in the pak file.
[2022.10.04-19.11.24:336][  0]LogStreaming: Error: Found 1 dependent packages...
[2022.10.04-19.11.24:336][  0]LogStreaming: Error:   /MoreMilestones/Rewards/ToxicReactor/Build_ToxicReactor
[2022.10.04-19.11.24:336][  0]LogStreaming: Error: Couldn't find file for package /Game/FactoryGame/Buildable/Vehicle/Truck/UI/Truck_512 requested by async loading code. NameToLoad: /Game/FactoryGame/Buildable/Vehicle/Truck/UI/Truck_512
[2022.10.04-19.11.24:336][  0]LogStreaming: Error: This will hitch streaming because it ends up searching the disk instead of finding the file in the pak file.
[2022.10.04-19.11.24:336][  0]LogStreaming: Error: Found 1 dependent packages...
[2022.10.04-19.11.24:336][  0]LogStreaming: Error:   /MoreMilestones/Rewards/BigConstructor/BigTruck/Desc_DecorativeTruck
[2022.10.04-19.11.24:336][  0]LogStreaming: Error: Couldn't find file for package /Game/FactoryGame/Buildable/Vehicle/Truck/UI/Truck_256 requested by async loading code. NameToLoad: /Game/FactoryGame/Buildable/Vehicle/Truck/UI/Truck_256
[2022.10.04-19.11.24:336][  0]LogStreaming: Error: This will hitch streaming because it ends up searching the disk instead of finding the file in the pak file.
[2022.10.04-19.11.24:336][  0]LogStreaming: Error: Found 1 dependent packages...
[2022.10.04-19.11.24:336][  0]LogStreaming: Error:   /MoreMilestones/Rewards/BigConstructor/BigTruck/Desc_DecorativeTruck
[2022.10.04-19.11.24:336][  0]LogStreaming: Error: Couldn't find file for package /Game/FactoryGame/Buildable/Vehicle/Tractor/UI/Tractor_512 requested by async loading code. NameToLoad: /Game/FactoryGame/Buildable/Vehicle/Tractor/UI/Tractor_512
[2022.10.04-19.11.24:336][  0]LogStreaming: Error: This will hitch streaming because it ends up searching the disk instead of finding the file in the pak file.
[2022.10.04-19.11.24:336][  0]LogStreaming: Error: Found 1 dependent packages...
[2022.10.04-19.11.24:336][  0]LogStreaming: Error:   /MoreMilestones/Rewards/BigConstructor/BigTractor/Desc_DecorativeTractor
[2022.10.04-19.11.24:336][  0]LogStreaming: Error: Couldn't find file for package /Game/FactoryGame/Buildable/Vehicle/Tractor/UI/Tractor_256 requested by async loading code. NameToLoad: /Game/FactoryGame/Buildable/Vehicle/Tractor/UI/Tractor_256
[2022.10.04-19.11.24:336][  0]LogStreaming: Error: This will hitch streaming because it ends up searching the disk instead of finding the file in the pak file.
[2022.10.04-19.11.24:336][  0]LogStreaming: Error: Found 1 dependent packages...
[2022.10.04-19.11.24:336][  0]LogStreaming: Error:   /MoreMilestones/Rewards/BigConstructor/BigTractor/Desc_DecorativeTractor
[2022.10.04-19.11.24:336][  0]LogStreaming: Error: Couldn't find file for package /Game/FactoryGame/Buildable/Vehicle/Explorer/UI/Explorer_512 requested by async loading code. NameToLoad: /Game/FactoryGame/Buildable/Vehicle/Explorer/UI/Explorer_512
[2022.10.04-19.11.24:336][  0]LogStreaming: Error: This will hitch streaming because it ends up searching the disk instead of finding the file in the pak file.
[2022.10.04-19.11.24:336][  0]LogStreaming: Error: Found 1 dependent packages...
[2022.10.04-19.11.24:336][  0]LogStreaming: Error:   /MoreMilestones/Rewards/BigConstructor/BigExplorer/Desc_DecorativeExplorer
[2022.10.04-19.11.24:336][  0]LogStreaming: Error: Couldn't find file for package /Game/FactoryGame/Buildable/Vehicle/Explorer/UI/Explorer_256 requested by async loading code. NameToLoad: /Game/FactoryGame/Buildable/Vehicle/Explorer/UI/Explorer_256
[2022.10.04-19.11.24:336][  0]LogStreaming: Error: This will hitch streaming because it ends up searching the disk instead of finding the file in the pak file.
[2022.10.04-19.11.24:336][  0]LogStreaming: Error: Found 1 dependent packages...
[2022.10.04-19.11.24:336][  0]LogStreaming: Error:   /MoreMilestones/Rewards/BigConstructor/BigExplorer/Desc_DecorativeExplorer
[2022.10.04-19.11.24:336][  0]LogStreaming: Error: Couldn't find file for package /Game/FactoryGame/Buildable/Factory/AssemblerMk1/Mesh/AssemblerMk1_skl requested by async loading code. NameToLoad: /Game/FactoryGame/Buildable/Factory/AssemblerMk1/Mesh/AssemblerMk1_skl
[2022.10.04-19.11.24:336][  0]LogStreaming: Error: This will hitch streaming because it ends up searching the disk instead of finding the file in the pak file.
[2022.10.04-19.11.24:336][  0]LogStreaming: Error: Found 1 dependent packages...
[2022.10.04-19.11.24:336][  0]LogStreaming: Error:   /MoreMilestones/Rewards/TheAssemblerandDisassembler/Build_AssDisass
[2022.10.04-19.11.24:336][  0]LogStreaming: Error: Couldn't find file for package /Game/FactoryGame/Buildable/Factory/GeneratorCoal/Mesh/GeneratorCoal_skl requested by async loading code. NameToLoad: /Game/FactoryGame/Buildable/Factory/GeneratorCoal/Mesh/GeneratorCoal_skl
[2022.10.04-19.11.24:336][  0]LogStreaming: Error: This will hitch streaming because it ends up searching the disk instead of finding the file in the pak file.
[2022.10.04-19.11.24:336][  0]LogStreaming: Error: Found 1 dependent packages...
[2022.10.04-19.11.24:336][  0]LogStreaming: Error:   /MoreMilestones/Rewards/Coal/Build_SupremeWasteBurner
[2022.10.04-19.11.24:336][  0]LogStreaming: Error: Couldn't find file for package /Game/FactoryGame/Buildable/Factory/GeneratorBiomass/Mesh/GeneratorBiomass_skl requested by async loading code. NameToLoad: /Game/FactoryGame/Buildable/Factory/GeneratorBiomass/Mesh/GeneratorBiomass_skl
[2022.10.04-19.11.24:336][  0]LogStreaming: Error: This will hitch streaming because it ends up searching the disk instead of finding the file in the pak file.
[2022.10.04-19.11.24:336][  0]LogStreaming: Error: Found 1 dependent packages...
[2022.10.04-19.11.24:336][  0]LogStreaming: Error:   /MoreMilestones/Rewards/Coal/Build_SyntheticHeliumReactor
[2022.10.04-19.11.24:336][  0]LogStreaming: Error: Couldn't find file for package /Game/FactoryGame/Buildable/Factory/GeneratorGeoThermal/Mesh/GeneratorGeoThermal_skl_Skeleton requested by async loading code. NameToLoad: /Game/FactoryGame/Buildable/Factory/GeneratorGeoThermal/Mesh/GeneratorGeoThermal_skl_Skeleton
[2022.10.04-19.11.24:336][  0]LogStreaming: Error: This will hitch streaming because it ends up searching the disk instead of finding the file in the pak file.
[2022.10.04-19.11.24:336][  0]LogStreaming: Error: Found 1 dependent packages...
[2022.10.04-19.11.24:336][  0]LogStreaming: Error:   /OtherComp3/GeneratorGeoThermal_skl
[2022.10.04-19.11.24:336][  0]LogStreaming: Error: Couldn't find file for package /Game/FactoryGame/Equipment/Cup/Mesh/SK_Cup_PhysicsAsset requested by async loading code. NameToLoad: /Game/FactoryGame/Equipment/Cup/Mesh/SK_Cup_PhysicsAsset
[2022.10.04-19.11.24:337][  0]LogStreaming: Error: This will hitch streaming because it ends up searching the disk instead of finding the file in the pak file.
[2022.10.04-19.11.24:337][  0]LogStreaming: Error: Found 1 dependent packages...
[2022.10.04-19.11.24:337][  0]LogStreaming: Error:   /OtherComp3/Meshs_SK/SK_Cup
[2022.10.04-19.11.24:337][  0]LogStreaming: Error: Couldn't find file for package /Game/FactoryGame/Buildable/Factory/FoundryMk1/Mesh/FoundryMk1_skl_Skeleton requested by async loading code. NameToLoad: /Game/FactoryGame/Buildable/Factory/FoundryMk1/Mesh/FoundryMk1_skl_Skeleton
[2022.10.04-19.11.24:337][  0]LogStreaming: Error: This will hitch streaming because it ends up searching the disk instead of finding the file in the pak file.
[2022.10.04-19.11.24:337][  0]LogStreaming: Error: Found 1 dependent packages...
[2022.10.04-19.11.24:337][  0]LogStreaming: Error:   /OtherComp3/Meshs_SK/FoundryMk1_skl
[2022.10.04-19.11.24:337][  0]LogStreaming: Error: Couldn't find file for package /Game/FactoryGame/Buildable/Factory/FoundryMk1/Mesh/FoundryMk1_skl_PhysicsAsset requested by async loading code. NameToLoad: /Game/FactoryGame/Buildable/Factory/FoundryMk1/Mesh/FoundryMk1_skl_PhysicsAsset
[2022.10.04-19.11.24:337][  0]LogStreaming: Error: This will hitch streaming because it ends up searching the disk instead of finding the file in the pak file.
[2022.10.04-19.11.24:337][  0]LogStreaming: Error: Found 1 dependent packages...
[2022.10.04-19.11.24:337][  0]LogStreaming: Error:   /OtherComp3/Meshs_SK/FoundryMk1_skl
[2022.10.04-19.11.24:337][  0]LogWindows: Windows GetLastError: The operation completed successfully. (0)
[2022.10.04-19.12.24:335][  0]LogThreadingWindows: Error: Runnable thread FAsyncLoadingThread crashed.
[2022.10.04-19.12.24:335][  0]LogWindows: Error: === Critical error: ===
[2022.10.04-19.12.24:335][  0]LogWindows: Error: 
[2022.10.04-19.12.24:335][  0]LogWindows: Error: Assertion failed: SerializeNum >= 0 [File:D:\ws\SB-220602145101-842\UE4\Engine\Source\Runtime\Core\Public\Containers/Array.h] [Line: 1152] 
[2022.10.04-19.12.24:335][  0]LogWindows: Error: 
[2022.10.04-19.12.24:335][  0]LogWindows: Error: 
[2022.10.04-19.12.24:335][  0]LogWindows: Error: 
[2022.10.04-19.12.24:335][  0]LogWindows: Error: 
[2022.10.04-19.12.24:335][  0]LogWindows: Error: Crash in runnable thread FAsyncLoadingThread
[2022.10.04-19.12.24:963][  0]LogExit: Executing StaticShutdownAfterError
[2022.10.04-19.12.24:963][  0]LogWindows: FPlatformMisc::RequestExit(1)
[2022.10.04-19.12.24:963][  0]LogCore: Engine exit requested (reason: Win RequestExit)
[2022.10.04-19.12.24:996][  0]Log file closed, 10/04/22 16:12:24
