Log file open, 08/09/23 18:18:44
LogInit: Display: Running engine for game: FactoryGame
LogInit: Display: Project file not found: E:/SteamLibrary/steamapps/common/Satisfactory/FactoryGame/FactoryGame.uproject
LogInit: Display: 	Attempting to find via project info helper.
LogUProjectInfo: Found projects:
LogPakFile: Display: Found Pak file ../../../FactoryGame/Content/Paks/FactoryGame-WindowsNoEditor.pak attempting to mount.
LogPakFile: Display: Mounting pak file ../../../FactoryGame/Content/Paks/FactoryGame-WindowsNoEditor.pak.
LogPakFile: PakFile PrimaryIndexSize=870482
LogPakFile: PakFile PathHashIndexSize=807552
LogPakFile: PakFile FullDirectoryIndexSize=2276059
LogPakFile: OnPakFileMounted2Time == 0.000018
LogPlatformFile: Not using cached read wrapper
LogTaskGraph: Started task graph with 4 named threads and 13 total threads with 3 sets of task threads.
LogD3D11RHI: Loaded GFSDK_Aftermath_Lib.x64.dll
LogICUInternationalization: ICU TimeZone Detection - Raw Offset: -3:00, Platform Override: ''
LogPluginManager: Mounting plugin ReplicationGraph
LogPluginManager: Mounting plugin DTLSHandlerComponent
LogPluginManager: Mounting plugin Wwise
LogPluginManager: Mounting plugin GeometryMode
LogPluginManager: Mounting plugin ApexDestruction
LogPluginManager: Mounting plugin BlueprintStats
LogPluginManager: Mounting plugin OnlineFramework
LogPluginManager: Mounting plugin OnlineSubsystem
LogPluginManager: Mounting plugin OnlineSubsystemUtils
LogPluginManager: Mounting plugin LensDistortion
LogPluginManager: Mounting plugin WindowsDeviceProfileSelector
LogPluginManager: Mounting plugin SteamController
LogPluginManager: Mounting plugin SteamShared
LogPluginManager: Mounting plugin RawInput
LogPluginManager: Mounting plugin MfMedia
LogPluginManager: Mounting plugin OnlineSubsystemSteam
LogPluginManager: Mounting plugin OnlineSubsystemEOS
LogPluginManager: Mounting plugin SignificanceManager
LogPluginManager: Mounting plugin PythonScriptPlugin
LogPluginManager: Mounting plugin EditorScriptingUtilities
LogPluginManager: Mounting plugin EditorTests
LogPluginManager: Mounting plugin FbxAutomationTestBuilder
LogPluginManager: Mounting plugin FunctionalTestingEditor
LogPluginManager: Mounting plugin RuntimeTests
LogPluginManager: Mounting plugin ScreenshotTools
LogPluginManager: Mounting plugin Landmass
LogPluginManager: Mounting plugin ControlRig
LogPluginManager: Mounting plugin LevelSequenceEditor
LogPluginManager: Mounting plugin FullBodyIK
LogPluginManager: Mounting plugin DSTelemetry
LogPluginManager: Mounting plugin AbstractInstance
LogPluginManager: Mounting plugin CSSEditorToolsExtension
LogPluginManager: Mounting plugin Paper2D
LogPluginManager: Mounting plugin AISupport
LogPluginManager: Mounting plugin EnvironmentQueryEditor
LogPluginManager: Mounting plugin LightPropagationVolume
LogPluginManager: Mounting plugin AnimationSharing
LogPluginManager: Mounting plugin PluginUtils
LogPluginManager: Mounting plugin PropertyAccessEditor
LogPluginManager: Mounting plugin UObjectPlugin
LogPluginManager: Mounting plugin AssetManagerEditor
LogPluginManager: Mounting plugin FacialAnimation
LogPluginManager: Mounting plugin SpeedTreeImporter
LogPluginManager: Mounting plugin DatasmithContent
LogPluginManager: Mounting plugin VariantManagerContent
LogPluginManager: Mounting plugin AlembicImporter
LogPluginManager: Mounting plugin GeometryCache
LogPluginManager: Mounting plugin AutomationUtils
LogPluginManager: Mounting plugin BackChannel
LogPluginManager: Mounting plugin ChaosClothEditor
LogPluginManager: Mounting plugin ChaosCloth
LogPluginManager: Mounting plugin ChaosEditor
LogPluginManager: Mounting plugin PlanarCut
LogPluginManager: Mounting plugin GeometryProcessing
LogPluginManager: Mounting plugin EditableMesh
LogPluginManager: Mounting plugin GeometryCollectionPlugin
LogPluginManager: Mounting plugin ProceduralMeshComponent
LogPluginManager: Mounting plugin ChaosSolverPlugin
LogPluginManager: Mounting plugin ChaosNiagara
LogPluginManager: Mounting plugin Niagara
LogPluginManager: Mounting plugin CharacterAI
LogPluginManager: Mounting plugin MotoSynth
LogPluginManager: Mounting plugin PlatformCrypto
LogPluginManager: Mounting plugin MagicLeapPassableWorld
LogPluginManager: Mounting plugin MLSDK
LogPluginManager: Mounting plugin ImgMedia
LogPluginManager: Mounting plugin MediaCompositing
LogPluginManager: Mounting plugin WmfMedia
LogPluginManager: Mounting plugin MeshPainting
LogPluginManager: Mounting plugin TcpMessaging
LogPluginManager: Mounting plugin UdpMessaging
LogPluginManager: Mounting plugin ActorSequence
LogPluginManager: Mounting plugin MatineeToLevelSequence
LogPluginManager: Mounting plugin TemplateSequence
LogPluginManager: Mounting plugin OnlineSubsystemNull
LogPluginManager: Mounting plugin LauncherChunkInstaller
LogPluginManager: Mounting plugin ActorLayerUtilities
LogPluginManager: Mounting plugin AppleImageUtils
LogPluginManager: Mounting plugin AssetTags
LogPluginManager: Mounting plugin AudioCapture
LogPluginManager: Mounting plugin CableComponent
LogPluginManager: Mounting plugin ChunkDownloader
LogPluginManager: Mounting plugin CustomMeshComponent
LogPluginManager: Mounting plugin ExampleDeviceProfileSelector
LogPluginManager: Mounting plugin GooglePAD
LogPluginManager: Mounting plugin PhysXVehicles
LogPluginManager: Mounting plugin RuntimePhysXCooking
LogPluginManager: Mounting plugin SoundFields
LogPluginManager: Mounting plugin Synthesis
LogPluginManager: Mounting plugin AudioSynesthesia
LogPluginManager: Mounting plugin WebMMoviePlayer
LogPluginManager: Mounting plugin WebMMedia
LogPluginManager: Mounting plugin WindowsMoviePlayer
LogPluginManager: Mounting plugin ArmorModules
LogPluginManager: Mounting plugin ArmorModules_Defense
LogPluginManager: Mounting plugin ArmorModules_Flight
LogPluginManager: Mounting plugin ArmorModules_Mobility
LogPluginManager: Mounting plugin ArmorModules_PowerGeneration
LogPluginManager: Mounting plugin ArmorModules_Special
LogPluginManager: Mounting plugin ArmorModules_SuitRegulation
LogPluginManager: Mounting plugin ArmorModules__Modpack_All
LogPluginManager: Mounting plugin BigStorageTank
LogPluginManager: Mounting plugin EfficiencyCheckerMod
LogPluginManager: Mounting plugin MAMTips
LogPluginManager: Mounting plugin MarcioCommonLibs
LogPluginManager: Mounting plugin MicroManage
LogPluginManager: Mounting plugin ModularUI
LogPluginManager: Mounting plugin PowerSuit
LogPluginManager: Mounting plugin RefinedPower
LogPluginManager: Found config from plugin[RefinedPower] C:/Users/red/AppData/Local/FactoryGame/Saved/Config/WindowsNoEditor/Engine.ini
LogPluginManager: Mounting plugin MK22k20
LogPluginManager: Mounting plugin RefinedRDLib
LogPluginManager: Mounting plugin SML
LogPluginManager: Mounting plugin SS_Mod
LogPluginManager: Mounting plugin UtilityMod
LogPakFile: PakFile PrimaryIndexSize=13428
LogPakFile: PakFile PathHashIndexSize=13376
LogPakFile: PakFile FullDirectoryIndexSize=46142
LogPakFile: OnPakFileMounted2Time == 0.000019
LogPakFile: PakFile PrimaryIndexSize=2588
LogPakFile: PakFile PathHashIndexSize=2497
LogPakFile: PakFile FullDirectoryIndexSize=8908
LogPakFile: OnPakFileMounted2Time == 0.000021
LogPakFile: PakFile PrimaryIndexSize=2239
LogPakFile: PakFile PathHashIndexSize=2149
LogPakFile: PakFile FullDirectoryIndexSize=7438
LogPakFile: OnPakFileMounted2Time == 0.000022
LogPakFile: PakFile PrimaryIndexSize=2037
LogPakFile: PakFile PathHashIndexSize=1945
LogPakFile: PakFile FullDirectoryIndexSize=6855
LogPakFile: OnPakFileMounted2Time == 0.000023
LogPakFile: PakFile PrimaryIndexSize=2680
LogPakFile: PakFile PathHashIndexSize=2581
LogPakFile: PakFile FullDirectoryIndexSize=9117
LogPakFile: OnPakFileMounted2Time == 0.000025
LogPakFile: PakFile PrimaryIndexSize=2684
LogPakFile: PakFile PathHashIndexSize=2624
LogPakFile: PakFile FullDirectoryIndexSize=9007
LogPakFile: OnPakFileMounted2Time == 0.000026
LogPakFile: PakFile PrimaryIndexSize=2727
LogPakFile: PakFile PathHashIndexSize=2629
LogPakFile: PakFile FullDirectoryIndexSize=9131
LogPakFile: OnPakFileMounted2Time == 0.000028
LogPakFile: PakFile PrimaryIndexSize=193
LogPakFile: PakFile PathHashIndexSize=97
LogPakFile: PakFile FullDirectoryIndexSize=138
LogPakFile: OnPakFileMounted2Time == 0.000029
LogPakFile: PakFile PrimaryIndexSize=554
LogPakFile: PakFile PathHashIndexSize=416
LogPakFile: PakFile FullDirectoryIndexSize=1107
LogPakFile: OnPakFileMounted2Time == 0.000030
LogPakFile: PakFile PrimaryIndexSize=1928
LogPakFile: PakFile PathHashIndexSize=1868
LogPakFile: PakFile FullDirectoryIndexSize=6141
LogPakFile: OnPakFileMounted2Time == 0.000032
LogPakFile: PakFile PrimaryIndexSize=847
LogPakFile: PakFile PathHashIndexSize=800
LogPakFile: PakFile FullDirectoryIndexSize=2381
LogPakFile: OnPakFileMounted2Time == 0.000033
LogPakFile: PakFile PrimaryIndexSize=316
LogPakFile: PakFile PathHashIndexSize=229
LogPakFile: PakFile FullDirectoryIndexSize=571
LogPakFile: OnPakFileMounted2Time == 0.000034
LogPakFile: PakFile PrimaryIndexSize=5303
LogPakFile: PakFile PathHashIndexSize=5252
LogPakFile: PakFile FullDirectoryIndexSize=12619
LogPakFile: OnPakFileMounted2Time == 0.000036
LogPakFile: PakFile PrimaryIndexSize=11109
LogPakFile: PakFile PathHashIndexSize=10976
LogPakFile: PakFile FullDirectoryIndexSize=28332
LogPakFile: OnPakFileMounted2Time == 0.000037
LogPakFile: PakFile PrimaryIndexSize=4197
LogPakFile: PakFile PathHashIndexSize=4148
LogPakFile: PakFile FullDirectoryIndexSize=11748
LogPakFile: OnPakFileMounted2Time == 0.000038
LogPakFile: PakFile PrimaryIndexSize=25392
LogPakFile: PakFile PathHashIndexSize=25359
LogPakFile: PakFile FullDirectoryIndexSize=88048
LogPakFile: OnPakFileMounted2Time == 0.000039
LogPakFile: Warning: Failed to mount pak "../../../FactoryGame/Mods/MK22k20/Content/Paks/WindowsNoEditor/MK22k20FactoryGame-WindowsNoEditor.pak", pak is invalid.
LogPakFile: PakFile PrimaryIndexSize=2016
LogPakFile: PakFile PathHashIndexSize=1937
LogPakFile: PakFile FullDirectoryIndexSize=5431
LogPakFile: OnPakFileMounted2Time == 0.000041
LogPakFile: PakFile PrimaryIndexSize=1215
LogPakFile: PakFile PathHashIndexSize=1172
LogPakFile: PakFile FullDirectoryIndexSize=3524
LogPakFile: OnPakFileMounted2Time == 0.000042
LogPakFile: PakFile PrimaryIndexSize=67242
LogPakFile: PakFile PathHashIndexSize=67196
LogPakFile: PakFile FullDirectoryIndexSize=241089
LogPakFile: OnPakFileMounted2Time == 0.000044
LogPakFile: PakFile PrimaryIndexSize=454
LogPakFile: PakFile PathHashIndexSize=404
LogPakFile: PakFile FullDirectoryIndexSize=926
LogPakFile: OnPakFileMounted2Time == 0.000045
LogInit: Using libcurl 7.55.1-DEV
LogInit:  - built for x86_64-pc-win32
LogInit:  - supports SSL with OpenSSL/1.1.1
LogInit:  - supports HTTP deflate (compression) using libz 1.2.8
LogInit:  - other features:
LogInit:      CURL_VERSION_SSL
LogInit:      CURL_VERSION_LIBZ
LogInit:      CURL_VERSION_IPV6
LogInit:      CURL_VERSION_ASYNCHDNS
LogInit:      CURL_VERSION_LARGEFILE
LogInit:      CURL_VERSION_IDN
LogInit:  CurlRequestOptions (configurable via config and command line):
LogInit:  - bVerifyPeer = true  - Libcurl will verify peer certificate
LogInit:  - bUseHttpProxy = false  - Libcurl will NOT use HTTP proxy
LogInit:  - bDontReuseConnections = false  - Libcurl will reuse connections
LogInit:  - MaxHostConnections = 16  - Libcurl will limit the number of connections to a host
LogInit:  - LocalHostAddr = Default
LogInit:  - BufferSize = 65536
LogInit: WinSock: version 1.1 (2.2), MaxSocks=32767, MaxUdp=65467
LogOnline: OSS: Creating online subsystem instance for: EOS
LogOnline: OSS: FOnlineSubsystemEOS: Init success.
LogSteamShared: Display: Loading Steam SDK 1.47
LogSteamShared: Steam SDK Loaded!
LogOnline: OSS: Creating online subsystem instance for: STEAM
LogGenericPlatformMisc: Error: SetEnvironmentVar not implemented for this platform: SteamAppId = 526870
LogOnline: STEAM: Steam User is subscribed 1
LogOnline: STEAM: [AppId: 526870] Client API initialized 1
LogOnline: STEAM: Initializing SteamNetworking Layer
LogOnline: STEAM: Missing P2PCleanupTimeout key in OnlineSubsystemSteam of DefaultEngine.ini, using default
LogOnline: OSS: TryLoadSubsystemAndSetDefault: Loaded subsystem for module [EOS]
LogLuminAPIImpl: Warning: MLSDK not found.  This likely means the MLSDK environment variable is not set.
LogInit: Build: ++FactoryGame+rel-main-0.7.0-CL-211839
LogInit: Engine Version: 4.26.2-211839+++FactoryGame+rel-main-0.7.0
LogInit: Compatible Engine Version: 4.26.2-211839+++FactoryGame+rel-main-0.7.0
LogInit: Net CL: 211839
LogInit: OS: Windows 10 (Release 2009) (), CPU:         Intel(R) Core(TM) i5-2400 CPU @ 3.10GHz, GPU: NVIDIA GeForce GTX 1050 Ti
LogInit: Compiled (64-bit): Dec  8 2022 23:06:27
LogInit: Compiled with Visual C++: 19.34.31933.00
LogInit: Build Configuration: Shipping
LogInit: Branch Name: ++FactoryGame+rel-main-0.7.0
LogInit: Command Line:  -NO_EOS_OVERLAY
LogInit: Base Directory: E:/SteamLibrary/steamapps/common/Satisfactory/Engine/Binaries/Win64/
LogInit: Allocator: binned2
LogInit: Installed Engine Build: 1
LogInit: Launcher File: E:/SteamLibrary/steamapps/common/Satisfactory/launcher_id
LogInit: Launcher ID: steam
LogInit: Launcher Artifact: 
LogInit: Presizing for max 2097152 objects, including 1 objects not considered by GC, pre-allocating 0 bytes for permanent pool.
LogStreaming: Display: Async Loading initialized: Event Driven Loader: true, Async Loading Thread: true, Async Post Load: true
LogInit: Object subsystem initialized
[2023.08.09-21.20.11:548][  0]LogInit: Selected Device Profile: [WindowsNoEditor]
[2023.08.09-21.20.11:548][  0]LogInit: Applying CVar settings loaded from the selected device profile: [WindowsNoEditor]
[2023.08.09-21.20.11:667][  0]LogHAL: Display: Platform has ~ 12 GB [12841185280 / 17179869184 / 12], which maps to Larger [LargestMinGB=32, LargerMinGB=12, DefaultMinGB=8, SmallerMinGB=6, SmallestMinGB=0)
[2023.08.09-21.20.11:667][  0]LogInit: Going up to parent DeviceProfile [Windows]
[2023.08.09-21.20.11:667][  0]LogInit: Going up to parent DeviceProfile []
[2023.08.09-21.20.12:324][  0]LogInit: Computer: DESKTOP-C496C71
[2023.08.09-21.20.12:324][  0]LogInit: User: red
[2023.08.09-21.20.12:324][  0]LogInit: CPU Page size=4096, Cores=4
[2023.08.09-21.20.12:324][  0]LogInit: High frequency timer resolution =10.000000 MHz
[2023.08.09-21.20.12:324][  0]LogMemory: Memory total: Physical=12.0GB (12GB approx)
[2023.08.09-21.20.12:324][  0]LogMemory: Platform Memory Stats for WindowsNoEditor
[2023.08.09-21.20.12:324][  0]LogMemory: Process Physical Memory: 280.38 MB used, 281.22 MB peak
[2023.08.09-21.20.12:324][  0]LogMemory: Process Virtual Memory: 262.05 MB used, 262.05 MB peak
[2023.08.09-21.20.12:324][  0]LogMemory: Physical Memory: 7861.58 MB used,  4384.73 MB free, 12246.31 MB total
[2023.08.09-21.20.12:324][  0]LogMemory: Virtual Memory: 134205104.00 MB used,  12620.68 MB free, 134217728.00 MB total
[2023.08.09-21.20.12:488][  0]LogWindows: WindowsPlatformFeatures enabled
[2023.08.09-21.20.21:767][  0]LogInit: Physics initialised using underlying interface: PhysX
[2023.08.09-21.20.21:974][  0]LogInit: Overriding language with engine language configuration option (en-US-Posix).
[2023.08.09-21.20.21:974][  0]LogInit: Overriding language with engine locale configuration option (en-US-Posix).
[2023.08.09-21.20.22:258][  0]LogTextLocalizationResource: LocRes '../../../FactoryGame/Mods/RefinedPower/Localization/RefinedPower/en-US-POSIX/RefinedPower.locres' could not be opened for reading!
[2023.08.09-21.20.22:259][  0]LogTextLocalizationResource: LocRes '../../../Engine/Plugins/Online/OnlineFramework/Content/Localization/OnlineFramework/en-US-POSIX/OnlineFramework.locres' could not be opened for reading!
[2023.08.09-21.20.22:259][  0]LogTextLocalizationResource: LocRes '../../../Engine/Plugins/Online/OnlineSubsystem/Content/Localization/OnlineSubsystem/en-US-POSIX/OnlineSubsystem.locres' could not be opened for reading!
[2023.08.09-21.20.22:259][  0]LogTextLocalizationResource: LocRes '../../../Engine/Plugins/Online/OnlineSubsystemUtils/Content/Localization/OnlineSubsystemUtils/en-US-POSIX/OnlineSubsystemUtils.locres' could not be opened for reading!
[2023.08.09-21.20.22:259][  0]LogTextLocalizationResource: LocRes '../../../Engine/Plugins/Online/OnlineSubsystemSteam/Content/Localization/OnlineSubsystemSteam/en-US-POSIX/OnlineSubsystemSteam.locres' could not be opened for reading!
[2023.08.09-21.20.22:817][  0]LogWindowsTextInputMethodSystem: Display: IME system deactivated.
[2023.08.09-21.20.25:195][  0]LogSlate: New Slate User Created.  User Index 0, Is Virtual User: 0
[2023.08.09-21.20.25:195][  0]LogSlate: Slate User Registered.  User Index 0, Is Virtual User: 0
[2023.08.09-21.20.26:809][  0]LogD3D12RHI: Aftermath initialized
[2023.08.09-21.20.28:660][  0]LogD3D12RHI: Found D3D12 adapter 0: NVIDIA GeForce GTX 1050 Ti (Max supported Feature Level 12_1)
[2023.08.09-21.20.28:660][  0]LogD3D12RHI: Adapter has 4017MB of dedicated video memory, 0MB of dedicated system memory, and 6123MB of shared system memory, 1 output[s]
[2023.08.09-21.20.30:241][  0]LogD3D12RHI: Found D3D12 adapter 1: Microsoft Basic Render Driver (Max supported Feature Level 12_1)
[2023.08.09-21.20.30:241][  0]LogD3D12RHI: Adapter has 0MB of dedicated video memory, 0MB of dedicated system memory, and 6123MB of shared system memory, 0 output[s]
[2023.08.09-21.20.30:268][  0]LogD3D12RHI: Chosen D3D12 Adapter Id = 0
[2023.08.09-21.20.30:327][  0]LogD3D12RHI: InitD3DDevice: -D3DDebug = off -D3D12GPUValidation = off
[2023.08.09-21.20.30:530][  0]LogD3D12RHI: The system supports ID3D12Device1.
[2023.08.09-21.20.30:531][  0]LogD3D12RHI: The system supports ID3D12Device2.
[2023.08.09-21.20.32:841][  0]LogD3D12RHI: Display: Not using pipeline state disk cache per r.D3D12.PSO.DiskCache=0
[2023.08.09-21.20.32:841][  0]LogD3D12RHI: Display: Not using driver-optimized pipeline state disk cache per r.D3D12.PSO.DriverOptimizedDiskCache=0
[2023.08.09-21.20.33:350][  0]LogD3D12RHI:     GPU DeviceId: 0x1c82 (for the marketing name, search the web for "GPU Device Id")
[2023.08.09-21.20.33:351][  0]LogWindows: EnumDisplayDevices:
[2023.08.09-21.20.33:351][  0]LogWindows:    0. 'NVIDIA GeForce GTX 1050 Ti' (P:1 D:1)
[2023.08.09-21.20.33:351][  0]LogWindows:    1. 'NVIDIA GeForce GTX 1050 Ti' (P:0 D:0)
[2023.08.09-21.20.33:352][  0]LogWindows:    2. 'NVIDIA GeForce GTX 1050 Ti' (P:0 D:0)
[2023.08.09-21.20.33:352][  0]LogWindows:    3. 'NVIDIA GeForce GTX 1050 Ti' (P:0 D:0)
[2023.08.09-21.20.33:352][  0]LogWindows: DebugString: FoundDriverCount:4 
[2023.08.09-21.20.33:352][  0]LogD3D12RHI:     Adapter Name: NVIDIA GeForce GTX 1050 Ti
[2023.08.09-21.20.33:352][  0]LogD3D12RHI:   Driver Version: 536.23 (internal:31.0.15.3623, unified:536.23)
[2023.08.09-21.20.33:352][  0]LogD3D12RHI:      Driver Date: 6-8-2023
[2023.08.09-21.20.33:352][  0]LogRHI: Texture pool is 2151 MB (70% of 3073 MB)
[2023.08.09-21.20.33:353][  0]LogD3D12RHI: Async texture creation enabled
[2023.08.09-21.20.33:353][  0]LogD3D12RHI: RHI has support for 64 bit atomics
[2023.08.09-21.20.36:023][  0]LogRHI: GeForceNow SDK initialized: 1
[2023.08.09-21.20.36:023][  0]LogRendererCore: Ray tracing is disabled. Reason: r.RayTracing=0.
[2023.08.09-21.20.39:375][  0]LogSlate: Using FreeType 2.10.0
[2023.08.09-21.20.40:003][  0]LogSlate: SlateFontServices - WITH_FREETYPE: 1, WITH_HARFBUZZ: 1
[2023.08.09-21.20.44:722][  0]LogInit: Overriding language with engine language configuration option (en-US-Posix).
[2023.08.09-21.20.44:722][  0]LogInit: Overriding language with engine locale configuration option (en-US-Posix).
[2023.08.09-21.20.45:302][  0]LogTextLocalizationResource: LocRes '../../../FactoryGame/Mods/RefinedPower/Localization/RefinedPower/en-US-POSIX/RefinedPower.locres' could not be opened for reading!
[2023.08.09-21.20.45:303][  0]LogTextLocalizationResource: LocRes '../../../FactoryGame/Content/Localization/Game/en/Game.locres' could not be opened for reading!
[2023.08.09-21.20.45:303][  0]LogTextLocalizationResource: LocRes '../../../FactoryGame/Content/Localization/InputKeys/en/InputKeys.locres' could not be opened for reading!
[2023.08.09-21.20.45:306][  0]LogTextLocalizationManager: Compacting localization data took   0.52ms
[2023.08.09-21.20.47:359][  0]LogThreadingWindows: Error: Runnable thread OnlineAsyncTaskThreadSteam DefaultInstance crashed.
[2023.08.09-21.20.47:359][  0]LogWindows: Error: === Critical error: ===
[2023.08.09-21.20.47:359][  0]LogWindows: Error: 
[2023.08.09-21.20.47:359][  0]LogWindows: Error: Fatal error!
[2023.08.09-21.20.47:359][  0]LogWindows: Error: 
[2023.08.09-21.20.47:359][  0]LogWindows: Error: 
[2023.08.09-21.20.47:359][  0]LogWindows: Error: Crash in runnable thread OnlineAsyncTaskThreadSteam DefaultInstance
[2023.08.09-21.20.47:821][  0]LogExit: Executing StaticShutdownAfterError
[2023.08.09-21.20.47:822][  0]LogWindows: FPlatformMisc::RequestExit(1)
[2023.08.09-21.20.47:822][  0]LogCore: Engine exit requested (reason: Win RequestExit)
[2023.08.09-21.20.48:185][  0]Log file closed, 08/09/23 18:20:48
