Log file open, 05/25/23 20:52:40
LogInit: Display: Running engine for game: FactoryGame
LogInit: Display: Project file not found: E:/SteamLibrary/steamapps/common/Satisfactory/FactoryGame/FactoryGame.uproject
LogInit: Display: 	Attempting to find via project info helper.
LogUProjectInfo: Found projects:
LogPakFile: Display: Found Pak file ../../../FactoryGame/Content/Paks/FactoryGame-WindowsNoEditor.pak attempting to mount.
LogPakFile: Display: Mounting pak file ../../../FactoryGame/Content/Paks/FactoryGame-WindowsNoEditor.pak.
LogPakFile: PakFile PrimaryIndexSize=870482
LogPakFile: PakFile PathHashIndexSize=807552
LogPakFile: PakFile FullDirectoryIndexSize=2276059
LogPakFile: OnPakFileMounted2Time == 0.000012
LogPlatformFile: Not using cached read wrapper
LogTaskGraph: Started task graph with 4 named threads and 13 total threads with 3 sets of task threads.
LogD3D11RHI: Loaded GFSDK_Aftermath_Lib.x64.dll
LogICUInternationalization: ICU TimeZone Detection - Raw Offset: -3:00, Platform Override: ''
Message dialog closed, result: No, title: Missing Plugin, text: This project requires the 'ModularUI' plugin, which has a missing dependency on the 'SML' plugin.

Would you like to disable it?

If you do, you will no longer be able to open any assets created with it. If not, the application will close.
LogPluginManager: Error: Unable to load plugin 'SML'. Aborting.
LogCore: Engine exit requested (reason: EngineExit() was called)
LogExit: Preparing to exit.
LogModuleManager: Shutting down and abandoning module RenderCore (26)
LogModuleManager: Shutting down and abandoning module InstancedSplines (24)
LogModuleManager: Shutting down and abandoning module Landscape (22)
LogModuleManager: Shutting down and abandoning module SlateRHIRenderer (20)
LogModuleManager: Shutting down and abandoning module OpenGLDrv (18)
LogModuleManager: Shutting down and abandoning module D3D11RHI (16)
LogModuleManager: Shutting down and abandoning module AnimGraphRuntime (14)
LogModuleManager: Shutting down and abandoning module Renderer (12)
LogModuleManager: Shutting down and abandoning module Engine (10)
LogModuleManager: Shutting down and abandoning module CoreUObject (8)
LogModuleManager: Shutting down and abandoning module SandboxFile (6)
LogModuleManager: Shutting down and abandoning module PakFile (4)
LogModuleManager: Shutting down and abandoning module RSA (3)
LogExit: Exiting.
Log file closed, 05/25/23 20:53:07
